{"numTotalTestSuites":10,"numPassedTestSuites":10,"numFailedTestSuites":0,"numPendingTestSuites":0,"numTotalTests":24,"numPassedTests":24,"numFailedTests":0,"numPendingTests":0,"numTodoTests":0,"snapshot":{"added":0,"failure":false,"filesAdded":0,"filesRemoved":0,"filesRemovedList":[],"filesUnmatched":0,"filesUpdated":0,"matched":0,"total":0,"unchecked":0,"uncheckedKeysByFile":[],"unmatched":0,"updated":0,"didUpdate":false},"startTime":1776635832280,"success":true,"testResults":[{"assertionResults":[{"ancestorTitles":["WorkOrderFormDialog","Create mode"],"fullName":"WorkOrderFormDialog Create mode renders create dialog with service location picker","status":"passed","title":"renders create dialog with service location picker","duration":82.82925,"failureMessages":[],"meta":{}},{"ancestorTitles":["WorkOrderFormDialog","Create mode"],"fullName":"WorkOrderFormDialog Create mode shows service location search input","status":"passed","title":"shows service location search input","duration":15.630249999999933,"failureMessages":[],"meta":{}},{"ancestorTitles":["WorkOrderFormDialog","Create mode"],"fullName":"WorkOrderFormDialog Create mode has required service location field","status":"passed","title":"has required service location field","duration":13.914291000000048,"failureMessages":[],"meta":{}},{"ancestorTitles":["WorkOrderFormDialog","Edit mode"],"fullName":"WorkOrderFormDialog Edit mode renders edit dialog with populated form","status":"passed","title":"renders edit dialog with populated form","duration":25.357124999999996,"failureMessages":[],"meta":{}},{"ancestorTitles":["WorkOrderFormDialog","Edit mode"],"fullName":"WorkOrderFormDialog Edit mode pre-fills form with work order data","status":"passed","title":"pre-fills form with work order data","duration":17.699833000000012,"failureMessages":[],"meta":{}},{"ancestorTitles":["WorkOrderFormDialog","Edit mode"],"fullName":"WorkOrderFormDialog Edit mode shows status dropdown in edit mode","status":"passed","title":"shows status dropdown in edit mode","duration":15.16254200000003,"failureMessages":[],"meta":{}},{"ancestorTitles":["WorkOrderFormDialog","Dialog behavior"],"fullName":"WorkOrderFormDialog Dialog behavior calls onClose when cancel button is clicked","status":"passed","title":"calls onClose when cancel button is clicked","duration":34.490749999999935,"failureMessages":[],"meta":{}},{"ancestorTitles":["WorkOrderFormDialog","Dialog behavior"],"fullName":"WorkOrderFormDialog Dialog behavior does not render when isOpen is false","status":"passed","title":"does not render when isOpen is false","duration":1.9750409999999192,"failureMessages":[],"meta":{}},{"ancestorTitles":["WorkOrderFormDialog","Dialog behavior"],"fullName":"WorkOrderFormDialog Dialog behavior resets form when dialog opens in create mode","status":"passed","title":"resets form when dialog opens in create mode","duration":17.58579199999997,"failureMessages":[],"meta":{}},{"ancestorTitles":["WorkOrderFormDialog","Dialog behavior"],"fullName":"WorkOrderFormDialog Dialog behavior shows all form fields in create mode","status":"passed","title":"shows all form fields in create mode","duration":17.81329100000005,"failureMessages":[],"meta":{}},{"ancestorTitles":["WorkOrderFormDialog","Form validation"],"fullName":"WorkOrderFormDialog Form validation alerts when submitting without service location","status":"passed","title":"alerts when submitting without service location","duration":105.66725000000008,"failureMessages":[],"meta":{}},{"ancestorTitles":["WorkOrderFormDialog","Location selection"],"fullName":"WorkOrderFormDialog Location selection updates form data when location is selected","status":"passed","title":"updates form data when location is selected","duration":367.8182499999999,"failureMessages":[],"meta":{}},{"ancestorTitles":["WorkOrderFormDialog","Form submission"],"fullName":"WorkOrderFormDialog Form submission successfully creates work order with valid data","status":"passed","title":"successfully creates work order with valid data","duration":551.0060410000001,"failureMessages":[],"meta":{}},{"ancestorTitles":["WorkOrderFormDialog","Form submission"],"fullName":"WorkOrderFormDialog Form submission successfully updates work order in edit mode","status":"passed","title":"successfully updates work order in edit mode","duration":421.61304100000007,"failureMessages":[],"meta":{}},{"ancestorTitles":["WorkOrderFormDialog","Form submission"],"fullName":"WorkOrderFormDialog Form submission displays error when create fails","status":"passed","title":"displays error when create fails","duration":475.91666699999996,"failureMessages":[],"meta":{}},{"ancestorTitles":["WorkOrderFormDialog","Form field changes"],"fullName":"WorkOrderFormDialog Form field changes updates form fields correctly","status":"passed","title":"updates form fields correctly","duration":189.15887500000008,"failureMessages":[],"meta":{}},{"ancestorTitles":["WorkOrderFormDialog","Form field changes"],"fullName":"WorkOrderFormDialog Form field changes updates status field in edit mode","status":"passed","title":"updates status field in edit mode","duration":31.052958000000217,"failureMessages":[],"meta":{}},{"ancestorTitles":["WorkOrderFormDialog","Inline customer creation"],"fullName":"WorkOrderFormDialog Inline customer creation shows radio toggle for existing vs new customer in create mode","status":"passed","title":"shows radio toggle for existing vs new customer in create mode","duration":23.68683299999975,"failureMessages":[],"meta":{}},{"ancestorTitles":["WorkOrderFormDialog","Inline customer creation"],"fullName":"WorkOrderFormDialog Inline customer creation defaults to existing customer mode","status":"passed","title":"defaults to existing customer mode","duration":17.972124999999778,"failureMessages":[],"meta":{}},{"ancestorTitles":["WorkOrderFormDialog","Inline customer creation"],"fullName":"WorkOrderFormDialog Inline customer creation shows service location picker when existing customer is selected","status":"passed","title":"shows service location picker when existing customer is selected","duration":7.5825840000002245,"failureMessages":[],"meta":{}},{"ancestorTitles":["WorkOrderFormDialog","Inline customer creation"],"fullName":"WorkOrderFormDialog Inline customer creation shows inline customer form when new customer is selected","status":"passed","title":"shows inline customer form when new customer is selected","duration":40.273291999999856,"failureMessages":[],"meta":{}},{"ancestorTitles":["WorkOrderFormDialog","Inline customer creation"],"fullName":"WorkOrderFormDialog Inline customer creation shows address fields in new customer form","status":"passed","title":"shows address fields in new customer form","duration":63.30387500000006,"failureMessages":[],"meta":{}},{"ancestorTitles":["WorkOrderFormDialog","Inline customer creation"],"fullName":"WorkOrderFormDialog Inline customer creation shows billing address checkbox in new customer form","status":"passed","title":"shows billing address checkbox in new customer form","duration":44.46895799999993,"failureMessages":[],"meta":{}},{"ancestorTitles":["WorkOrderFormDialog","Inline customer creation"],"fullName":"WorkOrderFormDialog Inline customer creation does not show radio toggle in edit mode","status":"passed","title":"does not show radio toggle in edit mode","duration":7.867750000000342,"failureMessages":[],"meta":{}}],"startTime":1776635832867,"endTime":1776635835456.8677,"status":"passed","message":"","name":"/Users/paulwilcox/Documents/dispatch-ui/src/components/WorkOrderFormDialog.test.tsx"}],"coverageMap":{"/Users/paulwilcox/Documents/dispatch-ui/src/components/ServiceLocationPicker.tsx":{"path":"/Users/paulwilcox/Documents/dispatch-ui/src/components/ServiceLocationPicker.tsx","all":false,"statementMap":{"0":{"start":{"line":1,"column":0},"end":{"line":1,"column":57}},"1":{"start":{"line":2,"column":0},"end":{"line":2,"column":49}},"2":{"start":{"line":3,"column":0},"end":{"line":3,"column":71}},"3":{"start":{"line":4,"column":0},"end":{"line":4,"column":51}},"4":{"start":{"line":5,"column":0},"end":{"line":5,"column":41}},"14":{"start":{"line":15,"column":0},"end":{"line":15,"column":47}},"15":{"start":{"line":16,"column":0},"end":{"line":16,"column":8}},"16":{"start":{"line":17,"column":0},"end":{"line":17,"column":11}},"17":{"start":{"line":18,"column":0},"end":{"line":18,"column":29}},"18":{"start":{"line":19,"column":0},"end":{"line":19,"column":19}},"19":{"start":{"line":20,"column":0},"end":{"line":20,"column":20}},"20":{"start":{"line":21,"column":0},"end":{"line":21,"column":32}},"21":{"start":{"line":22,"column":0},"end":{"line":22,"column":53}},"22":{"start":{"line":23,"column":0},"end":{"line":23,"column":59}},"23":{"start":{"line":24,"column":0},"end":{"line":24,"column":58}},"26":{"start":{"line":27,"column":0},"end":{"line":27,"column":19}},"27":{"start":{"line":28,"column":0},"end":{"line":28,"column":36}},"28":{"start":{"line":29,"column":0},"end":{"line":29,"column":37}},"29":{"start":{"line":30,"column":0},"end":{"line":30,"column":12}},"30":{"start":{"line":31,"column":0},"end":{"line":31,"column":37}},"31":{"start":{"line":32,"column":0},"end":{"line":32,"column":20}},"34":{"start":{"line":35,"column":0},"end":{"line":35,"column":55}},"35":{"start":{"line":36,"column":0},"end":{"line":36,"column":59}},"36":{"start":{"line":37,"column":0},"end":{"line":37,"column":77}},"37":{"start":{"line":38,"column":0},"end":{"line":38,"column":40}},"38":{"start":{"line":39,"column":0},"end":{"line":39,"column":45}},"39":{"start":{"line":40,"column":0},"end":{"line":40,"column":5}},"41":{"start":{"line":42,"column":0},"end":{"line":42,"column":49}},"44":{"start":{"line":45,"column":0},"end":{"line":45,"column":69}},"46":{"start":{"line":47,"column":0},"end":{"line":47,"column":35}},"47":{"start":{"line":48,"column":0},"end":{"line":48,"column":48}},"48":{"start":{"line":49,"column":0},"end":{"line":49,"column":25}},"49":{"start":{"line":50,"column":0},"end":{"line":50,"column":25}},"50":{"start":{"line":51,"column":0},"end":{"line":51,"column":29}},"51":{"start":{"line":52,"column":0},"end":{"line":52,"column":6}},"52":{"start":{"line":53,"column":0},"end":{"line":53,"column":14}},"53":{"start":{"line":54,"column":0},"end":{"line":54,"column":4}},"55":{"start":{"line":56,"column":0},"end":{"line":56,"column":73}},"56":{"start":{"line":57,"column":0},"end":{"line":57,"column":35}},"57":{"start":{"line":58,"column":0},"end":{"line":58,"column":37}},"58":{"start":{"line":59,"column":0},"end":{"line":59,"column":28}},"59":{"start":{"line":60,"column":0},"end":{"line":60,"column":5}},"60":{"start":{"line":61,"column":0},"end":{"line":61,"column":4}},"62":{"start":{"line":63,"column":0},"end":{"line":63,"column":76}},"63":{"start":{"line":64,"column":0},"end":{"line":64,"column":61}},"64":{"start":{"line":65,"column":0},"end":{"line":65,"column":46}},"65":{"start":{"line":66,"column":0},"end":{"line":66,"column":83}},"66":{"start":{"line":67,"column":0},"end":{"line":67,"column":4}},"68":{"start":{"line":69,"column":0},"end":{"line":69,"column":65}},"70":{"start":{"line":71,"column":0},"end":{"line":71,"column":10}},"71":{"start":{"line":72,"column":0},"end":{"line":72,"column":11}},"72":{"start":{"line":73,"column":0},"end":{"line":73,"column":57}},"73":{"start":{"line":74,"column":0},"end":{"line":74,"column":32}},"74":{"start":{"line":75,"column":0},"end":{"line":75,"column":14}},"75":{"start":{"line":76,"column":0},"end":{"line":76,"column":21}},"76":{"start":{"line":77,"column":0},"end":{"line":77,"column":45}},"77":{"start":{"line":78,"column":0},"end":{"line":78,"column":38}},"78":{"start":{"line":79,"column":0},"end":{"line":79,"column":26}},"79":{"start":{"line":80,"column":0},"end":{"line":80,"column":24}},"80":{"start":{"line":81,"column":0},"end":{"line":81,"column":33}},"81":{"start":{"line":82,"column":0},"end":{"line":82,"column":13}},"82":{"start":{"line":83,"column":0},"end":{"line":83,"column":12}},"83":{"start":{"line":84,"column":0},"end":{"line":84,"column":64}},"84":{"start":{"line":85,"column":0},"end":{"line":85,"column":31}},"85":{"start":{"line":86,"column":0},"end":{"line":86,"column":29}},"86":{"start":{"line":87,"column":0},"end":{"line":87,"column":10}},"88":{"start":{"line":89,"column":0},"end":{"line":89,"column":32}},"89":{"start":{"line":90,"column":0},"end":{"line":90,"column":143}},"90":{"start":{"line":91,"column":0},"end":{"line":91,"column":27}},"91":{"start":{"line":92,"column":0},"end":{"line":92,"column":94}},"94":{"start":{"line":95,"column":0},"end":{"line":95,"column":54}},"96":{"start":{"line":97,"column":0},"end":{"line":97,"column":100}},"99":{"start":{"line":100,"column":0},"end":{"line":100,"column":52}},"100":{"start":{"line":101,"column":0},"end":{"line":101,"column":60}},"101":{"start":{"line":102,"column":0},"end":{"line":102,"column":46}},"102":{"start":{"line":103,"column":0},"end":{"line":103,"column":25}},"103":{"start":{"line":104,"column":0},"end":{"line":104,"column":37}},"104":{"start":{"line":105,"column":0},"end":{"line":105,"column":33}},"105":{"start":{"line":106,"column":0},"end":{"line":106,"column":58}},"106":{"start":{"line":107,"column":0},"end":{"line":107,"column":219}},"108":{"start":{"line":109,"column":0},"end":{"line":109,"column":102}},"109":{"start":{"line":110,"column":0},"end":{"line":110,"column":70}},"110":{"start":{"line":111,"column":0},"end":{"line":111,"column":26}},"111":{"start":{"line":112,"column":0},"end":{"line":112,"column":101}},"112":{"start":{"line":113,"column":0},"end":{"line":113,"column":132}},"113":{"start":{"line":114,"column":0},"end":{"line":114,"column":26}},"114":{"start":{"line":115,"column":0},"end":{"line":115,"column":27}},"115":{"start":{"line":116,"column":0},"end":{"line":116,"column":19}},"116":{"start":{"line":117,"column":0},"end":{"line":117,"column":20}},"118":{"start":{"line":119,"column":0},"end":{"line":119,"column":16}},"120":{"start":{"line":121,"column":0},"end":{"line":121,"column":12}},"122":{"start":{"line":123,"column":0},"end":{"line":123,"column":60}},"124":{"start":{"line":125,"column":0},"end":{"line":125,"column":90}},"126":{"start":{"line":127,"column":0},"end":{"line":127,"column":12}},"128":{"start":{"line":129,"column":0},"end":{"line":129,"column":1}}},"s":{"0":1,"1":1,"2":1,"3":1,"4":1,"14":163,"15":163,"16":163,"17":163,"18":163,"19":163,"20":163,"21":163,"22":163,"23":163,"26":163,"27":44,"28":4,"29":44,"30":44,"31":163,"34":163,"35":163,"36":163,"37":163,"38":163,"39":163,"41":163,"44":163,"46":163,"47":163,"48":4,"49":4,"50":4,"51":4,"52":163,"53":163,"55":163,"56":16,"57":16,"58":12,"59":12,"60":16,"62":163,"63":48,"64":48,"65":48,"66":48,"68":163,"70":163,"71":163,"72":163,"73":163,"74":163,"75":163,"76":163,"77":163,"78":163,"79":24,"80":0,"81":0,"82":24,"83":163,"84":163,"85":163,"86":163,"88":163,"89":20,"90":20,"91":4,"94":20,"96":12,"99":20,"100":4,"101":4,"102":4,"103":4,"104":4,"105":4,"106":4,"108":4,"109":4,"110":4,"111":4,"112":4,"113":4,"114":4,"115":4,"116":4,"118":20,"120":163,"122":163,"124":4,"126":163,"128":163},"branchMap":{"0":{"type":"branch","line":15,"loc":{"start":{"line":15,"column":0},"end":{"line":129,"column":1}},"locations":[{"start":{"line":15,"column":0},"end":{"line":129,"column":1}}]},"1":{"type":"branch","line":42,"loc":{"start":{"line":42,"column":20},"end":{"line":42,"column":46}},"locations":[{"start":{"line":42,"column":20},"end":{"line":42,"column":46}}]},"2":{"type":"branch","line":42,"loc":{"start":{"line":42,"column":35},"end":{"line":42,"column":49}},"locations":[{"start":{"line":42,"column":35},"end":{"line":42,"column":49}}]},"3":{"type":"branch","line":45,"loc":{"start":{"line":45,"column":29},"end":{"line":45,"column":69}},"locations":[{"start":{"line":45,"column":29},"end":{"line":45,"column":69}}]},"4":{"type":"branch","line":69,"loc":{"start":{"line":69,"column":23},"end":{"line":69,"column":62}},"locations":[{"start":{"line":69,"column":23},"end":{"line":69,"column":62}}]},"5":{"type":"branch","line":69,"loc":{"start":{"line":69,"column":58},"end":{"line":69,"column":65}},"locations":[{"start":{"line":69,"column":58},"end":{"line":69,"column":65}}]},"6":{"type":"branch","line":77,"loc":{"start":{"line":77,"column":17},"end":{"line":77,"column":45}},"locations":[{"start":{"line":77,"column":17},"end":{"line":77,"column":45}}]},"7":{"type":"branch","line":89,"loc":{"start":{"line":89,"column":9},"end":{"line":119,"column":16}},"locations":[{"start":{"line":89,"column":9},"end":{"line":119,"column":16}}]},"8":{"type":"branch","line":91,"loc":{"start":{"line":91,"column":13},"end":{"line":92,"column":94}},"locations":[{"start":{"line":91,"column":13},"end":{"line":92,"column":94}}]},"9":{"type":"branch","line":95,"loc":{"start":{"line":95,"column":14},"end":{"line":95,"column":54}},"locations":[{"start":{"line":95,"column":14},"end":{"line":95,"column":54}}]},"10":{"type":"branch","line":95,"loc":{"start":{"line":95,"column":48},"end":{"line":97,"column":100}},"locations":[{"start":{"line":95,"column":48},"end":{"line":97,"column":100}}]},"11":{"type":"branch","line":100,"loc":{"start":{"line":100,"column":14},"end":{"line":100,"column":52}},"locations":[{"start":{"line":100,"column":14},"end":{"line":100,"column":52}}]},"12":{"type":"branch","line":100,"loc":{"start":{"line":100,"column":46},"end":{"line":117,"column":20}},"locations":[{"start":{"line":100,"column":46},"end":{"line":117,"column":20}}]},"13":{"type":"branch","line":123,"loc":{"start":{"line":123,"column":28},"end":{"line":123,"column":60}},"locations":[{"start":{"line":123,"column":28},"end":{"line":123,"column":60}}]},"14":{"type":"branch","line":123,"loc":{"start":{"line":123,"column":54},"end":{"line":125,"column":90}},"locations":[{"start":{"line":123,"column":54},"end":{"line":125,"column":90}}]},"15":{"type":"branch","line":27,"loc":{"start":{"line":27,"column":12},"end":{"line":32,"column":5}},"locations":[{"start":{"line":27,"column":12},"end":{"line":32,"column":5}}]},"16":{"type":"branch","line":28,"loc":{"start":{"line":28,"column":29},"end":{"line":30,"column":7}},"locations":[{"start":{"line":28,"column":29},"end":{"line":30,"column":7}}]},"17":{"type":"branch","line":31,"loc":{"start":{"line":31,"column":11},"end":{"line":31,"column":37}},"locations":[{"start":{"line":31,"column":11},"end":{"line":31,"column":37}}]},"18":{"type":"branch","line":37,"loc":{"start":{"line":37,"column":13},"end":{"line":37,"column":77}},"locations":[{"start":{"line":37,"column":13},"end":{"line":37,"column":77}}]},"19":{"type":"branch","line":48,"loc":{"start":{"line":48,"column":4},"end":{"line":52,"column":6}},"locations":[{"start":{"line":48,"column":4},"end":{"line":52,"column":6}}]},"20":{"type":"branch","line":56,"loc":{"start":{"line":56,"column":28},"end":{"line":61,"column":4}},"locations":[{"start":{"line":56,"column":28},"end":{"line":61,"column":4}}]},"21":{"type":"branch","line":58,"loc":{"start":{"line":58,"column":36},"end":{"line":60,"column":5}},"locations":[{"start":{"line":58,"column":36},"end":{"line":60,"column":5}}]},"22":{"type":"branch","line":63,"loc":{"start":{"line":63,"column":32},"end":{"line":67,"column":4}},"locations":[{"start":{"line":63,"column":32},"end":{"line":67,"column":4}}]},"23":{"type":"branch","line":65,"loc":{"start":{"line":65,"column":17},"end":{"line":65,"column":46}},"locations":[{"start":{"line":65,"column":17},"end":{"line":65,"column":46}}]},"24":{"type":"branch","line":79,"loc":{"start":{"line":79,"column":19},"end":{"line":83,"column":12}},"locations":[{"start":{"line":79,"column":19},"end":{"line":83,"column":12}}]},"25":{"type":"branch","line":80,"loc":{"start":{"line":80,"column":23},"end":{"line":82,"column":13}},"locations":[{"start":{"line":80,"column":23},"end":{"line":82,"column":13}}]},"26":{"type":"branch","line":102,"loc":{"start":{"line":102,"column":31},"end":{"line":115,"column":27}},"locations":[{"start":{"line":102,"column":31},"end":{"line":115,"column":27}}]},"27":{"type":"branch","line":110,"loc":{"start":{"line":110,"column":32},"end":{"line":110,"column":70}},"locations":[{"start":{"line":110,"column":32},"end":{"line":110,"column":70}}]},"28":{"type":"branch","line":106,"loc":{"start":{"line":106,"column":29},"end":{"line":106,"column":58}},"locations":[{"start":{"line":106,"column":29},"end":{"line":106,"column":58}}]}},"b":{"0":[163],"1":[52],"2":[111],"3":[20],"4":[48],"5":[115],"6":[139],"7":[20],"8":[4],"9":[16],"10":[12],"11":[16],"12":[4],"13":[24],"14":[4],"15":[44],"16":[4],"17":[44],"18":[4],"19":[4],"20":[16],"21":[12],"22":[48],"23":[0],"24":[24],"25":[0],"26":[4],"27":[0],"28":[4]},"fnMap":{"0":{"name":"ServiceLocationPicker","decl":{"start":{"line":15,"column":0},"end":{"line":129,"column":1}},"loc":{"start":{"line":15,"column":0},"end":{"line":129,"column":1}},"line":15},"1":{"name":"queryFn","decl":{"start":{"line":37,"column":13},"end":{"line":37,"column":77}},"loc":{"start":{"line":37,"column":13},"end":{"line":37,"column":77}},"line":37},"2":{"name":"handleInputChange","decl":{"start":{"line":56,"column":28},"end":{"line":61,"column":4}},"loc":{"start":{"line":56,"column":28},"end":{"line":61,"column":4}},"line":56},"3":{"name":"formatLocationDisplay","decl":{"start":{"line":63,"column":32},"end":{"line":67,"column":4}},"loc":{"start":{"line":63,"column":32},"end":{"line":67,"column":4}},"line":63},"4":{"name":"onFocus","decl":{"start":{"line":79,"column":19},"end":{"line":83,"column":12}},"loc":{"start":{"line":79,"column":19},"end":{"line":83,"column":12}},"line":79},"5":{"name":"onClick","decl":{"start":{"line":106,"column":29},"end":{"line":106,"column":58}},"loc":{"start":{"line":106,"column":29},"end":{"line":106,"column":58}},"line":106}},"f":{"0":163,"1":4,"2":16,"3":48,"4":24,"5":4}},"/Users/paulwilcox/Documents/dispatch-ui/src/components/WorkOrderFormDialog.tsx":{"path":"/Users/paulwilcox/Documents/dispatch-ui/src/components/WorkOrderFormDialog.tsx","all":false,"statementMap":{"0":{"start":{"line":1,"column":0},"end":{"line":1,"column":44}},"1":{"start":{"line":2,"column":0},"end":{"line":2,"column":78}},"2":{"start":{"line":3,"column":0},"end":{"line":3,"column":47}},"3":{"start":{"line":4,"column":0},"end":{"line":4,"column":52}},"4":{"start":{"line":5,"column":0},"end":{"line":5,"column":148}},"5":{"start":{"line":6,"column":0},"end":{"line":6,"column":58}},"6":{"start":{"line":7,"column":0},"end":{"line":7,"column":102}},"7":{"start":{"line":8,"column":0},"end":{"line":8,"column":43}},"8":{"start":{"line":9,"column":0},"end":{"line":9,"column":62}},"9":{"start":{"line":10,"column":0},"end":{"line":10,"column":81}},"10":{"start":{"line":11,"column":0},"end":{"line":11,"column":41}},"11":{"start":{"line":12,"column":0},"end":{"line":12,"column":47}},"12":{"start":{"line":13,"column":0},"end":{"line":13,"column":43}},"13":{"start":{"line":14,"column":0},"end":{"line":14,"column":65}},"14":{"start":{"line":15,"column":0},"end":{"line":15,"column":48}},"15":{"start":{"line":16,"column":0},"end":{"line":16,"column":60}},"16":{"start":{"line":17,"column":0},"end":{"line":17,"column":72}},"17":{"start":{"line":18,"column":0},"end":{"line":18,"column":72}},"25":{"start":{"line":26,"column":0},"end":{"line":26,"column":103}},"26":{"start":{"line":27,"column":0},"end":{"line":27,"column":39}},"27":{"start":{"line":28,"column":0},"end":{"line":28,"column":33}},"28":{"start":{"line":29,"column":0},"end":{"line":29,"column":36}},"29":{"start":{"line":30,"column":0},"end":{"line":30,"column":33}},"32":{"start":{"line":33,"column":0},"end":{"line":33,"column":83}},"33":{"start":{"line":34,"column":0},"end":{"line":34,"column":70}},"36":{"start":{"line":37,"column":0},"end":{"line":37,"column":95}},"37":{"start":{"line":38,"column":0},"end":{"line":38,"column":19}},"38":{"start":{"line":39,"column":0},"end":{"line":39,"column":26}},"39":{"start":{"line":40,"column":0},"end":{"line":40,"column":22}},"40":{"start":{"line":41,"column":0},"end":{"line":41,"column":22}},"41":{"start":{"line":42,"column":0},"end":{"line":42,"column":20}},"42":{"start":{"line":43,"column":0},"end":{"line":43,"column":14}},"43":{"start":{"line":44,"column":0},"end":{"line":44,"column":5}},"45":{"start":{"line":46,"column":0},"end":{"line":46,"column":101}},"48":{"start":{"line":49,"column":0},"end":{"line":49,"column":63}},"49":{"start":{"line":50,"column":0},"end":{"line":50,"column":13}},"50":{"start":{"line":51,"column":0},"end":{"line":51,"column":14}},"51":{"start":{"line":52,"column":0},"end":{"line":52,"column":14}},"52":{"start":{"line":53,"column":0},"end":{"line":53,"column":5}},"54":{"start":{"line":55,"column":0},"end":{"line":55,"column":69}},"55":{"start":{"line":56,"column":0},"end":{"line":56,"column":22}},"56":{"start":{"line":57,"column":0},"end":{"line":57,"column":27}},"57":{"start":{"line":58,"column":0},"end":{"line":58,"column":13}},"58":{"start":{"line":59,"column":0},"end":{"line":59,"column":14}},"59":{"start":{"line":60,"column":0},"end":{"line":60,"column":16}},"60":{"start":{"line":61,"column":0},"end":{"line":61,"column":5}},"62":{"start":{"line":63,"column":0},"end":{"line":63,"column":69}},"63":{"start":{"line":64,"column":0},"end":{"line":64,"column":22}},"64":{"start":{"line":65,"column":0},"end":{"line":65,"column":27}},"65":{"start":{"line":66,"column":0},"end":{"line":66,"column":13}},"66":{"start":{"line":67,"column":0},"end":{"line":67,"column":14}},"67":{"start":{"line":68,"column":0},"end":{"line":68,"column":16}},"68":{"start":{"line":69,"column":0},"end":{"line":69,"column":5}},"70":{"start":{"line":71,"column":0},"end":{"line":71,"column":87}},"71":{"start":{"line":72,"column":0},"end":{"line":72,"column":64}},"72":{"start":{"line":73,"column":0},"end":{"line":73,"column":68}},"74":{"start":{"line":75,"column":0},"end":{"line":75,"column":50}},"75":{"start":{"line":76,"column":0},"end":{"line":76,"column":13}},"76":{"start":{"line":77,"column":0},"end":{"line":77,"column":14}},"77":{"start":{"line":78,"column":0},"end":{"line":78,"column":14}},"78":{"start":{"line":79,"column":0},"end":{"line":79,"column":5}},"80":{"start":{"line":81,"column":0},"end":{"line":81,"column":67}},"82":{"start":{"line":83,"column":0},"end":{"line":83,"column":54}},"83":{"start":{"line":84,"column":0},"end":{"line":84,"column":24}},"84":{"start":{"line":85,"column":0},"end":{"line":85,"column":33}},"85":{"start":{"line":86,"column":0},"end":{"line":86,"column":28}},"86":{"start":{"line":87,"column":0},"end":{"line":87,"column":21}},"87":{"start":{"line":88,"column":0},"end":{"line":88,"column":29}},"88":{"start":{"line":89,"column":0},"end":{"line":89,"column":14}},"89":{"start":{"line":90,"column":0},"end":{"line":90,"column":5}},"91":{"start":{"line":92,"column":0},"end":{"line":92,"column":63}},"94":{"start":{"line":95,"column":0},"end":{"line":95,"column":44}},"95":{"start":{"line":96,"column":0},"end":{"line":96,"column":45}},"96":{"start":{"line":97,"column":0},"end":{"line":97,"column":51}},"97":{"start":{"line":98,"column":0},"end":{"line":98,"column":57}},"98":{"start":{"line":99,"column":0},"end":{"line":99,"column":5}},"101":{"start":{"line":102,"column":0},"end":{"line":102,"column":71}},"102":{"start":{"line":103,"column":0},"end":{"line":103,"column":81}},"106":{"start":{"line":107,"column":0},"end":{"line":107,"column":19}},"107":{"start":{"line":108,"column":0},"end":{"line":108,"column":24}},"110":{"start":{"line":111,"column":0},"end":{"line":111,"column":20}},"112":{"start":{"line":113,"column":0},"end":{"line":113,"column":19}},"113":{"start":{"line":114,"column":0},"end":{"line":114,"column":41}},"114":{"start":{"line":115,"column":0},"end":{"line":115,"column":55}},"115":{"start":{"line":116,"column":0},"end":{"line":116,"column":33}},"116":{"start":{"line":117,"column":0},"end":{"line":117,"column":53}},"117":{"start":{"line":118,"column":0},"end":{"line":118,"column":49}},"118":{"start":{"line":119,"column":0},"end":{"line":119,"column":37}},"119":{"start":{"line":120,"column":0},"end":{"line":120,"column":9}},"120":{"start":{"line":121,"column":0},"end":{"line":121,"column":72}},"121":{"start":{"line":122,"column":0},"end":{"line":122,"column":12}},"123":{"start":{"line":124,"column":0},"end":{"line":124,"column":34}},"124":{"start":{"line":125,"column":0},"end":{"line":125,"column":35}},"125":{"start":{"line":126,"column":0},"end":{"line":126,"column":19}},"126":{"start":{"line":127,"column":0},"end":{"line":127,"column":23}},"127":{"start":{"line":128,"column":0},"end":{"line":128,"column":30}},"128":{"start":{"line":129,"column":0},"end":{"line":129,"column":26}},"129":{"start":{"line":130,"column":0},"end":{"line":130,"column":26}},"130":{"start":{"line":131,"column":0},"end":{"line":131,"column":24}},"131":{"start":{"line":132,"column":0},"end":{"line":132,"column":18}},"132":{"start":{"line":133,"column":0},"end":{"line":133,"column":9}},"133":{"start":{"line":134,"column":0},"end":{"line":134,"column":32}},"134":{"start":{"line":135,"column":0},"end":{"line":135,"column":57}},"135":{"start":{"line":136,"column":0},"end":{"line":136,"column":105}},"136":{"start":{"line":137,"column":0},"end":{"line":137,"column":105}},"137":{"start":{"line":138,"column":0},"end":{"line":138,"column":43}},"138":{"start":{"line":139,"column":0},"end":{"line":139,"column":32}},"139":{"start":{"line":140,"column":0},"end":{"line":140,"column":34}},"140":{"start":{"line":141,"column":0},"end":{"line":141,"column":57}},"141":{"start":{"line":142,"column":0},"end":{"line":142,"column":32}},"142":{"start":{"line":143,"column":0},"end":{"line":143,"column":24}},"143":{"start":{"line":144,"column":0},"end":{"line":144,"column":28}},"144":{"start":{"line":145,"column":0},"end":{"line":145,"column":37}},"145":{"start":{"line":146,"column":0},"end":{"line":146,"column":32}},"146":{"start":{"line":147,"column":0},"end":{"line":147,"column":25}},"147":{"start":{"line":148,"column":0},"end":{"line":148,"column":33}},"148":{"start":{"line":149,"column":0},"end":{"line":149,"column":18}},"149":{"start":{"line":150,"column":0},"end":{"line":150,"column":9}},"150":{"start":{"line":151,"column":0},"end":{"line":151,"column":43}},"151":{"start":{"line":152,"column":0},"end":{"line":152,"column":5}},"153":{"start":{"line":154,"column":0},"end":{"line":154,"column":43}},"155":{"start":{"line":156,"column":0},"end":{"line":156,"column":38}},"156":{"start":{"line":157,"column":0},"end":{"line":157,"column":103}},"157":{"start":{"line":158,"column":0},"end":{"line":158,"column":22}},"158":{"start":{"line":159,"column":0},"end":{"line":159,"column":67}},"159":{"start":{"line":160,"column":0},"end":{"line":160,"column":35}},"160":{"start":{"line":161,"column":0},"end":{"line":161,"column":16}},"161":{"start":{"line":162,"column":0},"end":{"line":162,"column":6}},"162":{"start":{"line":163,"column":0},"end":{"line":163,"column":34}},"163":{"start":{"line":164,"column":0},"end":{"line":164,"column":35}},"164":{"start":{"line":165,"column":0},"end":{"line":165,"column":72}},"165":{"start":{"line":166,"column":0},"end":{"line":166,"column":93}},"166":{"start":{"line":167,"column":0},"end":{"line":167,"column":20}},"167":{"start":{"line":168,"column":0},"end":{"line":168,"column":93}},"168":{"start":{"line":169,"column":0},"end":{"line":169,"column":6}},"169":{"start":{"line":170,"column":0},"end":{"line":170,"column":5}},"171":{"start":{"line":172,"column":0},"end":{"line":172,"column":38}},"172":{"start":{"line":173,"column":0},"end":{"line":173,"column":76}},"173":{"start":{"line":174,"column":0},"end":{"line":174,"column":43}},"174":{"start":{"line":175,"column":0},"end":{"line":175,"column":28}},"175":{"start":{"line":176,"column":0},"end":{"line":176,"column":55}},"176":{"start":{"line":177,"column":0},"end":{"line":177,"column":38}},"177":{"start":{"line":178,"column":0},"end":{"line":178,"column":26}},"178":{"start":{"line":179,"column":0},"end":{"line":179,"column":9}},"179":{"start":{"line":180,"column":0},"end":{"line":180,"column":22}},"180":{"start":{"line":181,"column":0},"end":{"line":181,"column":67}},"181":{"start":{"line":182,"column":0},"end":{"line":182,"column":16}},"182":{"start":{"line":183,"column":0},"end":{"line":183,"column":6}},"183":{"start":{"line":184,"column":0},"end":{"line":184,"column":34}},"184":{"start":{"line":185,"column":0},"end":{"line":185,"column":72}},"185":{"start":{"line":186,"column":0},"end":{"line":186,"column":93}},"186":{"start":{"line":187,"column":0},"end":{"line":187,"column":20}},"187":{"start":{"line":188,"column":0},"end":{"line":188,"column":93}},"188":{"start":{"line":189,"column":0},"end":{"line":189,"column":6}},"189":{"start":{"line":190,"column":0},"end":{"line":190,"column":5}},"191":{"start":{"line":192,"column":0},"end":{"line":192,"column":82}},"192":{"start":{"line":193,"column":0},"end":{"line":193,"column":34}},"193":{"start":{"line":194,"column":0},"end":{"line":194,"column":19}},"194":{"start":{"line":195,"column":0},"end":{"line":195,"column":30}},"195":{"start":{"line":196,"column":0},"end":{"line":196,"column":16}},"196":{"start":{"line":197,"column":0},"end":{"line":197,"column":40}},"197":{"start":{"line":198,"column":0},"end":{"line":198,"column":39}},"198":{"start":{"line":199,"column":0},"end":{"line":199,"column":10}},"199":{"start":{"line":200,"column":0},"end":{"line":200,"column":5}},"200":{"start":{"line":201,"column":0},"end":{"line":201,"column":4}},"202":{"start":{"line":203,"column":0},"end":{"line":203,"column":54}},"203":{"start":{"line":204,"column":0},"end":{"line":204,"column":23}},"205":{"start":{"line":206,"column":0},"end":{"line":206,"column":17}},"206":{"start":{"line":207,"column":0},"end":{"line":207,"column":38}},"207":{"start":{"line":208,"column":0},"end":{"line":208,"column":13}},"208":{"start":{"line":209,"column":0},"end":{"line":209,"column":5}},"211":{"start":{"line":212,"column":0},"end":{"line":212,"column":38}},"212":{"start":{"line":213,"column":0},"end":{"line":213,"column":40}},"213":{"start":{"line":214,"column":0},"end":{"line":214,"column":99}},"214":{"start":{"line":215,"column":0},"end":{"line":215,"column":15}},"215":{"start":{"line":216,"column":0},"end":{"line":216,"column":7}},"216":{"start":{"line":217,"column":0},"end":{"line":217,"column":38}},"217":{"start":{"line":218,"column":0},"end":{"line":218,"column":12}},"219":{"start":{"line":220,"column":0},"end":{"line":220,"column":34}},"220":{"start":{"line":221,"column":0},"end":{"line":221,"column":11}},"221":{"start":{"line":222,"column":0},"end":{"line":222,"column":56}},"222":{"start":{"line":223,"column":0},"end":{"line":223,"column":33}},"223":{"start":{"line":224,"column":0},"end":{"line":224,"column":35}},"224":{"start":{"line":225,"column":0},"end":{"line":225,"column":43}},"225":{"start":{"line":226,"column":0},"end":{"line":226,"column":88}},"226":{"start":{"line":227,"column":0},"end":{"line":227,"column":29}},"227":{"start":{"line":228,"column":0},"end":{"line":228,"column":13}},"228":{"start":{"line":229,"column":0},"end":{"line":229,"column":31}},"229":{"start":{"line":230,"column":0},"end":{"line":230,"column":87}},"230":{"start":{"line":231,"column":0},"end":{"line":231,"column":38}},"231":{"start":{"line":232,"column":0},"end":{"line":232,"column":56}},"232":{"start":{"line":233,"column":0},"end":{"line":233,"column":58}},"233":{"start":{"line":234,"column":0},"end":{"line":234,"column":58}},"234":{"start":{"line":235,"column":0},"end":{"line":235,"column":61}},"235":{"start":{"line":236,"column":0},"end":{"line":236,"column":49}},"236":{"start":{"line":237,"column":0},"end":{"line":237,"column":14}},"237":{"start":{"line":238,"column":0},"end":{"line":238,"column":12}},"238":{"start":{"line":239,"column":0},"end":{"line":239,"column":38}},"239":{"start":{"line":240,"column":0},"end":{"line":240,"column":59}},"240":{"start":{"line":241,"column":0},"end":{"line":241,"column":69}},"241":{"start":{"line":242,"column":0},"end":{"line":242,"column":73}},"242":{"start":{"line":243,"column":0},"end":{"line":243,"column":45}},"243":{"start":{"line":244,"column":0},"end":{"line":244,"column":75}},"244":{"start":{"line":245,"column":0},"end":{"line":245,"column":45}},"245":{"start":{"line":246,"column":0},"end":{"line":246,"column":10}},"247":{"start":{"line":248,"column":0},"end":{"line":248,"column":74}},"248":{"start":{"line":249,"column":0},"end":{"line":249,"column":66}},"251":{"start":{"line":252,"column":0},"end":{"line":252,"column":82}},"252":{"start":{"line":253,"column":0},"end":{"line":253,"column":41}},"253":{"start":{"line":254,"column":0},"end":{"line":254,"column":46}},"254":{"start":{"line":255,"column":0},"end":{"line":255,"column":28}},"255":{"start":{"line":256,"column":0},"end":{"line":256,"column":54}},"256":{"start":{"line":257,"column":0},"end":{"line":257,"column":44}},"257":{"start":{"line":258,"column":0},"end":{"line":258,"column":32}},"258":{"start":{"line":259,"column":0},"end":{"line":259,"column":10}},"260":{"start":{"line":261,"column":0},"end":{"line":261,"column":45}},"261":{"start":{"line":262,"column":0},"end":{"line":262,"column":23}},"262":{"start":{"line":263,"column":0},"end":{"line":263,"column":37}},"263":{"start":{"line":264,"column":0},"end":{"line":264,"column":74}},"264":{"start":{"line":265,"column":0},"end":{"line":265,"column":95}},"265":{"start":{"line":266,"column":0},"end":{"line":266,"column":22}},"266":{"start":{"line":267,"column":0},"end":{"line":267,"column":93}},"267":{"start":{"line":268,"column":0},"end":{"line":268,"column":7}},"268":{"start":{"line":269,"column":0},"end":{"line":269,"column":5}},"269":{"start":{"line":270,"column":0},"end":{"line":270,"column":4}},"271":{"start":{"line":272,"column":0},"end":{"line":272,"column":67}},"272":{"start":{"line":273,"column":0},"end":{"line":273,"column":57}},"273":{"start":{"line":274,"column":0},"end":{"line":274,"column":4}},"275":{"start":{"line":276,"column":0},"end":{"line":276,"column":10}},"276":{"start":{"line":277,"column":0},"end":{"line":277,"column":55}},"277":{"start":{"line":278,"column":0},"end":{"line":278,"column":19}},"278":{"start":{"line":279,"column":0},"end":{"line":279,"column":39}},"279":{"start":{"line":280,"column":0},"end":{"line":280,"column":65}},"280":{"start":{"line":281,"column":0},"end":{"line":281,"column":39}},"281":{"start":{"line":282,"column":0},"end":{"line":282,"column":11}},"282":{"start":{"line":283,"column":0},"end":{"line":283,"column":20}},"283":{"start":{"line":284,"column":0},"end":{"line":284,"column":25}},"284":{"start":{"line":285,"column":0},"end":{"line":285,"column":86}},"285":{"start":{"line":286,"column":0},"end":{"line":286,"column":39}},"286":{"start":{"line":287,"column":0},"end":{"line":287,"column":11}},"287":{"start":{"line":288,"column":0},"end":{"line":288,"column":26}},"288":{"start":{"line":289,"column":0},"end":{"line":289,"column":18}},"289":{"start":{"line":290,"column":0},"end":{"line":290,"column":81}},"290":{"start":{"line":291,"column":0},"end":{"line":291,"column":23}},"291":{"start":{"line":292,"column":0},"end":{"line":292,"column":14}},"293":{"start":{"line":294,"column":0},"end":{"line":294,"column":24}},"294":{"start":{"line":295,"column":0},"end":{"line":295,"column":54}},"295":{"start":{"line":296,"column":0},"end":{"line":296,"column":27}},"296":{"start":{"line":297,"column":0},"end":{"line":297,"column":38}},"297":{"start":{"line":298,"column":0},"end":{"line":298,"column":84}},"298":{"start":{"line":299,"column":0},"end":{"line":299,"column":45}},"300":{"start":{"line":301,"column":0},"end":{"line":301,"column":30}},"301":{"start":{"line":302,"column":0},"end":{"line":302,"column":46}},"302":{"start":{"line":303,"column":0},"end":{"line":303,"column":107}},"303":{"start":{"line":304,"column":0},"end":{"line":304,"column":31}},"304":{"start":{"line":305,"column":0},"end":{"line":305,"column":30}},"305":{"start":{"line":306,"column":0},"end":{"line":306,"column":41}},"306":{"start":{"line":307,"column":0},"end":{"line":307,"column":102}},"307":{"start":{"line":308,"column":0},"end":{"line":308,"column":31}},"308":{"start":{"line":309,"column":0},"end":{"line":309,"column":29}},"309":{"start":{"line":310,"column":0},"end":{"line":310,"column":25}},"312":{"start":{"line":313,"column":0},"end":{"line":313,"column":47}},"313":{"start":{"line":314,"column":0},"end":{"line":314,"column":38}},"314":{"start":{"line":315,"column":0},"end":{"line":315,"column":42}},"315":{"start":{"line":316,"column":0},"end":{"line":316,"column":49}},"316":{"start":{"line":317,"column":0},"end":{"line":317,"column":53}},"317":{"start":{"line":318,"column":0},"end":{"line":318,"column":26}},"318":{"start":{"line":319,"column":0},"end":{"line":319,"column":27}},"319":{"start":{"line":320,"column":0},"end":{"line":320,"column":18}},"323":{"start":{"line":324,"column":0},"end":{"line":324,"column":42}},"324":{"start":{"line":325,"column":0},"end":{"line":325,"column":102}},"325":{"start":{"line":326,"column":0},"end":{"line":326,"column":151}},"328":{"start":{"line":329,"column":0},"end":{"line":329,"column":32}},"329":{"start":{"line":330,"column":0},"end":{"line":330,"column":41}},"330":{"start":{"line":331,"column":0},"end":{"line":331,"column":45}},"331":{"start":{"line":332,"column":0},"end":{"line":332,"column":42}},"332":{"start":{"line":333,"column":0},"end":{"line":333,"column":20}},"335":{"start":{"line":336,"column":0},"end":{"line":336,"column":45}},"336":{"start":{"line":337,"column":0},"end":{"line":337,"column":112}},"337":{"start":{"line":338,"column":0},"end":{"line":338,"column":34}},"338":{"start":{"line":339,"column":0},"end":{"line":339,"column":46}},"339":{"start":{"line":340,"column":0},"end":{"line":340,"column":50}},"340":{"start":{"line":341,"column":0},"end":{"line":341,"column":43}},"341":{"start":{"line":342,"column":0},"end":{"line":342,"column":22}},"342":{"start":{"line":343,"column":0},"end":{"line":343,"column":24}},"345":{"start":{"line":346,"column":0},"end":{"line":346,"column":42}},"346":{"start":{"line":347,"column":0},"end":{"line":347,"column":27}},"347":{"start":{"line":348,"column":0},"end":{"line":348,"column":103}},"348":{"start":{"line":349,"column":0},"end":{"line":349,"column":29}},"349":{"start":{"line":350,"column":0},"end":{"line":350,"column":47}},"350":{"start":{"line":351,"column":0},"end":{"line":351,"column":48}},"351":{"start":{"line":352,"column":0},"end":{"line":352,"column":77}},"352":{"start":{"line":353,"column":0},"end":{"line":353,"column":32}},"354":{"start":{"line":355,"column":0},"end":{"line":355,"column":90}},"355":{"start":{"line":356,"column":0},"end":{"line":356,"column":57}},"356":{"start":{"line":357,"column":0},"end":{"line":357,"column":68}},"357":{"start":{"line":358,"column":0},"end":{"line":358,"column":65}},"358":{"start":{"line":359,"column":0},"end":{"line":359,"column":35}},"359":{"start":{"line":360,"column":0},"end":{"line":360,"column":27}},"360":{"start":{"line":361,"column":0},"end":{"line":361,"column":31}},"361":{"start":{"line":362,"column":0},"end":{"line":362,"column":28}},"365":{"start":{"line":366,"column":0},"end":{"line":366,"column":33}},"366":{"start":{"line":367,"column":0},"end":{"line":367,"column":29}},"367":{"start":{"line":368,"column":0},"end":{"line":368,"column":56}},"368":{"start":{"line":369,"column":0},"end":{"line":369,"column":59}},"369":{"start":{"line":370,"column":0},"end":{"line":370,"column":85}},"370":{"start":{"line":371,"column":0},"end":{"line":371,"column":22}},"371":{"start":{"line":372,"column":0},"end":{"line":372,"column":101}},"372":{"start":{"line":373,"column":0},"end":{"line":373,"column":34}},"375":{"start":{"line":376,"column":0},"end":{"line":376,"column":52}},"376":{"start":{"line":377,"column":0},"end":{"line":377,"column":47}},"377":{"start":{"line":378,"column":0},"end":{"line":378,"column":114}},"378":{"start":{"line":379,"column":0},"end":{"line":379,"column":36}},"379":{"start":{"line":380,"column":0},"end":{"line":380,"column":48}},"380":{"start":{"line":381,"column":0},"end":{"line":381,"column":52}},"381":{"start":{"line":382,"column":0},"end":{"line":382,"column":45}},"382":{"start":{"line":383,"column":0},"end":{"line":383,"column":24}},"383":{"start":{"line":384,"column":0},"end":{"line":384,"column":26}},"387":{"start":{"line":388,"column":0},"end":{"line":388,"column":23}},"388":{"start":{"line":389,"column":0},"end":{"line":389,"column":27}},"389":{"start":{"line":390,"column":0},"end":{"line":390,"column":35}},"390":{"start":{"line":391,"column":0},"end":{"line":391,"column":74}},"391":{"start":{"line":392,"column":0},"end":{"line":392,"column":162}},"393":{"start":{"line":394,"column":0},"end":{"line":394,"column":162}},"394":{"start":{"line":395,"column":0},"end":{"line":395,"column":110}},"395":{"start":{"line":396,"column":0},"end":{"line":396,"column":28}},"396":{"start":{"line":397,"column":0},"end":{"line":397,"column":57}},"397":{"start":{"line":398,"column":0},"end":{"line":398,"column":29}},"398":{"start":{"line":399,"column":0},"end":{"line":399,"column":41}},"399":{"start":{"line":400,"column":0},"end":{"line":400,"column":72}},"400":{"start":{"line":401,"column":0},"end":{"line":401,"column":31}},"401":{"start":{"line":402,"column":0},"end":{"line":402,"column":84}},"402":{"start":{"line":403,"column":0},"end":{"line":403,"column":32}},"403":{"start":{"line":404,"column":0},"end":{"line":404,"column":50}},"404":{"start":{"line":405,"column":0},"end":{"line":405,"column":52}},"405":{"start":{"line":406,"column":0},"end":{"line":406,"column":102}},"406":{"start":{"line":407,"column":0},"end":{"line":407,"column":28}},"407":{"start":{"line":408,"column":0},"end":{"line":408,"column":32}},"408":{"start":{"line":409,"column":0},"end":{"line":409,"column":31}},"409":{"start":{"line":410,"column":0},"end":{"line":410,"column":85}},"410":{"start":{"line":411,"column":0},"end":{"line":411,"column":40}},"411":{"start":{"line":412,"column":0},"end":{"line":412,"column":51}},"412":{"start":{"line":413,"column":0},"end":{"line":413,"column":36}},"413":{"start":{"line":414,"column":0},"end":{"line":414,"column":47}},"414":{"start":{"line":415,"column":0},"end":{"line":415,"column":51}},"415":{"start":{"line":416,"column":0},"end":{"line":416,"column":53}},"416":{"start":{"line":417,"column":0},"end":{"line":417,"column":111}},"417":{"start":{"line":418,"column":0},"end":{"line":418,"column":28}},"418":{"start":{"line":419,"column":0},"end":{"line":419,"column":32}},"419":{"start":{"line":420,"column":0},"end":{"line":420,"column":31}},"420":{"start":{"line":421,"column":0},"end":{"line":421,"column":85}},"421":{"start":{"line":422,"column":0},"end":{"line":422,"column":32}},"422":{"start":{"line":423,"column":0},"end":{"line":423,"column":40}},"423":{"start":{"line":424,"column":0},"end":{"line":424,"column":51}},"424":{"start":{"line":425,"column":0},"end":{"line":425,"column":53}},"425":{"start":{"line":426,"column":0},"end":{"line":426,"column":103}},"426":{"start":{"line":427,"column":0},"end":{"line":427,"column":28}},"427":{"start":{"line":428,"column":0},"end":{"line":428,"column":32}},"428":{"start":{"line":429,"column":0},"end":{"line":429,"column":28}},"430":{"start":{"line":431,"column":0},"end":{"line":431,"column":24}},"433":{"start":{"line":434,"column":0},"end":{"line":434,"column":25}},"434":{"start":{"line":435,"column":0},"end":{"line":435,"column":92}},"435":{"start":{"line":436,"column":0},"end":{"line":436,"column":26}},"436":{"start":{"line":437,"column":0},"end":{"line":437,"column":47}},"437":{"start":{"line":438,"column":0},"end":{"line":438,"column":48}},"438":{"start":{"line":439,"column":0},"end":{"line":439,"column":77}},"439":{"start":{"line":440,"column":0},"end":{"line":440,"column":85}},"440":{"start":{"line":441,"column":0},"end":{"line":441,"column":22}},"441":{"start":{"line":442,"column":0},"end":{"line":442,"column":26}},"444":{"start":{"line":445,"column":0},"end":{"line":445,"column":23}},"445":{"start":{"line":446,"column":0},"end":{"line":446,"column":27}},"446":{"start":{"line":447,"column":0},"end":{"line":447,"column":35}},"447":{"start":{"line":448,"column":0},"end":{"line":448,"column":78}},"448":{"start":{"line":449,"column":0},"end":{"line":449,"column":162}},"450":{"start":{"line":451,"column":0},"end":{"line":451,"column":164}},"451":{"start":{"line":452,"column":0},"end":{"line":452,"column":110}},"452":{"start":{"line":453,"column":0},"end":{"line":453,"column":28}},"453":{"start":{"line":454,"column":0},"end":{"line":454,"column":67}},"454":{"start":{"line":455,"column":0},"end":{"line":455,"column":29}},"455":{"start":{"line":456,"column":0},"end":{"line":456,"column":43}},"456":{"start":{"line":457,"column":0},"end":{"line":457,"column":59}},"457":{"start":{"line":458,"column":0},"end":{"line":458,"column":64}},"458":{"start":{"line":459,"column":0},"end":{"line":459,"column":33}},"459":{"start":{"line":460,"column":0},"end":{"line":460,"column":99}},"460":{"start":{"line":461,"column":0},"end":{"line":461,"column":34}},"461":{"start":{"line":462,"column":0},"end":{"line":462,"column":43}},"462":{"start":{"line":463,"column":0},"end":{"line":463,"column":53}},"463":{"start":{"line":464,"column":0},"end":{"line":464,"column":68}},"464":{"start":{"line":465,"column":0},"end":{"line":465,"column":135}},"465":{"start":{"line":466,"column":0},"end":{"line":466,"column":37}},"466":{"start":{"line":467,"column":0},"end":{"line":467,"column":62}},"467":{"start":{"line":468,"column":0},"end":{"line":468,"column":30}},"468":{"start":{"line":469,"column":0},"end":{"line":469,"column":34}},"469":{"start":{"line":470,"column":0},"end":{"line":470,"column":33}},"470":{"start":{"line":471,"column":0},"end":{"line":471,"column":99}},"471":{"start":{"line":472,"column":0},"end":{"line":472,"column":34}},"472":{"start":{"line":473,"column":0},"end":{"line":473,"column":56}},"473":{"start":{"line":474,"column":0},"end":{"line":474,"column":71}},"474":{"start":{"line":475,"column":0},"end":{"line":475,"column":123}},"475":{"start":{"line":476,"column":0},"end":{"line":476,"column":54}},"476":{"start":{"line":477,"column":0},"end":{"line":477,"column":30}},"477":{"start":{"line":478,"column":0},"end":{"line":478,"column":34}},"478":{"start":{"line":479,"column":0},"end":{"line":479,"column":30}},"480":{"start":{"line":481,"column":0},"end":{"line":481,"column":62}},"481":{"start":{"line":482,"column":0},"end":{"line":482,"column":63}},"482":{"start":{"line":483,"column":0},"end":{"line":483,"column":37}},"483":{"start":{"line":484,"column":0},"end":{"line":484,"column":58}},"484":{"start":{"line":485,"column":0},"end":{"line":485,"column":75}},"485":{"start":{"line":486,"column":0},"end":{"line":486,"column":124}},"486":{"start":{"line":487,"column":0},"end":{"line":487,"column":30}},"487":{"start":{"line":488,"column":0},"end":{"line":488,"column":103}},"488":{"start":{"line":489,"column":0},"end":{"line":489,"column":42}},"490":{"start":{"line":491,"column":0},"end":{"line":491,"column":63}},"491":{"start":{"line":492,"column":0},"end":{"line":492,"column":37}},"492":{"start":{"line":493,"column":0},"end":{"line":493,"column":46}},"493":{"start":{"line":494,"column":0},"end":{"line":494,"column":63}},"494":{"start":{"line":495,"column":0},"end":{"line":495,"column":112}},"495":{"start":{"line":496,"column":0},"end":{"line":496,"column":30}},"496":{"start":{"line":497,"column":0},"end":{"line":497,"column":91}},"497":{"start":{"line":498,"column":0},"end":{"line":498,"column":42}},"499":{"start":{"line":500,"column":0},"end":{"line":500,"column":55}},"500":{"start":{"line":501,"column":0},"end":{"line":501,"column":54}},"501":{"start":{"line":502,"column":0},"end":{"line":502,"column":96}},"502":{"start":{"line":503,"column":0},"end":{"line":503,"column":36}},"503":{"start":{"line":504,"column":0},"end":{"line":504,"column":59}},"504":{"start":{"line":505,"column":0},"end":{"line":505,"column":74}},"505":{"start":{"line":506,"column":0},"end":{"line":506,"column":126}},"506":{"start":{"line":507,"column":0},"end":{"line":507,"column":59}},"507":{"start":{"line":508,"column":0},"end":{"line":508,"column":32}},"508":{"start":{"line":509,"column":0},"end":{"line":509,"column":36}},"510":{"start":{"line":511,"column":0},"end":{"line":511,"column":30}},"512":{"start":{"line":513,"column":0},"end":{"line":513,"column":31}},"513":{"start":{"line":514,"column":0},"end":{"line":514,"column":85}},"514":{"start":{"line":515,"column":0},"end":{"line":515,"column":35}},"515":{"start":{"line":516,"column":0},"end":{"line":516,"column":48}},"516":{"start":{"line":517,"column":0},"end":{"line":517,"column":55}},"517":{"start":{"line":518,"column":0},"end":{"line":518,"column":107}},"518":{"start":{"line":519,"column":0},"end":{"line":519,"column":36}},"519":{"start":{"line":520,"column":0},"end":{"line":520,"column":62}},"520":{"start":{"line":521,"column":0},"end":{"line":521,"column":28}},"521":{"start":{"line":522,"column":0},"end":{"line":522,"column":32}},"522":{"start":{"line":523,"column":0},"end":{"line":523,"column":28}},"524":{"start":{"line":525,"column":0},"end":{"line":525,"column":24}},"525":{"start":{"line":526,"column":0},"end":{"line":526,"column":22}},"529":{"start":{"line":530,"column":0},"end":{"line":530,"column":79}},"530":{"start":{"line":531,"column":0},"end":{"line":531,"column":15}},"534":{"start":{"line":535,"column":0},"end":{"line":535,"column":20}},"535":{"start":{"line":536,"column":0},"end":{"line":536,"column":24}},"536":{"start":{"line":537,"column":0},"end":{"line":537,"column":26}},"537":{"start":{"line":538,"column":0},"end":{"line":538,"column":18}},"538":{"start":{"line":539,"column":0},"end":{"line":539,"column":40}},"539":{"start":{"line":540,"column":0},"end":{"line":540,"column":44}},"540":{"start":{"line":541,"column":0},"end":{"line":541,"column":51}},"541":{"start":{"line":542,"column":0},"end":{"line":542,"column":55}},"542":{"start":{"line":543,"column":0},"end":{"line":543,"column":28}},"543":{"start":{"line":544,"column":0},"end":{"line":544,"column":29}},"544":{"start":{"line":545,"column":0},"end":{"line":545,"column":20}},"546":{"start":{"line":547,"column":0},"end":{"line":547,"column":25}},"547":{"start":{"line":548,"column":0},"end":{"line":548,"column":60}},"548":{"start":{"line":549,"column":0},"end":{"line":549,"column":27}},"549":{"start":{"line":550,"column":0},"end":{"line":550,"column":35}},"550":{"start":{"line":551,"column":0},"end":{"line":551,"column":45}},"551":{"start":{"line":552,"column":0},"end":{"line":552,"column":78}},"553":{"start":{"line":554,"column":0},"end":{"line":554,"column":87}},"554":{"start":{"line":555,"column":0},"end":{"line":555,"column":91}},"555":{"start":{"line":556,"column":0},"end":{"line":556,"column":94}},"556":{"start":{"line":557,"column":0},"end":{"line":557,"column":91}},"557":{"start":{"line":558,"column":0},"end":{"line":558,"column":91}},"558":{"start":{"line":559,"column":0},"end":{"line":559,"column":29}},"559":{"start":{"line":560,"column":0},"end":{"line":560,"column":26}},"560":{"start":{"line":561,"column":0},"end":{"line":561,"column":19}},"563":{"start":{"line":564,"column":0},"end":{"line":564,"column":21}},"564":{"start":{"line":565,"column":0},"end":{"line":565,"column":67}},"565":{"start":{"line":566,"column":0},"end":{"line":566,"column":22}},"566":{"start":{"line":567,"column":0},"end":{"line":567,"column":29}},"567":{"start":{"line":568,"column":0},"end":{"line":568,"column":38}},"568":{"start":{"line":569,"column":0},"end":{"line":569,"column":48}},"569":{"start":{"line":570,"column":0},"end":{"line":570,"column":81}},"570":{"start":{"line":571,"column":0},"end":{"line":571,"column":18}},"571":{"start":{"line":572,"column":0},"end":{"line":572,"column":22}},"573":{"start":{"line":574,"column":0},"end":{"line":574,"column":21}},"574":{"start":{"line":575,"column":0},"end":{"line":575,"column":61}},"575":{"start":{"line":576,"column":0},"end":{"line":576,"column":25}},"576":{"start":{"line":577,"column":0},"end":{"line":577,"column":36}},"577":{"start":{"line":578,"column":0},"end":{"line":578,"column":52}},"578":{"start":{"line":579,"column":0},"end":{"line":579,"column":79}},"579":{"start":{"line":580,"column":0},"end":{"line":580,"column":26}},"580":{"start":{"line":581,"column":0},"end":{"line":581,"column":18}},"581":{"start":{"line":582,"column":0},"end":{"line":582,"column":22}},"583":{"start":{"line":584,"column":0},"end":{"line":584,"column":21}},"584":{"start":{"line":585,"column":0},"end":{"line":585,"column":55}},"585":{"start":{"line":586,"column":0},"end":{"line":586,"column":25}},"586":{"start":{"line":587,"column":0},"end":{"line":587,"column":30}},"587":{"start":{"line":588,"column":0},"end":{"line":588,"column":46}},"588":{"start":{"line":589,"column":0},"end":{"line":589,"column":73}},"589":{"start":{"line":590,"column":0},"end":{"line":590,"column":26}},"590":{"start":{"line":591,"column":0},"end":{"line":591,"column":18}},"591":{"start":{"line":592,"column":0},"end":{"line":592,"column":22}},"592":{"start":{"line":593,"column":0},"end":{"line":593,"column":25}},"593":{"start":{"line":594,"column":0},"end":{"line":594,"column":21}},"594":{"start":{"line":595,"column":0},"end":{"line":595,"column":15}},"595":{"start":{"line":596,"column":0},"end":{"line":596,"column":19}},"596":{"start":{"line":597,"column":0},"end":{"line":597,"column":21}},"597":{"start":{"line":598,"column":0},"end":{"line":598,"column":40}},"598":{"start":{"line":599,"column":0},"end":{"line":599,"column":30}},"599":{"start":{"line":600,"column":0},"end":{"line":600,"column":17}},"600":{"start":{"line":601,"column":0},"end":{"line":601,"column":15}},"601":{"start":{"line":602,"column":0},"end":{"line":602,"column":23}},"602":{"start":{"line":603,"column":0},"end":{"line":603,"column":32}},"603":{"start":{"line":604,"column":0},"end":{"line":604,"column":95}},"605":{"start":{"line":606,"column":0},"end":{"line":606,"column":85}},"606":{"start":{"line":607,"column":0},"end":{"line":607,"column":32}},"607":{"start":{"line":608,"column":0},"end":{"line":608,"column":60}},"608":{"start":{"line":609,"column":0},"end":{"line":609,"column":17}},"609":{"start":{"line":610,"column":0},"end":{"line":610,"column":22}},"610":{"start":{"line":611,"column":0},"end":{"line":611,"column":13}},"612":{"start":{"line":613,"column":0},"end":{"line":613,"column":1}}},"s":{"0":1,"1":1,"2":1,"3":1,"4":1,"5":1,"6":1,"7":1,"8":1,"9":1,"10":1,"11":1,"12":1,"13":1,"14":1,"15":1,"16":1,"17":1,"25":147,"26":147,"27":147,"28":147,"29":147,"32":147,"33":147,"36":147,"37":147,"38":147,"39":147,"40":147,"41":147,"42":147,"43":147,"45":147,"48":147,"49":147,"50":147,"51":147,"52":147,"54":147,"55":147,"56":147,"57":147,"58":147,"59":147,"60":147,"62":147,"63":147,"64":147,"65":147,"66":147,"67":147,"68":147,"70":147,"71":147,"72":147,"74":147,"75":147,"76":147,"77":147,"78":147,"80":147,"82":147,"83":147,"84":147,"85":147,"86":147,"87":147,"88":147,"89":147,"91":147,"94":147,"95":147,"96":147,"97":147,"98":147,"101":147,"102":147,"106":147,"107":26,"110":26,"112":6,"113":6,"114":6,"115":6,"116":6,"117":6,"118":6,"119":6,"120":6,"121":26,"123":18,"124":18,"125":18,"126":18,"127":18,"128":18,"129":18,"130":18,"131":18,"132":18,"133":18,"134":18,"135":18,"136":18,"137":18,"138":18,"139":18,"140":18,"141":18,"142":18,"143":18,"144":18,"145":18,"146":18,"147":18,"148":18,"149":18,"150":18,"151":18,"153":147,"155":147,"156":147,"157":147,"158":1,"159":1,"160":1,"161":1,"162":147,"163":1,"164":1,"165":0,"166":1,"167":1,"168":1,"169":147,"171":147,"172":147,"173":1,"174":1,"175":1,"176":1,"177":1,"178":1,"179":147,"180":1,"181":1,"182":1,"183":147,"184":0,"185":0,"186":0,"187":0,"188":0,"189":147,"191":147,"192":4,"193":4,"194":4,"195":4,"196":4,"197":4,"198":4,"199":4,"200":4,"202":147,"203":4,"205":4,"206":1,"207":1,"208":1,"211":3,"212":3,"213":1,"214":1,"215":1,"216":2,"217":4,"219":0,"220":0,"221":0,"222":0,"223":0,"224":0,"225":0,"226":0,"227":0,"228":0,"229":0,"230":0,"231":0,"232":0,"233":0,"234":0,"235":0,"236":0,"237":0,"238":0,"239":0,"240":0,"241":0,"242":0,"243":0,"244":0,"245":0,"247":0,"248":0,"251":0,"252":0,"253":0,"254":0,"255":0,"256":0,"257":0,"258":0,"260":0,"261":0,"262":0,"263":0,"264":0,"265":0,"266":0,"267":0,"268":0,"269":4,"271":147,"272":85,"273":85,"275":147,"276":147,"277":147,"278":147,"279":147,"280":147,"281":147,"282":147,"283":147,"284":147,"285":147,"286":147,"287":147,"288":147,"289":147,"290":147,"291":131,"293":131,"294":131,"295":131,"296":131,"297":131,"298":131,"300":131,"301":131,"302":131,"303":131,"304":131,"305":131,"306":131,"307":131,"308":131,"309":131,"312":131,"313":127,"314":127,"315":127,"316":127,"317":127,"318":127,"319":127,"323":131,"324":4,"325":4,"328":4,"329":4,"330":4,"331":4,"332":4,"335":4,"336":4,"337":4,"338":4,"339":4,"340":4,"341":4,"342":4,"345":4,"346":0,"347":0,"348":0,"349":0,"350":0,"351":0,"352":0,"354":0,"355":0,"356":0,"357":0,"358":0,"359":0,"360":0,"361":0,"365":4,"366":4,"367":4,"368":4,"369":4,"370":4,"371":4,"372":4,"375":4,"376":0,"377":0,"378":0,"379":0,"380":0,"381":0,"382":0,"383":0,"387":4,"388":4,"389":4,"390":4,"391":4,"393":4,"394":4,"395":4,"396":4,"397":4,"398":4,"399":0,"400":0,"401":0,"402":0,"403":0,"404":0,"405":0,"406":0,"407":0,"408":0,"409":0,"410":0,"411":0,"412":0,"413":0,"414":0,"415":0,"416":0,"417":0,"418":0,"419":0,"420":0,"421":0,"422":0,"423":0,"424":0,"425":0,"426":0,"427":0,"428":0,"430":4,"433":4,"434":4,"435":4,"436":4,"437":4,"438":4,"439":4,"440":4,"441":4,"444":4,"445":4,"446":4,"447":4,"448":4,"450":4,"451":4,"452":4,"453":4,"454":4,"455":4,"456":0,"457":0,"458":0,"459":0,"460":0,"461":0,"462":0,"463":0,"464":0,"465":0,"466":0,"467":0,"468":0,"469":0,"470":0,"471":0,"472":0,"473":0,"474":0,"475":0,"476":0,"477":0,"478":0,"480":0,"481":0,"482":0,"483":0,"484":0,"485":0,"486":0,"487":0,"488":0,"490":0,"491":0,"492":0,"493":0,"494":0,"495":0,"496":0,"497":0,"499":0,"500":0,"501":0,"502":0,"503":0,"504":0,"505":0,"506":0,"507":0,"508":0,"510":0,"512":0,"513":0,"514":0,"515":0,"516":0,"517":0,"518":0,"519":0,"520":0,"521":0,"522":0,"524":4,"525":4,"529":131,"530":131,"534":147,"535":147,"536":147,"537":16,"538":16,"539":16,"540":16,"541":16,"542":16,"543":16,"544":16,"546":16,"547":16,"548":16,"549":16,"550":16,"551":16,"553":16,"554":16,"555":16,"556":16,"557":16,"558":16,"559":16,"560":16,"563":147,"564":147,"565":147,"566":147,"567":147,"568":147,"569":147,"570":147,"571":147,"573":147,"574":147,"575":147,"576":147,"577":147,"578":147,"579":147,"580":147,"581":147,"583":147,"584":147,"585":147,"586":147,"587":147,"588":147,"589":147,"590":147,"591":147,"592":147,"593":147,"594":147,"595":147,"596":147,"597":147,"598":147,"599":147,"600":147,"601":147,"602":147,"603":147,"605":147,"606":0,"607":147,"608":147,"609":147,"610":147,"612":147},"branchMap":{"0":{"type":"branch","line":26,"loc":{"start":{"line":26,"column":0},"end":{"line":613,"column":1}},"locations":[{"start":{"line":26,"column":0},"end":{"line":613,"column":1}}]},"1":{"type":"branch","line":30,"loc":{"start":{"line":30,"column":19},"end":{"line":30,"column":33}},"locations":[{"start":{"line":30,"column":19},"end":{"line":30,"column":33}}]},"2":{"type":"branch","line":98,"loc":{"start":{"line":98,"column":13},"end":{"line":98,"column":34}},"locations":[{"start":{"line":98,"column":13},"end":{"line":98,"column":34}}]},"3":{"type":"branch","line":98,"loc":{"start":{"line":98,"column":24},"end":{"line":98,"column":57}},"locations":[{"start":{"line":98,"column":24},"end":{"line":98,"column":57}}]},"4":{"type":"branch","line":102,"loc":{"start":{"line":102,"column":29},"end":{"line":102,"column":71}},"locations":[{"start":{"line":102,"column":29},"end":{"line":102,"column":71}}]},"5":{"type":"branch","line":103,"loc":{"start":{"line":103,"column":26},"end":{"line":103,"column":52}},"locations":[{"start":{"line":103,"column":26},"end":{"line":103,"column":52}}]},"6":{"type":"branch","line":103,"loc":{"start":{"line":103,"column":52},"end":{"line":103,"column":78}},"locations":[{"start":{"line":103,"column":52},"end":{"line":103,"column":78}}]},"7":{"type":"branch","line":103,"loc":{"start":{"line":103,"column":73},"end":{"line":103,"column":81}},"locations":[{"start":{"line":103,"column":73},"end":{"line":103,"column":81}}]},"8":{"type":"branch","line":280,"loc":{"start":{"line":280,"column":18},"end":{"line":280,"column":46}},"locations":[{"start":{"line":280,"column":18},"end":{"line":280,"column":46}}]},"9":{"type":"branch","line":280,"loc":{"start":{"line":280,"column":42},"end":{"line":280,"column":65}},"locations":[{"start":{"line":280,"column":42},"end":{"line":280,"column":65}}]},"10":{"type":"branch","line":285,"loc":{"start":{"line":285,"column":11},"end":{"line":285,"column":52}},"locations":[{"start":{"line":285,"column":11},"end":{"line":285,"column":52}}]},"11":{"type":"branch","line":285,"loc":{"start":{"line":285,"column":20},"end":{"line":285,"column":85}},"locations":[{"start":{"line":285,"column":20},"end":{"line":285,"column":85}}]},"12":{"type":"branch","line":291,"loc":{"start":{"line":291,"column":12},"end":{"line":531,"column":15}},"locations":[{"start":{"line":291,"column":12},"end":{"line":531,"column":15}}]},"13":{"type":"branch","line":313,"loc":{"start":{"line":313,"column":32},"end":{"line":320,"column":18}},"locations":[{"start":{"line":313,"column":32},"end":{"line":320,"column":18}}]},"14":{"type":"branch","line":324,"loc":{"start":{"line":324,"column":32},"end":{"line":526,"column":22}},"locations":[{"start":{"line":324,"column":32},"end":{"line":526,"column":22}}]},"15":{"type":"branch","line":346,"loc":{"start":{"line":346,"column":19},"end":{"line":362,"column":28}},"locations":[{"start":{"line":346,"column":19},"end":{"line":362,"column":28}}]},"16":{"type":"branch","line":376,"loc":{"start":{"line":376,"column":20},"end":{"line":384,"column":26}},"locations":[{"start":{"line":376,"column":20},"end":{"line":384,"column":26}}]},"17":{"type":"branch","line":394,"loc":{"start":{"line":394,"column":70},"end":{"line":394,"column":102}},"locations":[{"start":{"line":394,"column":70},"end":{"line":394,"column":102}}]},"18":{"type":"branch","line":399,"loc":{"start":{"line":399,"column":21},"end":{"line":429,"column":28}},"locations":[{"start":{"line":399,"column":21},"end":{"line":429,"column":28}}]},"19":{"type":"branch","line":451,"loc":{"start":{"line":451,"column":70},"end":{"line":451,"column":104}},"locations":[{"start":{"line":451,"column":70},"end":{"line":451,"column":104}}]},"20":{"type":"branch","line":456,"loc":{"start":{"line":456,"column":21},"end":{"line":523,"column":28}},"locations":[{"start":{"line":456,"column":21},"end":{"line":523,"column":28}}]},"21":{"type":"branch","line":537,"loc":{"start":{"line":537,"column":15},"end":{"line":561,"column":19}},"locations":[{"start":{"line":537,"column":15},"end":{"line":561,"column":19}}]},"22":{"type":"branch","line":578,"loc":{"start":{"line":578,"column":34},"end":{"line":578,"column":52}},"locations":[{"start":{"line":578,"column":34},"end":{"line":578,"column":52}}]},"23":{"type":"branch","line":588,"loc":{"start":{"line":588,"column":34},"end":{"line":588,"column":46}},"locations":[{"start":{"line":588,"column":34},"end":{"line":588,"column":46}}]},"24":{"type":"branch","line":606,"loc":{"start":{"line":606,"column":67},"end":{"line":607,"column":32}},"locations":[{"start":{"line":606,"column":67},"end":{"line":607,"column":32}}]},"25":{"type":"branch","line":608,"loc":{"start":{"line":608,"column":16},"end":{"line":608,"column":43}},"locations":[{"start":{"line":608,"column":16},"end":{"line":608,"column":43}}]},"26":{"type":"branch","line":608,"loc":{"start":{"line":608,"column":25},"end":{"line":608,"column":58}},"locations":[{"start":{"line":608,"column":25},"end":{"line":608,"column":58}}]},"27":{"type":"branch","line":97,"loc":{"start":{"line":97,"column":13},"end":{"line":97,"column":51}},"locations":[{"start":{"line":97,"column":13},"end":{"line":97,"column":51}}]},"28":{"type":"branch","line":107,"loc":{"start":{"line":107,"column":12},"end":{"line":154,"column":5}},"locations":[{"start":{"line":107,"column":12},"end":{"line":154,"column":5}}]},"29":{"type":"branch","line":108,"loc":{"start":{"line":108,"column":17},"end":{"line":108,"column":24}},"locations":[{"start":{"line":108,"column":17},"end":{"line":108,"column":24}}]},"30":{"type":"branch","line":108,"loc":{"start":{"line":108,"column":17},"end":{"line":111,"column":19}},"locations":[{"start":{"line":108,"column":17},"end":{"line":111,"column":19}}]},"31":{"type":"branch","line":111,"loc":{"start":{"line":111,"column":19},"end":{"line":122,"column":11}},"locations":[{"start":{"line":111,"column":19},"end":{"line":122,"column":11}}]},"32":{"type":"branch","line":117,"loc":{"start":{"line":117,"column":33},"end":{"line":117,"column":53}},"locations":[{"start":{"line":117,"column":33},"end":{"line":117,"column":53}}]},"33":{"type":"branch","line":118,"loc":{"start":{"line":118,"column":31},"end":{"line":118,"column":49}},"locations":[{"start":{"line":118,"column":31},"end":{"line":118,"column":49}}]},"34":{"type":"branch","line":119,"loc":{"start":{"line":119,"column":25},"end":{"line":119,"column":37}},"locations":[{"start":{"line":119,"column":25},"end":{"line":119,"column":37}}]},"35":{"type":"branch","line":122,"loc":{"start":{"line":122,"column":4},"end":{"line":152,"column":5}},"locations":[{"start":{"line":122,"column":4},"end":{"line":152,"column":5}}]},"36":{"type":"branch","line":157,"loc":{"start":{"line":157,"column":16},"end":{"line":157,"column":103}},"locations":[{"start":{"line":157,"column":16},"end":{"line":157,"column":103}}]},"37":{"type":"branch","line":158,"loc":{"start":{"line":158,"column":15},"end":{"line":162,"column":6}},"locations":[{"start":{"line":158,"column":15},"end":{"line":162,"column":6}}]},"38":{"type":"branch","line":163,"loc":{"start":{"line":163,"column":13},"end":{"line":169,"column":6}},"locations":[{"start":{"line":163,"column":13},"end":{"line":169,"column":6}}]},"39":{"type":"branch","line":165,"loc":{"start":{"line":165,"column":44},"end":{"line":165,"column":72}},"locations":[{"start":{"line":165,"column":44},"end":{"line":165,"column":72}}]},"40":{"type":"branch","line":165,"loc":{"start":{"line":165,"column":67},"end":{"line":166,"column":93}},"locations":[{"start":{"line":165,"column":67},"end":{"line":166,"column":93}}]},"41":{"type":"branch","line":173,"loc":{"start":{"line":173,"column":16},"end":{"line":179,"column":9}},"locations":[{"start":{"line":173,"column":16},"end":{"line":179,"column":9}}]},"42":{"type":"branch","line":176,"loc":{"start":{"line":176,"column":28},"end":{"line":176,"column":55}},"locations":[{"start":{"line":176,"column":28},"end":{"line":176,"column":55}}]},"43":{"type":"branch","line":180,"loc":{"start":{"line":180,"column":15},"end":{"line":183,"column":6}},"locations":[{"start":{"line":180,"column":15},"end":{"line":183,"column":6}}]},"44":{"type":"branch","line":192,"loc":{"start":{"line":192,"column":31},"end":{"line":201,"column":4}},"locations":[{"start":{"line":192,"column":31},"end":{"line":201,"column":4}}]},"45":{"type":"branch","line":195,"loc":{"start":{"line":195,"column":18},"end":{"line":199,"column":8}},"locations":[{"start":{"line":195,"column":18},"end":{"line":199,"column":8}}]},"46":{"type":"branch","line":203,"loc":{"start":{"line":203,"column":23},"end":{"line":270,"column":4}},"locations":[{"start":{"line":203,"column":23},"end":{"line":270,"column":4}}]},"47":{"type":"branch","line":206,"loc":{"start":{"line":206,"column":16},"end":{"line":209,"column":5}},"locations":[{"start":{"line":206,"column":16},"end":{"line":209,"column":5}}]},"48":{"type":"branch","line":209,"loc":{"start":{"line":209,"column":4},"end":{"line":218,"column":11}},"locations":[{"start":{"line":209,"column":4},"end":{"line":218,"column":11}}]},"49":{"type":"branch","line":213,"loc":{"start":{"line":213,"column":39},"end":{"line":216,"column":7}},"locations":[{"start":{"line":213,"column":39},"end":{"line":216,"column":7}}]},"50":{"type":"branch","line":216,"loc":{"start":{"line":216,"column":6},"end":{"line":218,"column":11}},"locations":[{"start":{"line":216,"column":6},"end":{"line":218,"column":11}}]},"51":{"type":"branch","line":218,"loc":{"start":{"line":218,"column":4},"end":{"line":269,"column":5}},"locations":[{"start":{"line":218,"column":4},"end":{"line":269,"column":5}}]},"52":{"type":"branch","line":272,"loc":{"start":{"line":272,"column":23},"end":{"line":274,"column":4}},"locations":[{"start":{"line":272,"column":23},"end":{"line":274,"column":4}}]},"53":{"type":"branch","line":273,"loc":{"start":{"line":273,"column":16},"end":{"line":273,"column":55}},"locations":[{"start":{"line":273,"column":16},"end":{"line":273,"column":55}}]},"54":{"type":"branch","line":298,"loc":{"start":{"line":298,"column":28},"end":{"line":298,"column":84}},"locations":[{"start":{"line":298,"column":28},"end":{"line":298,"column":84}}]},"55":{"type":"branch","line":552,"loc":{"start":{"line":552,"column":32},"end":{"line":552,"column":78}},"locations":[{"start":{"line":552,"column":32},"end":{"line":552,"column":78}}]},"56":{"type":"branch","line":570,"loc":{"start":{"line":570,"column":28},"end":{"line":570,"column":81}},"locations":[{"start":{"line":570,"column":28},"end":{"line":570,"column":81}}]},"57":{"type":"branch","line":579,"loc":{"start":{"line":579,"column":28},"end":{"line":579,"column":79}},"locations":[{"start":{"line":579,"column":28},"end":{"line":579,"column":79}}]},"58":{"type":"branch","line":589,"loc":{"start":{"line":589,"column":28},"end":{"line":589,"column":73}},"locations":[{"start":{"line":589,"column":28},"end":{"line":589,"column":73}}]}},"b":{"0":[147],"1":[16],"2":[145],"3":[129],"4":[2],"5":[2],"6":[2],"7":[145],"8":[16],"9":[131],"10":[16],"11":[131],"12":[131],"13":[127],"14":[4],"15":[0],"16":[0],"17":[0],"18":[0],"19":[0],"20":[0],"21":[16],"22":[50],"23":[114],"24":[0],"25":[16],"26":[131],"27":[3],"28":[26],"29":[2],"30":[24],"31":[6],"32":[0],"33":[0],"34":[0],"35":[18],"36":[2],"37":[1],"38":[1],"39":[0],"40":[0],"41":[1],"42":[0],"43":[1],"44":[4],"45":[4],"46":[4],"47":[1],"48":[3],"49":[1],"50":[2],"51":[0],"52":[85],"53":[85],"54":[3],"55":[2],"56":[1],"57":[62],"58":[20]},"fnMap":{"0":{"name":"WorkOrderFormDialog","decl":{"start":{"line":26,"column":0},"end":{"line":613,"column":1}},"loc":{"start":{"line":26,"column":0},"end":{"line":613,"column":1}},"line":26},"1":{"name":"queryFn","decl":{"start":{"line":97,"column":13},"end":{"line":97,"column":51}},"loc":{"start":{"line":97,"column":13},"end":{"line":97,"column":51}},"line":97},"2":{"name":"mutationFn","decl":{"start":{"line":157,"column":16},"end":{"line":157,"column":103}},"loc":{"start":{"line":157,"column":16},"end":{"line":157,"column":103}},"line":157},"3":{"name":"onSuccess","decl":{"start":{"line":158,"column":15},"end":{"line":162,"column":6}},"loc":{"start":{"line":158,"column":15},"end":{"line":162,"column":6}},"line":158},"4":{"name":"onError","decl":{"start":{"line":163,"column":13},"end":{"line":169,"column":6}},"loc":{"start":{"line":163,"column":13},"end":{"line":169,"column":6}},"line":163},"5":{"name":"mutationFn","decl":{"start":{"line":173,"column":16},"end":{"line":179,"column":9}},"loc":{"start":{"line":173,"column":16},"end":{"line":179,"column":9}},"line":173},"6":{"name":"onSuccess","decl":{"start":{"line":180,"column":15},"end":{"line":183,"column":6}},"loc":{"start":{"line":180,"column":15},"end":{"line":183,"column":6}},"line":180},"7":{"name":"onError","decl":{"start":{"line":184,"column":13},"end":{"line":189,"column":6}},"loc":{"start":{"line":184,"column":13},"end":{"line":189,"column":6}},"line":184},"8":{"name":"handleLocationChange","decl":{"start":{"line":192,"column":31},"end":{"line":201,"column":4}},"loc":{"start":{"line":192,"column":31},"end":{"line":201,"column":4}},"line":192},"9":{"name":"handleSubmit","decl":{"start":{"line":203,"column":23},"end":{"line":270,"column":4}},"loc":{"start":{"line":203,"column":23},"end":{"line":270,"column":4}},"line":203},"10":{"name":"handleChange","decl":{"start":{"line":272,"column":23},"end":{"line":274,"column":4}},"loc":{"start":{"line":272,"column":23},"end":{"line":274,"column":4}},"line":272},"11":{"name":"onChange","decl":{"start":{"line":298,"column":28},"end":{"line":298,"column":84}},"loc":{"start":{"line":298,"column":28},"end":{"line":298,"column":84}},"line":298},"12":{"name":"onChange","decl":{"start":{"line":352,"column":34},"end":{"line":352,"column":77}},"loc":{"start":{"line":352,"column":34},"end":{"line":352,"column":77}},"line":352},"13":{"name":"onChange","decl":{"start":{"line":370,"column":32},"end":{"line":370,"column":85}},"loc":{"start":{"line":370,"column":32},"end":{"line":370,"column":85}},"line":370},"14":{"name":"onClick","decl":{"start":{"line":391,"column":31},"end":{"line":391,"column":74}},"loc":{"start":{"line":391,"column":31},"end":{"line":391,"column":74}},"line":391},"15":{"name":"onChange","decl":{"start":{"line":406,"column":38},"end":{"line":406,"column":102}},"loc":{"start":{"line":406,"column":38},"end":{"line":406,"column":102}},"line":406},"16":{"name":"onValueChange","decl":{"start":{"line":417,"column":43},"end":{"line":417,"column":111}},"loc":{"start":{"line":417,"column":43},"end":{"line":417,"column":111}},"line":417},"17":{"name":"onChange","decl":{"start":{"line":426,"column":38},"end":{"line":426,"column":103}},"loc":{"start":{"line":426,"column":38},"end":{"line":426,"column":103}},"line":426},"18":{"name":"onChange","decl":{"start":{"line":439,"column":32},"end":{"line":439,"column":77}},"loc":{"start":{"line":439,"column":32},"end":{"line":439,"column":77}},"line":439},"19":{"name":"onClick","decl":{"start":{"line":448,"column":31},"end":{"line":448,"column":78}},"loc":{"start":{"line":448,"column":31},"end":{"line":448,"column":78}},"line":448},"20":{"name":"onChange","decl":{"start":{"line":465,"column":40},"end":{"line":465,"column":135}},"loc":{"start":{"line":465,"column":40},"end":{"line":465,"column":135}},"line":465},"21":{"name":"onChange","decl":{"start":{"line":475,"column":40},"end":{"line":475,"column":123}},"loc":{"start":{"line":475,"column":40},"end":{"line":475,"column":123}},"line":475},"22":{"name":"onChange","decl":{"start":{"line":486,"column":40},"end":{"line":486,"column":124}},"loc":{"start":{"line":486,"column":40},"end":{"line":486,"column":124}},"line":486},"23":{"name":"onChange","decl":{"start":{"line":495,"column":40},"end":{"line":495,"column":112}},"loc":{"start":{"line":495,"column":40},"end":{"line":495,"column":112}},"line":495},"24":{"name":"onChange","decl":{"start":{"line":506,"column":42},"end":{"line":506,"column":126}},"loc":{"start":{"line":506,"column":42},"end":{"line":506,"column":126}},"line":506},"25":{"name":"onChange","decl":{"start":{"line":518,"column":38},"end":{"line":518,"column":107}},"loc":{"start":{"line":518,"column":38},"end":{"line":518,"column":107}},"line":518},"26":{"name":"onChange","decl":{"start":{"line":552,"column":32},"end":{"line":552,"column":78}},"loc":{"start":{"line":552,"column":32},"end":{"line":552,"column":78}},"line":552},"27":{"name":"onChange","decl":{"start":{"line":570,"column":28},"end":{"line":570,"column":81}},"loc":{"start":{"line":570,"column":28},"end":{"line":570,"column":81}},"line":570},"28":{"name":"onChange","decl":{"start":{"line":579,"column":28},"end":{"line":579,"column":79}},"loc":{"start":{"line":579,"column":28},"end":{"line":579,"column":79}},"line":579},"29":{"name":"onChange","decl":{"start":{"line":589,"column":28},"end":{"line":589,"column":73}},"loc":{"start":{"line":589,"column":28},"end":{"line":589,"column":73}},"line":589}},"f":{"0":147,"1":3,"2":2,"3":1,"4":1,"5":1,"6":1,"7":0,"8":4,"9":4,"10":85,"11":3,"12":0,"13":0,"14":0,"15":0,"16":0,"17":0,"18":0,"19":0,"20":0,
[...]
umn":50}},"823":{"start":{"line":824,"column":0},"end":{"line":824,"column":32}},"824":{"start":{"line":825,"column":0},"end":{"line":825,"column":98}},"825":{"start":{"line":826,"column":0},"end":{"line":826,"column":25}},"827":{"start":{"line":828,"column":0},"end":{"line":828,"column":28}},"828":{"start":{"line":829,"column":0},"end":{"line":829,"column":20}},"829":{"start":{"line":830,"column":0},"end":{"line":830,"column":24}},"830":{"start":{"line":831,"column":0},"end":{"line":831,"column":46}},"831":{"start":{"line":832,"column":0},"end":{"line":832,"column":84}},"832":{"start":{"line":833,"column":0},"end":{"line":833,"column":24}},"833":{"start":{"line":834,"column":0},"end":{"line":834,"column":52}},"834":{"start":{"line":835,"column":0},"end":{"line":835,"column":74}},"835":{"start":{"line":836,"column":0},"end":{"line":836,"column":36}},"836":{"start":{"line":837,"column":0},"end":{"line":837,"column":50}},"837":{"start":{"line":838,"column":0},"end":{"line":838,"column":32}},"838":{"start":{"line":839,"column":0},"end":{"line":839,"column":103}},"839":{"start":{"line":840,"column":0},"end":{"line":840,"column":25}},"841":{"start":{"line":842,"column":0},"end":{"line":842,"column":37}},"842":{"start":{"line":843,"column":0},"end":{"line":843,"column":20}},"843":{"start":{"line":844,"column":0},"end":{"line":844,"column":24}},"844":{"start":{"line":845,"column":0},"end":{"line":845,"column":20}},"847":{"start":{"line":848,"column":0},"end":{"line":848,"column":55}},"848":{"start":{"line":849,"column":0},"end":{"line":849,"column":46}},"849":{"start":{"line":850,"column":0},"end":{"line":850,"column":78}},"850":{"start":{"line":851,"column":0},"end":{"line":851,"column":24}},"851":{"start":{"line":852,"column":0},"end":{"line":852,"column":38}},"852":{"start":{"line":853,"column":0},"end":{"line":853,"column":60}},"853":{"start":{"line":854,"column":0},"end":{"line":854,"column":36}},"854":{"start":{"line":855,"column":0},"end":{"line":855,"column":50}},"855":{"start":{"line":856,"column":0},"end":{"line":856,"column":32}},"856":{"start":{"line":857,"column":0},"end":{"line":857,"column":89}},"857":{"start":{"line":858,"column":0},"end":{"line":858,"column":25}},"859":{"start":{"line":860,"column":0},"end":{"line":860,"column":28}},"860":{"start":{"line":861,"column":0},"end":{"line":861,"column":20}},"861":{"start":{"line":862,"column":0},"end":{"line":862,"column":24}},"862":{"start":{"line":863,"column":0},"end":{"line":863,"column":46}},"863":{"start":{"line":864,"column":0},"end":{"line":864,"column":79}},"864":{"start":{"line":865,"column":0},"end":{"line":865,"column":25}},"865":{"start":{"line":866,"column":0},"end":{"line":866,"column":39}},"866":{"start":{"line":867,"column":0},"end":{"line":867,"column":61}},"867":{"start":{"line":868,"column":0},"end":{"line":868,"column":36}},"868":{"start":{"line":869,"column":0},"end":{"line":869,"column":50}},"869":{"start":{"line":870,"column":0},"end":{"line":870,"column":32}},"870":{"start":{"line":871,"column":0},"end":{"line":871,"column":90}},"871":{"start":{"line":872,"column":0},"end":{"line":872,"column":25}},"873":{"start":{"line":874,"column":0},"end":{"line":874,"column":28}},"875":{"start":{"line":876,"column":0},"end":{"line":876,"column":71}},"876":{"start":{"line":877,"column":0},"end":{"line":877,"column":47}},"877":{"start":{"line":878,"column":0},"end":{"line":878,"column":56}},"878":{"start":{"line":879,"column":0},"end":{"line":879,"column":31}},"879":{"start":{"line":880,"column":0},"end":{"line":880,"column":31}},"880":{"start":{"line":881,"column":0},"end":{"line":881,"column":23}},"881":{"start":{"line":882,"column":0},"end":{"line":882,"column":27}},"882":{"start":{"line":883,"column":0},"end":{"line":883,"column":24}},"883":{"start":{"line":884,"column":0},"end":{"line":884,"column":46}},"884":{"start":{"line":885,"column":0},"end":{"line":885,"column":81}},"885":{"start":{"line":886,"column":0},"end":{"line":886,"column":24}},"886":{"start":{"line":887,"column":0},"end":{"line":887,"column":41}},"887":{"start":{"line":888,"column":0},"end":{"line":888,"column":63}},"888":{"start":{"line":889,"column":0},"end":{"line":889,"column":36}},"889":{"start":{"line":890,"column":0},"end":{"line":890,"column":50}},"890":{"start":{"line":891,"column":0},"end":{"line":891,"column":32}},"891":{"start":{"line":892,"column":0},"end":{"line":892,"column":92}},"892":{"start":{"line":893,"column":0},"end":{"line":893,"column":25}},"894":{"start":{"line":895,"column":0},"end":{"line":895,"column":28}},"895":{"start":{"line":896,"column":0},"end":{"line":896,"column":20}},"896":{"start":{"line":897,"column":0},"end":{"line":897,"column":24}},"897":{"start":{"line":898,"column":0},"end":{"line":898,"column":20}},"898":{"start":{"line":899,"column":0},"end":{"line":899,"column":18}},"901":{"start":{"line":902,"column":0},"end":{"line":902,"column":90}},"904":{"start":{"line":905,"column":0},"end":{"line":905,"column":19}},"905":{"start":{"line":906,"column":0},"end":{"line":906,"column":23}},"906":{"start":{"line":907,"column":0},"end":{"line":907,"column":31}},"907":{"start":{"line":908,"column":0},"end":{"line":908,"column":74}},"908":{"start":{"line":909,"column":0},"end":{"line":909,"column":158}},"910":{"start":{"line":911,"column":0},"end":{"line":911,"column":160}},"911":{"start":{"line":912,"column":0},"end":{"line":912,"column":106}},"912":{"start":{"line":913,"column":0},"end":{"line":913,"column":24}},"913":{"start":{"line":914,"column":0},"end":{"line":914,"column":55}},"914":{"start":{"line":915,"column":0},"end":{"line":915,"column":25}},"915":{"start":{"line":916,"column":0},"end":{"line":916,"column":39}},"916":{"start":{"line":917,"column":0},"end":{"line":917,"column":55}},"918":{"start":{"line":919,"column":0},"end":{"line":919,"column":60}},"919":{"start":{"line":920,"column":0},"end":{"line":920,"column":29}},"920":{"start":{"line":921,"column":0},"end":{"line":921,"column":95}},"921":{"start":{"line":922,"column":0},"end":{"line":922,"column":30}},"922":{"start":{"line":923,"column":0},"end":{"line":923,"column":39}},"923":{"start":{"line":924,"column":0},"end":{"line":924,"column":49}},"924":{"start":{"line":925,"column":0},"end":{"line":925,"column":63}},"925":{"start":{"line":926,"column":0},"end":{"line":926,"column":42}},"926":{"start":{"line":927,"column":0},"end":{"line":927,"column":117}},"928":{"start":{"line":929,"column":0},"end":{"line":929,"column":33}},"929":{"start":{"line":930,"column":0},"end":{"line":930,"column":58}},"930":{"start":{"line":931,"column":0},"end":{"line":931,"column":26}},"931":{"start":{"line":932,"column":0},"end":{"line":932,"column":30}},"932":{"start":{"line":933,"column":0},"end":{"line":933,"column":29}},"933":{"start":{"line":934,"column":0},"end":{"line":934,"column":95}},"934":{"start":{"line":935,"column":0},"end":{"line":935,"column":30}},"935":{"start":{"line":936,"column":0},"end":{"line":936,"column":52}},"936":{"start":{"line":937,"column":0},"end":{"line":937,"column":66}},"937":{"start":{"line":938,"column":0},"end":{"line":938,"column":121}},"938":{"start":{"line":939,"column":0},"end":{"line":939,"column":50}},"939":{"start":{"line":940,"column":0},"end":{"line":940,"column":26}},"940":{"start":{"line":941,"column":0},"end":{"line":941,"column":30}},"941":{"start":{"line":942,"column":0},"end":{"line":942,"column":26}},"944":{"start":{"line":945,"column":0},"end":{"line":945,"column":58}},"945":{"start":{"line":946,"column":0},"end":{"line":946,"column":59}},"946":{"start":{"line":947,"column":0},"end":{"line":947,"column":33}},"947":{"start":{"line":948,"column":0},"end":{"line":948,"column":54}},"948":{"start":{"line":949,"column":0},"end":{"line":949,"column":70}},"949":{"start":{"line":950,"column":0},"end":{"line":950,"column":122}},"950":{"start":{"line":951,"column":0},"end":{"line":951,"column":26}},"951":{"start":{"line":952,"column":0},"end":{"line":952,"column":99}},"952":{"start":{"line":953,"column":0},"end":{"line":953,"column":38}},"954":{"start":{"line":955,"column":0},"end":{"line":955,"column":59}},"955":{"start":{"line":956,"column":0},"end":{"line":956,"column":33}},"956":{"start":{"line":957,"column":0},"end":{"line":957,"column":42}},"957":{"start":{"line":958,"column":0},"end":{"line":958,"column":58}},"958":{"start":{"line":959,"column":0},"end":{"line":959,"column":110}},"959":{"start":{"line":960,"column":0},"end":{"line":960,"column":26}},"960":{"start":{"line":961,"column":0},"end":{"line":961,"column":87}},"961":{"start":{"line":962,"column":0},"end":{"line":962,"column":38}},"963":{"start":{"line":964,"column":0},"end":{"line":964,"column":50}},"964":{"start":{"line":965,"column":0},"end":{"line":965,"column":50}},"965":{"start":{"line":966,"column":0},"end":{"line":966,"column":92}},"966":{"start":{"line":967,"column":0},"end":{"line":967,"column":32}},"967":{"start":{"line":968,"column":0},"end":{"line":968,"column":55}},"968":{"start":{"line":969,"column":0},"end":{"line":969,"column":69}},"969":{"start":{"line":970,"column":0},"end":{"line":970,"column":44}},"970":{"start":{"line":971,"column":0},"end":{"line":971,"column":108}},"972":{"start":{"line":973,"column":0},"end":{"line":973,"column":55}},"973":{"start":{"line":974,"column":0},"end":{"line":974,"column":28}},"974":{"start":{"line":975,"column":0},"end":{"line":975,"column":32}},"976":{"start":{"line":977,"column":0},"end":{"line":977,"column":26}},"979":{"start":{"line":980,"column":0},"end":{"line":980,"column":27}},"980":{"start":{"line":981,"column":0},"end":{"line":981,"column":81}},"981":{"start":{"line":982,"column":0},"end":{"line":982,"column":31}},"982":{"start":{"line":983,"column":0},"end":{"line":983,"column":36}},"983":{"start":{"line":984,"column":0},"end":{"line":984,"column":50}},"984":{"start":{"line":985,"column":0},"end":{"line":985,"column":105}},"985":{"start":{"line":986,"column":0},"end":{"line":986,"column":32}},"986":{"start":{"line":987,"column":0},"end":{"line":987,"column":58}},"987":{"start":{"line":988,"column":0},"end":{"line":988,"column":24}},"988":{"start":{"line":989,"column":0},"end":{"line":989,"column":28}},"991":{"start":{"line":992,"column":0},"end":{"line":992,"column":27}},"992":{"start":{"line":993,"column":0},"end":{"line":993,"column":82}},"993":{"start":{"line":994,"column":0},"end":{"line":994,"column":33}},"994":{"start":{"line":995,"column":0},"end":{"line":995,"column":51}},"995":{"start":{"line":996,"column":0},"end":{"line":996,"column":126}},"996":{"start":{"line":997,"column":0},"end":{"line":997,"column":51}},"998":{"start":{"line":999,"column":0},"end":{"line":999,"column":36}},"999":{"start":{"line":1000,"column":0},"end":{"line":1000,"column":50}},"1000":{"start":{"line":1001,"column":0},"end":{"line":1001,"column":81}},"1001":{"start":{"line":1002,"column":0},"end":{"line":1002,"column":37}},"1002":{"start":{"line":1003,"column":0},"end":{"line":1003,"column":36}},"1003":{"start":{"line":1004,"column":0},"end":{"line":1004,"column":52}},"1004":{"start":{"line":1005,"column":0},"end":{"line":1005,"column":83}},"1005":{"start":{"line":1006,"column":0},"end":{"line":1006,"column":37}},"1006":{"start":{"line":1007,"column":0},"end":{"line":1007,"column":35}},"1007":{"start":{"line":1008,"column":0},"end":{"line":1008,"column":28}},"1008":{"start":{"line":1009,"column":0},"end":{"line":1009,"column":24}},"1010":{"start":{"line":1011,"column":0},"end":{"line":1011,"column":20}},"1011":{"start":{"line":1012,"column":0},"end":{"line":1012,"column":18}},"1012":{"start":{"line":1013,"column":0},"end":{"line":1013,"column":17}},"1014":{"start":{"line":1015,"column":0},"end":{"line":1015,"column":19}},"1015":{"start":{"line":1016,"column":0},"end":{"line":1016,"column":21}},"1016":{"start":{"line":1017,"column":0},"end":{"line":1017,"column":40}},"1017":{"start":{"line":1018,"column":0},"end":{"line":1018,"column":30}},"1018":{"start":{"line":1019,"column":0},"end":{"line":1019,"column":17}},"1019":{"start":{"line":1020,"column":0},"end":{"line":1020,"column":15}},"1020":{"start":{"line":1021,"column":0},"end":{"line":1021,"column":23}},"1021":{"start":{"line":1022,"column":0},"end":{"line":1022,"column":30}},"1022":{"start":{"line":1023,"column":0},"end":{"line":1023,"column":73}},"1024":{"start":{"line":1025,"column":0},"end":{"line":1025,"column":63}},"1025":{"start":{"line":1026,"column":0},"end":{"line":1026,"column":32}},"1026":{"start":{"line":1027,"column":0},"end":{"line":1027,"column":60}},"1027":{"start":{"line":1028,"column":0},"end":{"line":1028,"column":17}},"1028":{"start":{"line":1029,"column":0},"end":{"line":1029,"column":22}},"1029":{"start":{"line":1030,"column":0},"end":{"line":1030,"column":13}},"1031":{"start":{"line":1032,"column":0},"end":{"line":1032,"column":1}}},"s":{"0":0,"1":0,"2":0,"3":0,"4":0,"5":0,"6":0,"7":0,"8":0,"9":0,"10":0,"11":0,"12":0,"13":0,"14":0,"15":0,"76":0,"77":0,"78":0,"79":0,"80":0,"83":0,"84":0,"85":0,"88":0,"89":0,"90":0,"91":0,"92":0,"95":0,"98":0,"100":0,"101":0,"102":0,"103":0,"104":0,"105":0,"106":0,"107":0,"108":0,"109":0,"110":0,"111":0,"112":0,"113":0,"114":0,"115":0,"116":0,"117":0,"118":0,"119":0,"120":0,"121":0,"122":0,"123":0,"124":0,"125":0,"126":0,"127":0,"128":0,"129":0,"130":0,"131":0,"133":0,"134":0,"135":0,"136":0,"137":0,"138":0,"139":0,"140":0,"141":0,"142":0,"143":0,"144":0,"145":0,"146":0,"147":0,"148":0,"149":0,"150":0,"151":0,"155":0,"156":0,"160":0,"162":0,"164":0,"166":0,"168":0,"169":0,"170":0,"171":0,"172":0,"173":0,"174":0,"175":0,"176":0,"177":0,"178":0,"179":0,"180":0,"181":0,"182":0,"183":0,"184":0,"185":0,"186":0,"187":0,"188":0,"189":0,"190":0,"191":0,"192":0,"193":0,"194":0,"195":0,"196":0,"197":0,"198":0,"199":0,"200":0,"201":0,"202":0,"203":0,"204":0,"205":0,"206":0,"207":0,"208":0,"209":0,"210":0,"211":0,"212":0,"213":0,"214":0,"215":0,"216":0,"217":0,"218":0,"219":0,"220":0,"221":0,"223":0,"224":0,"225":0,"226":0,"227":0,"228":0,"229":0,"230":0,"231":0,"232":0,"233":0,"234":0,"235":0,"237":0,"238":0,"241":0,"242":0,"243":0,"244":0,"245":0,"246":0,"247":0,"248":0,"249":0,"250":0,"251":0,"252":0,"253":0,"254":0,"255":0,"256":0,"257":0,"259":0,"260":0,"262":0,"263":0,"264":0,"265":0,"266":0,"267":0,"268":0,"269":0,"270":0,"271":0,"273":0,"274":0,"275":0,"276":0,"277":0,"278":0,"279":0,"280":0,"281":0,"282":0,"283":0,"284":0,"285":0,"286":0,"287":0,"288":0,"289":0,"291":0,"292":0,"294":0,"295":0,"297":0,"298":0,"299":0,"300":0,"301":0,"302":0,"303":0,"304":0,"305":0,"306":0,"307":0,"308":0,"311":0,"312":0,"313":0,"314":0,"315":0,"316":0,"319":0,"320":0,"321":0,"322":0,"323":0,"325":0,"326":0,"327":0,"328":0,"329":0,"330":0,"331":0,"332":0,"333":0,"334":0,"335":0,"336":0,"337":0,"338":0,"339":0,"340":0,"342":0,"343":0,"344":0,"346":0,"347":0,"348":0,"349":0,"350":0,"351":0,"352":0,"353":0,"354":0,"355":0,"356":0,"357":0,"358":0,"359":0,"360":0,"361":0,"362":0,"363":0,"364":0,"365":0,"366":0,"367":0,"368":0,"369":0,"370":0,"371":0,"372":0,"373":0,"374":0,"375":0,"376":0,"377":0,"378":0,"379":0,"380":0,"381":0,"382":0,"383":0,"384":0,"387":0,"388":0,"389":0,"390":0,"391":0,"392":0,"393":0,"394":0,"395":0,"396":0,"397":0,"399":0,"400":0,"401":0,"402":0,"403":0,"404":0,"405":0,"406":0,"407":0,"408":0,"409":0,"410":0,"411":0,"413":0,"414":0,"415":0,"416":0,"419":0,"420":0,"421":0,"422":0,"423":0,"424":0,"425":0,"426":0,"427":0,"428":0,"429":0,"431":0,"432":0,"433":0,"434":0,"435":0,"436":0,"437":0,"438":0,"439":0,"440":0,"441":0,"442":0,"443":0,"445":0,"447":0,"448":0,"449":0,"450":0,"451":0,"452":0,"453":0,"454":0,"455":0,"456":0,"457":0,"458":0,"459":0,"460":0,"461":0,"462":0,"463":0,"464":0,"466":0,"467":0,"468":0,"469":0,"472":0,"473":0,"474":0,"475":0,"476":0,"477":0,"478":0,"479":0,"481":0,"482":0,"483":0,"484":0,"485":0,"486":0,"487":0,"488":0,"490":0,"491":0,"494":0,"495":0,"496":0,"497":0,"498":0,"499":0,"500":0,"502":0,"503":0,"504":0,"505":0,"508":0,"509":0,"510":0,"511":0,"513":0,"514":0,"515":0,"516":0,"517":0,"518":0,"519":0,"520":0,"521":0,"522":0,"525":0,"526":0,"527":0,"528":0,"529":0,"530":0,"531":0,"532":0,"533":0,"534":0,"535":0,"537":0,"538":0,"539":0,"540":0,"541":0,"542":0,"543":0,"544":0,"545":0,"546":0,"547":0,"548":0,"549":0,"551":0,"552":0,"553":0,"554":0,"557":0,"558":0,"559":0,"560":0,"561":0,"562":0,"563":0,"564":0,"565":0,"566":0,"567":0,"569":0,"570":0,"571":0,"572":0,"573":0,"574":0,"575":0,"576":0,"577":0,"578":0,"579":0,"580":0,"581":0,"583":0,"585":0,"586":0,"587":0,"588":0,"589":0,"590":0,"591":0,"592":0,"593":0,"594":0,"595":0,"596":0,"597":0,"598":0,"599":0,"600":0,"601":0,"602":0,"604":0,"605":0,"606":0,"607":0,"608":0,"609":0,"613":0,"615":0,"616":0,"617":0,"618":0,"619":0,"621":0,"622":0,"623":0,"624":0,"625":0,"626":0,"627":0,"628":0,"629":0,"630":0,"631":0,"632":0,"633":0,"634":0,"635":0,"636":0,"637":0,"638":0,"639":0,"640":0,"641":0,"642":0,"643":0,"644":0,"645":0,"646":0,"647":0,"648":0,"649":0,"650":0,"651":0,"652":0,"653":0,"654":0,"655":0,"656":0,"658":0,"661":0,"662":0,"663":0,"664":0,"665":0,"667":0,"668":0,"669":0,"670":0,"671":0,"672":0,"673":0,"674":0,"675":0,"676":0,"677":0,"678":0,"679":0,"680":0,"682":0,"685":0,"686":0,"687":0,"688":0,"689":0,"691":0,"692":0,"693":0,"694":0,"695":0,"696":0,"697":0,"699":0,"700":0,"701":0,"702":0,"703":0,"704":0,"705":0,"706":0,"707":0,"709":0,"710":0,"711":0,"712":0,"713":0,"714":0,"715":0,"716":0,"717":0,"718":0,"719":0,"720":0,"721":0,"722":0,"725":0,"726":0,"727":0,"728":0,"729":0,"730":0,"731":0,"732":0,"733":0,"735":0,"736":0,"737":0,"738":0,"739":0,"740":0,"741":0,"742":0,"744":0,"745":0,"746":0,"747":0,"748":0,"749":0,"750":0,"751":0,"753":0,"754":0,"755":0,"757":0,"760":0,"761":0,"762":0,"763":0,"764":0,"765":0,"766":0,"767":0,"768":0,"769":0,"770":0,"772":0,"773":0,"774":0,"776":0,"778":0,"779":0,"780":0,"781":0,"782":0,"783":0,"784":0,"785":0,"786":0,"787":0,"788":0,"789":0,"790":0,"791":0,"792":0,"793":0,"794":0,"795":0,"796":0,"797":0,"798":0,"799":0,"800":0,"801":0,"802":0,"803":0,"804":0,"805":0,"806":0,"807":0,"808":0,"809":0,"812":0,"813":0,"815":0,"816":0,"817":0,"818":0,"819":0,"820":0,"821":0,"822":0,"823":0,"824":0,"825":0,"827":0,"828":0,"829":0,"830":0,"831":0,"832":0,"833":0,"834":0,"835":0,"836":0,"837":0,"838":0,"839":0,"841":0,"842":0,"843":0,"844":0,"847":0,"848":0,"849":0,"850":0,"851":0,"852":0,"853":0,"854":0,"855":0,"856":0,"857":0,"859":0,"860":0,"861":0,"862":0,"863":0,"864":0,"865":0,"866":0,"867":0,"868":0,"869":0,"870":0,"871":0,"873":0,"875":0,"876":0,"877":0,"878":0,"879":0,"880":0,"881":0,"882":0,"883":0,"884":0,"885":0,"886":0,"887":0,"888":0,"889":0,"890":0,"891":0,"892":0,"894":0,"895":0,"896":0,"897":0,"898":0,"901":0,"904":0,"905":0,"906":0,"907":0,"908":0,"910":0,"911":0,"912":0,"913":0,"914":0,"915":0,"916":0,"918":0,"919":0,"920":0,"921":0,"922":0,"923":0,"924":0,"925":0,"926":0,"928":0,"929":0,"930":0,"931":0,"932":0,"933":0,"934":0,"935":0,"936":0,"937":0,"938":0,"939":0,"940":0,"941":0,"944":0,"945":0,"946":0,"947":0,"948":0,"949":0,"950":0,"951":0,"952":0,"954":0,"955":0,"956":0,"957":0,"958":0,"959":0,"960":0,"961":0,"963":0,"964":0,"965":0,"966":0,"967":0,"968":0,"969":0,"970":0,"972":0,"973":0,"974":0,"976":0,"979":0,"980":0,"981":0,"982":0,"983":0,"984":0,"985":0,"986":0,"987":0,"988":0,"991":0,"992":0,"993":0,"994":0,"995":0,"996":0,"998":0,"999":0,"1000":0,"1001":0,"1002":0,"1003":0,"1004":0,"1005":0,"1006":0,"1007":0,"1008":0,"1010":0,"1011":0,"1012":0,"1014":0,"1015":0,"1016":0,"1017":0,"1018":0,"1019":0,"1020":0,"1021":0,"1022":0,"1024":0,"1025":0,"1026":0,"1027":0,"1028":0,"1029":0,"1031":0},"branchMap":{"0":{"type":"branch","line":1,"loc":{"start":{"line":1,"column":43644},"end":{"line":1032,"column":1}},"locations":[{"start":{"line":1,"column":43644},"end":{"line":1032,"column":1}}]}},"b":{"0":[0]},"fnMap":{"0":{"name":"(empty-report)","decl":{"start":{"line":1,"column":43644},"end":{"line":1032,"column":1}},"loc":{"start":{"line":1,"column":43644},"end":{"line":1032,"column":1}},"line":1}},"f":{"0":0}}}}