{"/Users/paulwilcox/Documents/dispatch-ui/src/components/CapabilitiesDisplay.tsx": {"path":"/Users/paulwilcox/Documents/dispatch-ui/src/components/CapabilitiesDisplay.tsx","all":false,"statementMap":{"0":{"start":{"line":1,"column":0},"end":{"line":1,"column":33}},"1":{"start":{"line":2,"column":0},"end":{"line":2,"column":49}},"2":{"start":{"line":3,"column":0},"end":{"line":3,"column":47}},"3":{"start":{"line":4,"column":0},"end":{"line":4,"column":80}},"4":{"start":{"line":5,"column":0},"end":{"line":5,"column":55}},"5":{"start":{"line":6,"column":0},"end":{"line":6,"column":41}},"6":{"start":{"line":7,"column":0},"end":{"line":7,"column":62}},"7":{"start":{"line":8,"column":0},"end":{"line":8,"column":57}},"8":{"start":{"line":9,"column":0},"end":{"line":9,"column":43}},"21":{"start":{"line":22,"column":0},"end":{"line":22,"column":45}},"22":{"start":{"line":23,"column":0},"end":{"line":23,"column":24}},"23":{"start":{"line":24,"column":0},"end":{"line":24,"column":28}},"24":{"start":{"line":25,"column":0},"end":{"line":25,"column":21}},"25":{"start":{"line":26,"column":0},"end":{"line":26,"column":19}},"26":{"start":{"line":27,"column":0},"end":{"line":27,"column":30}},"27":{"start":{"line":28,"column":0},"end":{"line":28,"column":33}},"28":{"start":{"line":29,"column":0},"end":{"line":29,"column":79}},"30":{"start":{"line":31,"column":0},"end":{"line":31,"column":65}},"31":{"start":{"line":32,"column":0},"end":{"line":32,"column":42}},"32":{"start":{"line":33,"column":0},"end":{"line":33,"column":52}},"33":{"start":{"line":34,"column":0},"end":{"line":34,"column":5}},"35":{"start":{"line":36,"column":0},"end":{"line":36,"column":48}},"36":{"start":{"line":37,"column":0},"end":{"line":37,"column":33}},"37":{"start":{"line":38,"column":0},"end":{"line":38,"column":33}},"38":{"start":{"line":39,"column":0},"end":{"line":39,"column":34}},"39":{"start":{"line":40,"column":0},"end":{"line":40,"column":33}},"40":{"start":{"line":41,"column":0},"end":{"line":41,"column":14}},"41":{"start":{"line":42,"column":0},"end":{"line":42,"column":30}},"42":{"start":{"line":43,"column":0},"end":{"line":43,"column":7}},"43":{"start":{"line":44,"column":0},"end":{"line":44,"column":18}},"44":{"start":{"line":45,"column":0},"end":{"line":45,"column":7}},"45":{"start":{"line":46,"column":0},"end":{"line":46,"column":4}},"47":{"start":{"line":48,"column":0},"end":{"line":48,"column":27}},"48":{"start":{"line":49,"column":0},"end":{"line":49,"column":27}},"49":{"start":{"line":50,"column":0},"end":{"line":50,"column":84}},"50":{"start":{"line":51,"column":0},"end":{"line":51,"column":5}},"51":{"start":{"line":52,"column":0},"end":{"line":52,"column":4}},"53":{"start":{"line":54,"column":0},"end":{"line":54,"column":29}},"54":{"start":{"line":55,"column":0},"end":{"line":55,"column":33}},"55":{"start":{"line":56,"column":0},"end":{"line":56,"column":4}},"57":{"start":{"line":58,"column":0},"end":{"line":58,"column":18}},"58":{"start":{"line":59,"column":0},"end":{"line":59,"column":12}},"59":{"start":{"line":60,"column":0},"end":{"line":60,"column":78}},"60":{"start":{"line":61,"column":0},"end":{"line":61,"column":64}},"61":{"start":{"line":62,"column":0},"end":{"line":62,"column":92}},"62":{"start":{"line":63,"column":0},"end":{"line":63,"column":12}},"63":{"start":{"line":64,"column":0},"end":{"line":64,"column":12}},"65":{"start":{"line":66,"column":0},"end":{"line":66,"column":3}},"67":{"start":{"line":68,"column":0},"end":{"line":68,"column":35}},"68":{"start":{"line":69,"column":0},"end":{"line":69,"column":12}},"69":{"start":{"line":70,"column":0},"end":{"line":70,"column":108}},"70":{"start":{"line":71,"column":0},"end":{"line":71,"column":62}},"71":{"start":{"line":72,"column":0},"end":{"line":72,"column":117}},"72":{"start":{"line":73,"column":0},"end":{"line":73,"column":12}},"73":{"start":{"line":74,"column":0},"end":{"line":74,"column":12}},"75":{"start":{"line":76,"column":0},"end":{"line":76,"column":3}},"79":{"start":{"line":80,"column":0},"end":{"line":80,"column":32}},"80":{"start":{"line":81,"column":0},"end":{"line":81,"column":29}},"81":{"start":{"line":82,"column":0},"end":{"line":82,"column":29}},"82":{"start":{"line":83,"column":0},"end":{"line":83,"column":26}},"83":{"start":{"line":84,"column":0},"end":{"line":84,"column":19}},"84":{"start":{"line":85,"column":0},"end":{"line":85,"column":58}},"85":{"start":{"line":86,"column":0},"end":{"line":86,"column":47}},"86":{"start":{"line":87,"column":0},"end":{"line":87,"column":12}},"87":{"start":{"line":88,"column":0},"end":{"line":88,"column":11}},"88":{"start":{"line":89,"column":0},"end":{"line":89,"column":58}},"90":{"start":{"line":91,"column":0},"end":{"line":91,"column":48}},"91":{"start":{"line":92,"column":0},"end":{"line":92,"column":12}},"92":{"start":{"line":93,"column":0},"end":{"line":93,"column":78}},"93":{"start":{"line":94,"column":0},"end":{"line":94,"column":102}},"94":{"start":{"line":95,"column":0},"end":{"line":95,"column":12}},"96":{"start":{"line":97,"column":0},"end":{"line":97,"column":3}},"98":{"start":{"line":99,"column":0},"end":{"line":99,"column":53}},"99":{"start":{"line":100,"column":0},"end":{"line":100,"column":19}},"100":{"start":{"line":101,"column":0},"end":{"line":101,"column":57}},"101":{"start":{"line":102,"column":0},"end":{"line":102,"column":47}},"102":{"start":{"line":103,"column":0},"end":{"line":103,"column":15}},"103":{"start":{"line":104,"column":0},"end":{"line":104,"column":56}},"104":{"start":{"line":105,"column":0},"end":{"line":105,"column":5}},"105":{"start":{"line":106,"column":0},"end":{"line":106,"column":45}},"106":{"start":{"line":107,"column":0},"end":{"line":107,"column":4}},"108":{"start":{"line":109,"column":0},"end":{"line":109,"column":10}},"109":{"start":{"line":110,"column":0},"end":{"line":110,"column":31}},"111":{"start":{"line":112,"column":0},"end":{"line":112,"column":36}},"112":{"start":{"line":113,"column":0},"end":{"line":113,"column":41}},"113":{"start":{"line":114,"column":0},"end":{"line":114,"column":64}},"114":{"start":{"line":115,"column":0},"end":{"line":115,"column":41}},"115":{"start":{"line":116,"column":0},"end":{"line":116,"column":19}},"116":{"start":{"line":117,"column":0},"end":{"line":117,"column":66}},"117":{"start":{"line":118,"column":0},"end":{"line":118,"column":43}},"118":{"start":{"line":119,"column":0},"end":{"line":119,"column":19}},"119":{"start":{"line":120,"column":0},"end":{"line":120,"column":14}},"122":{"start":{"line":123,"column":0},"end":{"line":123,"column":37}},"123":{"start":{"line":124,"column":0},"end":{"line":124,"column":65}},"125":{"start":{"line":126,"column":0},"end":{"line":126,"column":16}},"126":{"start":{"line":127,"column":0},"end":{"line":127,"column":14}},"127":{"start":{"line":128,"column":0},"end":{"line":128,"column":35}},"128":{"start":{"line":129,"column":0},"end":{"line":129,"column":94}},"131":{"start":{"line":132,"column":0},"end":{"line":132,"column":19}},"132":{"start":{"line":133,"column":0},"end":{"line":133,"column":27}},"133":{"start":{"line":134,"column":0},"end":{"line":134,"column":60}},"134":{"start":{"line":135,"column":0},"end":{"line":135,"column":158}},"136":{"start":{"line":137,"column":0},"end":{"line":137,"column":55}},"137":{"start":{"line":138,"column":0},"end":{"line":138,"column":31}},"138":{"start":{"line":139,"column":0},"end":{"line":139,"column":70}},"140":{"start":{"line":141,"column":0},"end":{"line":141,"column":71}},"142":{"start":{"line":143,"column":0},"end":{"line":143,"column":21}},"143":{"start":{"line":144,"column":0},"end":{"line":144,"column":80}},"144":{"start":{"line":145,"column":0},"end":{"line":145,"column":39}},"145":{"start":{"line":146,"column":0},"end":{"line":146,"column":24}},"146":{"start":{"line":147,"column":0},"end":{"line":147,"column":57}},"147":{"start":{"line":148,"column":0},"end":{"line":148,"column":73}},"148":{"start":{"line":149,"column":0},"end":{"line":149,"column":24}},"149":{"start":{"line":150,"column":0},"end":{"line":150,"column":22}},"150":{"start":{"line":151,"column":0},"end":{"line":151,"column":20}},"151":{"start":{"line":152,"column":0},"end":{"line":152,"column":21}},"154":{"start":{"line":155,"column":0},"end":{"line":155,"column":28}},"155":{"start":{"line":156,"column":0},"end":{"line":156,"column":107}},"156":{"start":{"line":157,"column":0},"end":{"line":157,"column":29}},"158":{"start":{"line":159,"column":0},"end":{"line":159,"column":45}},"159":{"start":{"line":160,"column":0},"end":{"line":160,"column":61}},"160":{"start":{"line":161,"column":0},"end":{"line":161,"column":59}},"161":{"start":{"line":162,"column":0},"end":{"line":162,"column":33}},"162":{"start":{"line":163,"column":0},"end":{"line":163,"column":48}},"163":{"start":{"line":164,"column":0},"end":{"line":164,"column":82}},"164":{"start":{"line":165,"column":0},"end":{"line":165,"column":48}},"165":{"start":{"line":166,"column":0},"end":{"line":166,"column":74}},"167":{"start":{"line":168,"column":0},"end":{"line":168,"column":26}},"168":{"start":{"line":169,"column":0},"end":{"line":169,"column":63}},"169":{"start":{"line":170,"column":0},"end":{"line":170,"column":75}},"170":{"start":{"line":171,"column":0},"end":{"line":171,"column":38}},"171":{"start":{"line":172,"column":0},"end":{"line":172,"column":23}},"172":{"start":{"line":173,"column":0},"end":{"line":173,"column":24}},"175":{"start":{"line":176,"column":0},"end":{"line":176,"column":56}},"176":{"start":{"line":177,"column":0},"end":{"line":177,"column":61}},"177":{"start":{"line":178,"column":0},"end":{"line":178,"column":28}},"178":{"start":{"line":179,"column":0},"end":{"line":179,"column":45}},"179":{"start":{"line":180,"column":0},"end":{"line":180,"column":38}},"180":{"start":{"line":181,"column":0},"end":{"line":181,"column":47}},"181":{"start":{"line":182,"column":0},"end":{"line":182,"column":54}},"183":{"start":{"line":184,"column":0},"end":{"line":184,"column":48}},"184":{"start":{"line":185,"column":0},"end":{"line":185,"column":30}},"185":{"start":{"line":186,"column":0},"end":{"line":186,"column":23}},"186":{"start":{"line":187,"column":0},"end":{"line":187,"column":24}},"188":{"start":{"line":189,"column":0},"end":{"line":189,"column":20}},"190":{"start":{"line":191,"column":0},"end":{"line":191,"column":16}},"192":{"start":{"line":193,"column":0},"end":{"line":193,"column":9}},"193":{"start":{"line":194,"column":0},"end":{"line":194,"column":10}},"195":{"start":{"line":196,"column":0},"end":{"line":196,"column":1}}},"s":{"0":1,"1":1,"2":1,"3":1,"4":1,"5":1,"6":1,"7":1,"8":1,"21":82,"22":82,"23":82,"24":82,"25":82,"26":82,"27":82,"28":82,"30":82,"31":82,"32":82,"33":82,"35":82,"36":16,"37":16,"38":16,"39":2,"40":16,"41":14,"42":14,"43":16,"44":16,"45":16,"47":82,"48":2,"49":2,"50":2,"51":2,"53":82,"54":1,"55":1,"57":82,"58":32,"59":32,"60":32,"61":32,"62":32,"63":32,"65":32,"67":82,"68":3,"69":3,"70":3,"71":3,"72":3,"73":3,"75":3,"79":47,"80":15,"81":32,"82":32,"83":102,"84":102,"85":230,"86":102,"87":32,"88":32,"90":82,"91":1,"92":1,"93":1,"94":1,"96":1,"98":46,"99":103,"100":45,"101":105,"102":45,"103":45,"104":45,"105":58,"106":103,"108":46,"109":46,"111":46,"112":6,"113":6,"114":6,"115":6,"116":6,"117":6,"118":6,"119":6,"122":82,"123":103,"125":103,"126":103,"127":103,"128":103,"131":103,"132":103,"133":103,"134":103,"136":103,"137":103,"138":25,"140":78,"142":103,"143":103,"144":103,"145":103,"146":103,"147":103,"148":103,"149":103,"150":103,"151":103,"154":103,"155":25,"156":25,"158":5,"159":5,"160":15,"161":15,"162":15,"163":15,"164":15,"165":2,"167":15,"168":15,"169":15,"170":15,"171":5,"172":5,"175":20,"176":20,"177":20,"178":20,"179":20,"180":20,"181":20,"183":20,"184":20,"185":20,"186":20,"188":25,"190":103,"192":82,"193":82,"195":82},"branchMap":{"0":{"type":"branch","line":22,"loc":{"start":{"line":22,"column":0},"end":{"line":196,"column":1}},"locations":[{"start":{"line":22,"column":0},"end":{"line":196,"column":1}}]},"1":{"type":"branch","line":58,"loc":{"start":{"line":58,"column":17},"end":{"line":66,"column":3}},"locations":[{"start":{"line":58,"column":17},"end":{"line":66,"column":3}}]},"2":{"type":"branch","line":66,"loc":{"start":{"line":66,"column":2},"end":{"line":68,"column":15}},"locations":[{"start":{"line":66,"column":2},"end":{"line":68,"column":15}}]},"3":{"type":"branch","line":68,"loc":{"start":{"line":68,"column":6},"end":{"line":68,"column":34}},"locations":[{"start":{"line":68,"column":6},"end":{"line":68,"column":34}}]},"4":{"type":"branch","line":68,"loc":{"start":{"line":68,"column":34},"end":{"line":76,"column":3}},"locations":[{"start":{"line":68,"column":34},"end":{"line":76,"column":3}}]},"5":{"type":"branch","line":72,"loc":{"start":{"line":72,"column":62},"end":{"line":72,"column":86}},"locations":[{"start":{"line":72,"column":62},"end":{"line":72,"column":86}}]},"6":{"type":"branch","line":72,"loc":{"start":{"line":72,"column":76},"end":{"line":72,"column":117}},"locations":[{"start":{"line":72,"column":76},"end":{"line":72,"column":117}}]},"7":{"type":"branch","line":76,"loc":{"start":{"line":76,"column":2},"end":{"line":80,"column":32}},"locations":[{"start":{"line":76,"column":2},"end":{"line":80,"column":32}}]},"8":{"type":"branch","line":80,"loc":{"start":{"line":80,"column":24},"end":{"line":81,"column":29}},"locations":[{"start":{"line":80,"column":24},"end":{"line":81,"column":29}}]},"9":{"type":"branch","line":81,"loc":{"start":{"line":81,"column":23},"end":{"line":89,"column":58}},"locations":[{"start":{"line":81,"column":23},"end":{"line":89,"column":58}}]},"10":{"type":"branch","line":91,"loc":{"start":{"line":91,"column":7},"end":{"line":91,"column":47}},"locations":[{"start":{"line":91,"column":7},"end":{"line":91,"column":47}}]},"11":{"type":"branch","line":91,"loc":{"start":{"line":91,"column":47},"end":{"line":97,"column":3}},"locations":[{"start":{"line":91,"column":47},"end":{"line":97,"column":3}}]},"12":{"type":"branch","line":97,"loc":{"start":{"line":97,"column":2},"end":{"line":112,"column":36}},"locations":[{"start":{"line":97,"column":2},"end":{"line":112,"column":36}}]},"13":{"type":"branch","line":112,"loc":{"start":{"line":112,"column":30},"end":{"line":120,"column":14}},"locations":[{"start":{"line":112,"column":30},"end":{"line":120,"column":14}}]},"14":{"type":"branch","line":33,"loc":{"start":{"line":33,"column":13},"end":{"line":33,"column":52}},"locations":[{"start":{"line":33,"column":13},"end":{"line":33,"column":52}}]},"15":{"type":"branch","line":36,"loc":{"start":{"line":36,"column":22},"end":{"line":46,"column":4}},"locations":[{"start":{"line":36,"column":22},"end":{"line":46,"column":4}}]},"16":{"type":"branch","line":37,"loc":{"start":{"line":37,"column":22},"end":{"line":45,"column":5}},"locations":[{"start":{"line":37,"column":22},"end":{"line":45,"column":5}}]},"17":{"type":"branch","line":39,"loc":{"start":{"line":39,"column":33},"end":{"line":41,"column":13}},"locations":[{"start":{"line":39,"column":33},"end":{"line":41,"column":13}}]},"18":{"type":"branch","line":41,"loc":{"start":{"line":41,"column":6},"end":{"line":43,"column":7}},"locations":[{"start":{"line":41,"column":6},"end":{"line":43,"column":7}}]},"19":{"type":"branch","line":48,"loc":{"start":{"line":48,"column":20},"end":{"line":52,"column":4}},"locations":[{"start":{"line":48,"column":20},"end":{"line":52,"column":4}}]},"20":{"type":"branch","line":50,"loc":{"start":{"line":50,"column":60},"end":{"line":50,"column":80}},"locations":[{"start":{"line":50,"column":60},"end":{"line":50,"column":80}}]},"21":{"type":"branch","line":54,"loc":{"start":{"line":54,"column":22},"end":{"line":56,"column":4}},"locations":[{"start":{"line":54,"column":22},"end":{"line":56,"column":4}}]},"22":{"type":"branch","line":83,"loc":{"start":{"line":83,"column":13},"end":{"line":88,"column":10}},"locations":[{"start":{"line":83,"column":13},"end":{"line":88,"column":10}}]},"23":{"type":"branch","line":85,"loc":{"start":{"line":85,"column":50},"end":{"line":86,"column":47}},"locations":[{"start":{"line":85,"column":50},"end":{"line":86,"column":47}}]},"24":{"type":"branch","line":89,"loc":{"start":{"line":89,"column":16},"end":{"line":89,"column":56}},"locations":[{"start":{"line":89,"column":16},"end":{"line":89,"column":56}}]},"25":{"type":"branch","line":99,"loc":{"start":{"line":99,"column":24},"end":{"line":107,"column":4}},"locations":[{"start":{"line":99,"column":24},"end":{"line":107,"column":4}}]},"26":{"type":"branch","line":100,"loc":{"start":{"line":100,"column":18},"end":{"line":105,"column":5}},"locations":[{"start":{"line":100,"column":18},"end":{"line":105,"column":5}}]},"27":{"type":"branch","line":105,"loc":{"start":{"line":105,"column":4},"end":{"line":106,"column":45}},"locations":[{"start":{"line":105,"column":4},"end":{"line":106,"column":45}}]},"28":{"type":"branch","line":101,"loc":{"start":{"line":101,"column":49},"end":{"line":102,"column":47}},"locations":[{"start":{"line":101,"column":49},"end":{"line":102,"column":47}}]},"29":{"type":"branch","line":123,"loc":{"start":{"line":123,"column":25},"end":{"line":193,"column":7}},"locations":[{"start":{"line":123,"column":25},"end":{"line":193,"column":7}}]},"30":{"type":"branch","line":138,"loc":{"start":{"line":138,"column":17},"end":{"line":139,"column":70}},"locations":[{"start":{"line":138,"column":17},"end":{"line":139,"column":70}}]},"31":{"type":"branch","line":139,"loc":{"start":{"line":139,"column":68},"end":{"line":141,"column":71}},"locations":[{"start":{"line":139,"column":68},"end":{"line":141,"column":71}}]},"32":{"type":"branch","line":155,"loc":{"start":{"line":155,"column":13},"end":{"line":189,"column":20}},"locations":[{"start":{"line":155,"column":13},"end":{"line":189,"column":20}}]},"33":{"type":"branch","line":157,"loc":{"start":{"line":157,"column":17},"end":{"line":173,"column":24}},"locations":[{"start":{"line":157,"column":17},"end":{"line":173,"column":24}}]},"34":{"type":"branch","line":173,"loc":{"start":{"line":173,"column":18},"end":{"line":187,"column":24}},"locations":[{"start":{"line":173,"column":18},"end":{"line":187,"column":24}}]},"35":{"type":"branch","line":134,"loc":{"start":{"line":134,"column":23},"end":{"line":134,"column":60}},"locations":[{"start":{"line":134,"column":23},"end":{"line":134,"column":60}}]},"36":{"type":"branch","line":160,"loc":{"start":{"line":160,"column":44},"end":{"line":171,"column":38}},"locations":[{"start":{"line":160,"column":44},"end":{"line":171,"column":38}}]},"37":{"type":"branch","line":165,"loc":{"start":{"line":165,"column":36},"end":{"line":166,"column":74}},"locations":[{"start":{"line":165,"column":36},"end":{"line":166,"column":74}}]},"38":{"type":"branch","line":177,"loc":{"start":{"line":177,"column":44},"end":{"line":185,"column":30}},"locations":[{"start":{"line":177,"column":44},"end":{"line":185,"column":30}}]}},"b":{"0":[82],"1":[32],"2":[50],"3":[48],"4":[3],"5":[1],"6":[2],"7":[47],"8":[15],"9":[32],"10":[32],"11":[1],"12":[46],"13":[6],"14":[32],"15":[16],"16":[16],"17":[2],"18":[14],"19":[2],"20":[8],"21":[1],"22":[102],"23":[230],"24":[102],"25":[103],"26":[45],"27":[58],"28":[105],"29":[103],"30":[25],"31":[78],"32":[25],"33":[5],"34":[20],"35":[16],"36":[15],"37":[2],"38":[20]},"fnMap":{"0":{"name":"CapabilitiesDisplay","decl":{"start":{"line":22,"column":0},"end":{"line":196,"column":1}},"loc":{"start":{"line":22,"column":0},"end":{"line":196,"column":1}},"line":22},"1":{"name":"queryFn","decl":{"start":{"line":33,"column":13},"end":{"line":33,"column":52}},"loc":{"start":{"line":33,"column":13},"end":{"line":33,"column":52}},"line":33},"2":{"name":"toggleGroup","decl":{"start":{"line":36,"column":22},"end":{"line":46,"column":4}},"loc":{"start":{"line":36,"column":22},"end":{"line":46,"column":4}},"line":36},"3":{"name":"expandAll","decl":{"start":{"line":48,"column":20},"end":{"line":52,"column":4}},"loc":{"start":{"line":48,"column":20},"end":{"line":52,"column":4}},"line":48},"4":{"name":"collapseAll","decl":{"start":{"line":54,"column":22},"end":{"line":56,"column":4}},"loc":{"start":{"line":54,"column":22},"end":{"line":56,"column":4}},"line":54},"5":{"name":"getGroupStats","decl":{"start":{"line":99,"column":24},"end":{"line":107,"column":4}},"loc":{"start":{"line":99,"column":24},"end":{"line":107,"column":4}},"line":99},"6":{"name":"onClick","decl":{"start":{"line":134,"column":23},"end":{"line":134,"column":60}},"loc":{"start":{"line":134,"column":23},"end":{"line":134,"column":60}},"line":134},"7":{"name":"onChange","decl":{"start":{"line":165,"column":36},"end":{"line":166,"column":74}},"loc":{"start":{"line":165,"column":36},"end":{"line":166,"column":74}},"line":165}},"f":{"0":82,"1":32,"2":16,"3":2,"4":1,"5":103,"6":16,"7":2}}
,"/Users/paulwilcox/Documents/dispatch-ui/src/components/CapabilitiesSection.tsx": {"path":"/Users/paulwilcox/Documents/dispatch-ui/src/components/CapabilitiesSection.tsx","all":false,"statementMap":{"0":{"start":{"line":1,"column":0},"end":{"line":1,"column":33}},"1":{"start":{"line":2,"column":0},"end":{"line":2,"column":49}},"2":{"start":{"line":3,"column":0},"end":{"line":3,"column":47}},"3":{"start":{"line":4,"column":0},"end":{"line":4,"column":80}},"4":{"start":{"line":5,"column":0},"end":{"line":5,"column":33}},"5":{"start":{"line":6,"column":0},"end":{"line":6,"column":41}},"6":{"start":{"line":7,"column":0},"end":{"line":7,"column":43}},"7":{"start":{"line":8,"column":0},"end":{"line":8,"column":48}},"18":{"start":{"line":19,"column":0},"end":{"line":19,"column":94}},"19":{"start":{"line":20,"column":0},"end":{"line":20,"column":33}},"20":{"start":{"line":21,"column":0},"end":{"line":21,"column":54}},"22":{"start":{"line":23,"column":0},"end":{"line":23,"column":58}},"23":{"start":{"line":24,"column":0},"end":{"line":24,"column":42}},"24":{"start":{"line":25,"column":0},"end":{"line":25,"column":52}},"25":{"start":{"line":26,"column":0},"end":{"line":26,"column":52}},"26":{"start":{"line":27,"column":0},"end":{"line":27,"column":5}},"29":{"start":{"line":30,"column":0},"end":{"line":30,"column":26}},"30":{"start":{"line":31,"column":0},"end":{"line":31,"column":39}},"32":{"start":{"line":33,"column":0},"end":{"line":33,"column":50}},"33":{"start":{"line":34,"column":0},"end":{"line":34,"column":22}},"34":{"start":{"line":35,"column":0},"end":{"line":35,"column":32}},"35":{"start":{"line":36,"column":0},"end":{"line":36,"column":88}},"36":{"start":{"line":37,"column":0},"end":{"line":37,"column":9}},"37":{"start":{"line":38,"column":0},"end":{"line":38,"column":32}},"39":{"start":{"line":40,"column":0},"end":{"line":40,"column":26}},"40":{"start":{"line":41,"column":0},"end":{"line":41,"column":4}},"42":{"start":{"line":43,"column":0},"end":{"line":43,"column":27}},"43":{"start":{"line":44,"column":0},"end":{"line":44,"column":41}},"45":{"start":{"line":46,"column":0},"end":{"line":46,"column":25}},"46":{"start":{"line":47,"column":0},"end":{"line":47,"column":12}},"47":{"start":{"line":48,"column":0},"end":{"line":48,"column":11}},"48":{"start":{"line":49,"column":0},"end":{"line":49,"column":58}},"49":{"start":{"line":50,"column":0},"end":{"line":50,"column":85}},"50":{"start":{"line":51,"column":0},"end":{"line":51,"column":66}},"51":{"start":{"line":52,"column":0},"end":{"line":52,"column":46}},"52":{"start":{"line":53,"column":0},"end":{"line":53,"column":14}},"53":{"start":{"line":54,"column":0},"end":{"line":54,"column":14}},"54":{"start":{"line":55,"column":0},"end":{"line":55,"column":12}},"56":{"start":{"line":57,"column":0},"end":{"line":57,"column":3}},"58":{"start":{"line":59,"column":0},"end":{"line":59,"column":10}},"59":{"start":{"line":60,"column":0},"end":{"line":60,"column":9}},"61":{"start":{"line":62,"column":0},"end":{"line":62,"column":57}},"62":{"start":{"line":63,"column":0},"end":{"line":63,"column":49}},"63":{"start":{"line":64,"column":0},"end":{"line":64,"column":60}},"64":{"start":{"line":65,"column":0},"end":{"line":65,"column":52}},"65":{"start":{"line":66,"column":0},"end":{"line":66,"column":14}},"66":{"start":{"line":67,"column":0},"end":{"line":67,"column":65}},"67":{"start":{"line":68,"column":0},"end":{"line":68,"column":25}},"68":{"start":{"line":69,"column":0},"end":{"line":69,"column":14}},"69":{"start":{"line":70,"column":0},"end":{"line":70,"column":33}},"70":{"start":{"line":71,"column":0},"end":{"line":71,"column":74}},"71":{"start":{"line":72,"column":0},"end":{"line":72,"column":15}},"73":{"start":{"line":74,"column":0},"end":{"line":74,"column":14}},"74":{"start":{"line":75,"column":0},"end":{"line":75,"column":34}},"75":{"start":{"line":76,"column":0},"end":{"line":76,"column":74}},"76":{"start":{"line":77,"column":0},"end":{"line":77,"column":15}},"78":{"start":{"line":79,"column":0},"end":{"line":79,"column":17}},"79":{"start":{"line":80,"column":0},"end":{"line":80,"column":12}},"82":{"start":{"line":83,"column":0},"end":{"line":83,"column":22}},"83":{"start":{"line":84,"column":0},"end":{"line":84,"column":40}},"84":{"start":{"line":85,"column":0},"end":{"line":85,"column":25}},"85":{"start":{"line":86,"column":0},"end":{"line":86,"column":84}},"86":{"start":{"line":87,"column":0},"end":{"line":87,"column":51}},"87":{"start":{"line":88,"column":0},"end":{"line":88,"column":98}},"88":{"start":{"line":89,"column":0},"end":{"line":89,"column":18}},"89":{"start":{"line":90,"column":0},"end":{"line":90,"column":18}},"92":{"start":{"line":93,"column":0},"end":{"line":93,"column":42}},"93":{"start":{"line":94,"column":0},"end":{"line":94,"column":105}},"94":{"start":{"line":95,"column":0},"end":{"line":95,"column":70}},"95":{"start":{"line":96,"column":0},"end":{"line":96,"column":85}},"96":{"start":{"line":97,"column":0},"end":{"line":97,"column":30}},"97":{"start":{"line":98,"column":0},"end":{"line":98,"column":21}},"98":{"start":{"line":99,"column":0},"end":{"line":99,"column":56}},"99":{"start":{"line":100,"column":0},"end":{"line":100,"column":31}},"100":{"start":{"line":101,"column":0},"end":{"line":101,"column":24}},"101":{"start":{"line":102,"column":0},"end":{"line":102,"column":20}},"102":{"start":{"line":103,"column":0},"end":{"line":103,"column":52}},"103":{"start":{"line":104,"column":0},"end":{"line":104,"column":41}},"104":{"start":{"line":105,"column":0},"end":{"line":105,"column":58}},"105":{"start":{"line":106,"column":0},"end":{"line":106,"column":32}},"106":{"start":{"line":107,"column":0},"end":{"line":107,"column":65}},"107":{"start":{"line":108,"column":0},"end":{"line":108,"column":31}},"108":{"start":{"line":109,"column":0},"end":{"line":109,"column":26}},"109":{"start":{"line":110,"column":0},"end":{"line":110,"column":36}},"110":{"start":{"line":111,"column":0},"end":{"line":111,"column":36}},"111":{"start":{"line":112,"column":0},"end":{"line":112,"column":53}},"112":{"start":{"line":113,"column":0},"end":{"line":113,"column":45}},"114":{"start":{"line":115,"column":0},"end":{"line":115,"column":39}},"115":{"start":{"line":116,"column":0},"end":{"line":116,"column":28}},"116":{"start":{"line":117,"column":0},"end":{"line":117,"column":21}},"117":{"start":{"line":118,"column":0},"end":{"line":118,"column":20}},"118":{"start":{"line":119,"column":0},"end":{"line":119,"column":18}},"119":{"start":{"line":120,"column":0},"end":{"line":120,"column":13}},"120":{"start":{"line":121,"column":0},"end":{"line":121,"column":14}},"122":{"start":{"line":123,"column":0},"end":{"line":123,"column":10}},"124":{"start":{"line":125,"column":0},"end":{"line":125,"column":1}}},"s":{"0":1,"1":1,"2":1,"3":1,"4":1,"5":1,"6":1,"7":1,"18":82,"19":82,"20":82,"22":82,"23":82,"24":82,"25":82,"26":82,"29":82,"30":82,"32":8,"33":8,"34":13,"35":13,"36":8,"37":8,"39":8,"40":82,"42":82,"43":82,"45":82,"46":2,"47":2,"48":2,"49":2,"50":2,"51":2,"52":2,"53":2,"54":2,"56":2,"58":80,"59":80,"61":80,"62":80,"63":80,"64":80,"65":80,"66":80,"67":80,"68":9,"69":9,"70":9,"71":9,"73":71,"74":71,"75":71,"76":71,"78":82,"79":82,"82":82,"83":9,"84":9,"85":5,"86":5,"87":5,"88":5,"89":5,"92":9,"93":6,"94":6,"95":6,"96":6,"97":6,"98":6,"99":6,"100":6,"101":6,"102":6,"103":6,"104":6,"105":6,"106":6,"107":6,"108":6,"109":6,"110":6,"111":6,"112":6,"114":6,"115":6,"116":6,"117":6,"118":6,"119":4,"120":9,"122":82,"124":82},"branchMap":{"0":{"type":"branch","line":19,"loc":{"start":{"line":19,"column":0},"end":{"line":125,"column":1}},"locations":[{"start":{"line":19,"column":0},"end":{"line":125,"column":1}}]},"1":{"type":"branch","line":46,"loc":{"start":{"line":46,"column":24},"end":{"line":57,"column":3}},"locations":[{"start":{"line":46,"column":24},"end":{"line":57,"column":3}}]},"2":{"type":"branch","line":57,"loc":{"start":{"line":57,"column":2},"end":{"line":68,"column":25}},"locations":[{"start":{"line":57,"column":2},"end":{"line":68,"column":25}}]},"3":{"type":"branch","line":68,"loc":{"start":{"line":68,"column":11},"end":{"line":72,"column":15}},"locations":[{"start":{"line":68,"column":11},"end":{"line":72,"column":15}}]},"4":{"type":"branch","line":72,"loc":{"start":{"line":72,"column":12},"end":{"line":77,"column":15}},"locations":[{"start":{"line":72,"column":12},"end":{"line":77,"column":15}}]},"5":{"type":"branch","line":83,"loc":{"start":{"line":83,"column":7},"end":{"line":121,"column":14}},"locations":[{"start":{"line":83,"column":7},"end":{"line":121,"column":14}}]},"6":{"type":"branch","line":85,"loc":{"start":{"line":85,"column":11},"end":{"line":90,"column":18}},"locations":[{"start":{"line":85,"column":11},"end":{"line":90,"column":18}}]},"7":{"type":"branch","line":93,"loc":{"start":{"line":93,"column":11},"end":{"line":120,"column":13}},"locations":[{"start":{"line":93,"column":11},"end":{"line":120,"column":13}}]},"8":{"type":"branch","line":25,"loc":{"start":{"line":25,"column":13},"end":{"line":25,"column":52}},"locations":[{"start":{"line":25,"column":13},"end":{"line":25,"column":52}}]},"9":{"type":"branch","line":30,"loc":{"start":{"line":30,"column":19},"end":{"line":41,"column":4}},"locations":[{"start":{"line":30,"column":19},"end":{"line":41,"column":4}}]},"10":{"type":"branch","line":31,"loc":{"start":{"line":31,"column":27},"end":{"line":31,"column":39}},"locations":[{"start":{"line":31,"column":27},"end":{"line":31,"column":39}}]},"11":{"type":"branch","line":31,"loc":{"start":{"line":31,"column":34},"end":{"line":40,"column":26}},"locations":[{"start":{"line":31,"column":34},"end":{"line":40,"column":26}}]},"12":{"type":"branch","line":34,"loc":{"start":{"line":34,"column":11},"end":{"line":37,"column":8}},"locations":[{"start":{"line":34,"column":11},"end":{"line":37,"column":8}}]},"13":{"type":"branch","line":36,"loc":{"start":{"line":36,"column":41},"end":{"line":36,"column":79}},"locations":[{"start":{"line":36,"column":41},"end":{"line":36,"column":79}}]},"14":{"type":"branch","line":38,"loc":{"start":{"line":38,"column":14},"end":{"line":38,"column":30}},"locations":[{"start":{"line":38,"column":14},"end":{"line":38,"column":30}}]},"15":{"type":"branch","line":67,"loc":{"start":{"line":67,"column":31},"end":{"line":67,"column":65}},"locations":[{"start":{"line":67,"column":31},"end":{"line":67,"column":65}}]},"16":{"type":"branch","line":93,"loc":{"start":{"line":93,"column":30},"end":{"line":119,"column":18}},"locations":[{"start":{"line":93,"column":30},"end":{"line":119,"column":18}}]},"17":{"type":"branch","line":105,"loc":{"start":{"line":105,"column":24},"end":{"line":105,"column":57}},"locations":[{"start":{"line":105,"column":24},"end":{"line":105,"column":57}}]},"18":{"type":"branch","line":107,"loc":{"start":{"line":107,"column":26},"end":{"line":107,"column":64}},"locations":[{"start":{"line":107,"column":26},"end":{"line":107,"column":64}}]},"19":{"type":"branch","line":108,"loc":{"start":{"line":108,"column":23},"end":{"line":116,"column":28}},"locations":[{"start":{"line":108,"column":23},"end":{"line":116,"column":28}}]}},"b":{"0":[82],"1":[2],"2":[80],"3":[9],"4":[71],"5":[9],"6":[5],"7":[4],"8":[5],"9":[82],"10":[74],"11":[8],"12":[13],"13":[23],"14":[13],"15":[6],"16":[6],"17":[8],"18":[12],"19":[6]},"fnMap":{"0":{"name":"CapabilitiesSection","decl":{"start":{"line":19,"column":0},"end":{"line":125,"column":1}},"loc":{"start":{"line":19,"column":0},"end":{"line":125,"column":1}},"line":19},"1":{"name":"queryFn","decl":{"start":{"line":25,"column":13},"end":{"line":25,"column":52}},"loc":{"start":{"line":25,"column":13},"end":{"line":25,"column":52}},"line":25},"2":{"name":"getStats","decl":{"start":{"line":30,"column":19},"end":{"line":41,"column":4}},"loc":{"start":{"line":30,"column":19},"end":{"line":41,"column":4}},"line":30},"3":{"name":"onClick","decl":{"start":{"line":67,"column":31},"end":{"line":67,"column":65}},"loc":{"start":{"line":67,"column":31},"end":{"line":67,"column":65}},"line":67}},"f":{"0":82,"1":5,"2":82,"3":6}}
,"/Users/paulwilcox/Documents/dispatch-ui/src/components/CapabilitySelector.tsx": {"path":"/Users/paulwilcox/Documents/dispatch-ui/src/components/CapabilitySelector.tsx","all":false,"statementMap":{"0":{"start":{"line":1,"column":0},"end":{"line":1,"column":33}},"1":{"start":{"line":2,"column":0},"end":{"line":2,"column":49}},"2":{"start":{"line":3,"column":0},"end":{"line":3,"column":47}},"3":{"start":{"line":4,"column":0},"end":{"line":4,"column":33}},"4":{"start":{"line":5,"column":0},"end":{"line":5,"column":62}},"5":{"start":{"line":6,"column":0},"end":{"line":6,"column":57}},"6":{"start":{"line":7,"column":0},"end":{"line":7,"column":39}},"17":{"start":{"line":18,"column":0},"end":{"line":18,"column":44}},"18":{"start":{"line":19,"column":0},"end":{"line":19,"column":23}},"19":{"start":{"line":20,"column":0},"end":{"line":20,"column":21}},"20":{"start":{"line":21,"column":0},"end":{"line":21,"column":29}},"21":{"start":{"line":22,"column":0},"end":{"line":22,"column":33}},"22":{"start":{"line":23,"column":0},"end":{"line":23,"column":48}},"24":{"start":{"line":25,"column":0},"end":{"line":25,"column":65}},"25":{"start":{"line":26,"column":0},"end":{"line":26,"column":42}},"26":{"start":{"line":27,"column":0},"end":{"line":27,"column":52}},"27":{"start":{"line":28,"column":0},"end":{"line":28,"column":5}},"29":{"start":{"line":30,"column":0},"end":{"line":30,"column":18}},"30":{"start":{"line":31,"column":0},"end":{"line":31,"column":12}},"31":{"start":{"line":32,"column":0},"end":{"line":32,"column":78}},"32":{"start":{"line":33,"column":0},"end":{"line":33,"column":45}},"33":{"start":{"line":34,"column":0},"end":{"line":34,"column":92}},"34":{"start":{"line":35,"column":0},"end":{"line":35,"column":12}},"35":{"start":{"line":36,"column":0},"end":{"line":36,"column":12}},"37":{"start":{"line":38,"column":0},"end":{"line":38,"column":3}},"39":{"start":{"line":40,"column":0},"end":{"line":40,"column":35}},"40":{"start":{"line":41,"column":0},"end":{"line":41,"column":12}},"41":{"start":{"line":42,"column":0},"end":{"line":42,"column":108}},"42":{"start":{"line":43,"column":0},"end":{"line":43,"column":62}},"43":{"start":{"line":44,"column":0},"end":{"line":44,"column":42}},"44":{"start":{"line":45,"column":0},"end":{"line":45,"column":12}},"45":{"start":{"line":46,"column":0},"end":{"line":46,"column":12}},"47":{"start":{"line":48,"column":0},"end":{"line":48,"column":3}},"50":{"start":{"line":51,"column":0},"end":{"line":51,"column":48}},"51":{"start":{"line":52,"column":0},"end":{"line":52,"column":28}},"52":{"start":{"line":53,"column":0},"end":{"line":53,"column":12}},"53":{"start":{"line":54,"column":0},"end":{"line":54,"column":78}},"54":{"start":{"line":55,"column":0},"end":{"line":55,"column":83}},"55":{"start":{"line":56,"column":0},"end":{"line":56,"column":12}},"57":{"start":{"line":58,"column":0},"end":{"line":58,"column":3}},"59":{"start":{"line":60,"column":0},"end":{"line":60,"column":41}},"61":{"start":{"line":62,"column":0},"end":{"line":62,"column":58}},"62":{"start":{"line":63,"column":0},"end":{"line":63,"column":37}},"63":{"start":{"line":64,"column":0},"end":{"line":64,"column":53}},"64":{"start":{"line":65,"column":0},"end":{"line":65,"column":45}},"65":{"start":{"line":66,"column":0},"end":{"line":66,"column":13}},"66":{"start":{"line":67,"column":0},"end":{"line":67,"column":20}},"67":{"start":{"line":68,"column":0},"end":{"line":68,"column":4}},"69":{"start":{"line":70,"column":0},"end":{"line":70,"column":10}},"70":{"start":{"line":71,"column":0},"end":{"line":71,"column":31}},"72":{"start":{"line":73,"column":0},"end":{"line":73,"column":69}},"73":{"start":{"line":74,"column":0},"end":{"line":74,"column":63}},"74":{"start":{"line":75,"column":0},"end":{"line":75,"column":41}},"75":{"start":{"line":76,"column":0},"end":{"line":76,"column":64}},"76":{"start":{"line":77,"column":0},"end":{"line":77,"column":49}},"78":{"start":{"line":79,"column":0},"end":{"line":79,"column":20}},"79":{"start":{"line":80,"column":0},"end":{"line":80,"column":21}},"80":{"start":{"line":81,"column":0},"end":{"line":81,"column":39}},"81":{"start":{"line":82,"column":0},"end":{"line":82,"column":29}},"82":{"start":{"line":83,"column":0},"end":{"line":83,"column":51}},"83":{"start":{"line":84,"column":0},"end":{"line":84,"column":28}},"85":{"start":{"line":86,"column":0},"end":{"line":86,"column":28}},"86":{"start":{"line":87,"column":0},"end":{"line":87,"column":101}},"87":{"start":{"line":88,"column":0},"end":{"line":88,"column":169}},"88":{"start":{"line":89,"column":0},"end":{"line":89,"column":19}},"91":{"start":{"line":92,"column":0},"end":{"line":92,"column":48}},"92":{"start":{"line":93,"column":0},"end":{"line":93,"column":39}},"93":{"start":{"line":94,"column":0},"end":{"line":94,"column":113}},"94":{"start":{"line":95,"column":0},"end":{"line":95,"column":28}},"95":{"start":{"line":96,"column":0},"end":{"line":96,"column":95}},"96":{"start":{"line":97,"column":0},"end":{"line":97,"column":87}},"97":{"start":{"line":98,"column":0},"end":{"line":98,"column":22}},"98":{"start":{"line":99,"column":0},"end":{"line":99,"column":35}},"99":{"start":{"line":100,"column":0},"end":{"line":100,"column":25}},"101":{"start":{"line":102,"column":0},"end":{"line":102,"column":23}},"103":{"start":{"line":104,"column":0},"end":{"line":104,"column":13}},"104":{"start":{"line":105,"column":0},"end":{"line":105,"column":14}},"105":{"start":{"line":106,"column":0},"end":{"line":106,"column":12}},"108":{"start":{"line":109,"column":0},"end":{"line":109,"column":107}},"109":{"start":{"line":110,"column":0},"end":{"line":110,"column":35}},"110":{"start":{"line":111,"column":0},"end":{"line":111,"column":58}},"111":{"start":{"line":112,"column":0},"end":{"line":112,"column":49}},"112":{"start":{"line":113,"column":0},"end":{"line":113,"column":23}},"113":{"start":{"line":114,"column":0},"end":{"line":114,"column":38}},"114":{"start":{"line":115,"column":0},"end":{"line":115,"column":72}},"115":{"start":{"line":116,"column":0},"end":{"line":116,"column":84}},"116":{"start":{"line":117,"column":0},"end":{"line":117,"column":16}},"117":{"start":{"line":118,"column":0},"end":{"line":118,"column":53}},"118":{"start":{"line":119,"column":0},"end":{"line":119,"column":65}},"119":{"start":{"line":120,"column":0},"end":{"line":120,"column":28}},"120":{"start":{"line":121,"column":0},"end":{"line":121,"column":13}},"121":{"start":{"line":122,"column":0},"end":{"line":122,"column":14}},"122":{"start":{"line":123,"column":0},"end":{"line":123,"column":12}},"125":{"start":{"line":126,"column":0},"end":{"line":126,"column":65}},"126":{"start":{"line":127,"column":0},"end":{"line":127,"column":59}},"127":{"start":{"line":128,"column":0},"end":{"line":128,"column":104}},"128":{"start":{"line":129,"column":0},"end":{"line":129,"column":15}},"129":{"start":{"line":130,"column":0},"end":{"line":130,"column":45}},"130":{"start":{"line":131,"column":0},"end":{"line":131,"column":17}},"131":{"start":{"line":132,"column":0},"end":{"line":132,"column":25}},"132":{"start":{"line":133,"column":0},"end":{"line":133,"column":28}},"134":{"start":{"line":135,"column":0},"end":{"line":135,"column":56}},"135":{"start":{"line":136,"column":0},"end":{"line":136,"column":62}},"136":{"start":{"line":137,"column":0},"end":{"line":137,"column":54}},"137":{"start":{"line":138,"column":0},"end":{"line":138,"column":17}},"138":{"start":{"line":139,"column":0},"end":{"line":139,"column":17}},"139":{"start":{"line":140,"column":0},"end":{"line":140,"column":14}},"140":{"start":{"line":141,"column":0},"end":{"line":141,"column":101}},"142":{"start":{"line":143,"column":0},"end":{"line":143,"column":42}},"143":{"start":{"line":144,"column":0},"end":{"line":144,"column":19}},"145":{"start":{"line":146,"column":0},"end":{"line":146,"column":12}},"146":{"start":{"line":147,"column":0},"end":{"line":147,"column":10}},"148":{"start":{"line":149,"column":0},"end":{"line":149,"column":1}}},"s":{"0":1,"1":1,"2":1,"3":1,"4":1,"5":1,"6":1,"17":207,"18":207,"19":207,"20":207,"21":207,"22":207,"24":207,"25":207,"26":207,"27":207,"29":207,"30":52,"31":52,"32":52,"33":52,"34":52,"35":52,"37":52,"39":207,"40":1,"41":1,"42":1,"43":1,"44":1,"45":1,"47":1,"50":207,"51":207,"52":1,"53":1,"54":1,"55":1,"57":1,"59":153,"61":153,"62":165,"63":165,"64":308,"65":165,"66":165,"67":165,"69":153,"70":153,"72":153,"73":153,"74":153,"75":165,"76":165,"78":165,"79":165,"80":165,"81":165,"82":165,"83":165,"85":165,"86":153,"87":12,"88":165,"91":165,"92":165,"93":78,"94":78,"95":77,"96":1,"97":78,"98":78,"99":78,"101":165,"103":153,"104":153,"105":153,"108":153,"109":153,"110":153,"111":283,"112":283,"113":283,"114":283,"115":283,"116":283,"117":283,"118":283,"119":283,"120":153,"121":153,"122":153,"125":153,"126":153,"127":153,"128":153,"129":153,"130":77,"131":77,"132":77,"134":1,"135":3,"136":2,"137":2,"138":1,"139":1,"140":77,"142":77,"143":77,"145":207,"146":207,"148":207},"branchMap":{"0":{"type":"branch","line":18,"loc":{"start":{"line":18,"column":0},"end":{"line":149,"column":1}},"locations":[{"start":{"line":18,"column":0},"end":{"line":149,"column":1}}]},"1":{"type":"branch","line":30,"loc":{"start":{"line":30,"column":17},"end":{"line":40,"column":15}},"locations":[{"start":{"line":30,"column":17},"end":{"line":40,"column":15}}]},"2":{"type":"branch","line":30,"loc":{"start":{"line":30,"column":17},"end":{"line":38,"column":3}},"locations":[{"start":{"line":30,"column":17},"end":{"line":38,"column":3}}]},"3":{"type":"branch","line":38,"loc":{"start":{"line":38,"column":2},"end":{"line":40,"column":15}},"locations":[{"start":{"line":38,"column":2},"end":{"line":40,"column":15}}]},"4":{"type":"branch","line":40,"loc":{"start":{"line":40,"column":6},"end":{"line":40,"column":34}},"locations":[{"start":{"line":40,"column":6},"end":{"line":40,"column":34}}]},"5":{"type":"branch","line":40,"loc":{"start":{"line":40,"column":34},"end":{"line":48,"column":3}},"locations":[{"start":{"line":40,"column":34},"end":{"line":48,"column":3}}]},"6":{"type":"branch","line":48,"loc":{"start":{"line":48,"column":2},"end":{"line":51,"column":45}},"locations":[{"start":{"line":48,"column":2},"end":{"line":51,"column":45}}]},"7":{"type":"branch","line":51,"loc":{"start":{"line":51,"column":35},"end":{"line":51,"column":48}},"locations":[{"start":{"line":51,"column":35},"end":{"line":51,"column":48}}]},"8":{"type":"branch","line":52,"loc":{"start":{"line":52,"column":27},"end":{"line":58,"column":3}},"locations":[{"start":{"line":52,"column":27},"end":{"line":58,"column":3}}]},"9":{"type":"branch","line":58,"loc":{"start":{"line":58,"column":2},"end":{"line":144,"column":19}},"locations":[{"start":{"line":58,"column":2},"end":{"line":144,"column":19}}]},"10":{"type":"branch","line":58,"loc":{"start":{"line":58,"column":2},"end":{"line":130,"column":45}},"locations":[{"start":{"line":58,"column":2},"end":{"line":130,"column":45}}]},"11":{"type":"branch","line":130,"loc":{"start":{"line":130,"column":39},"end":{"line":144,"column":19}},"locations":[{"start":{"line":130,"column":39},"end":{"line":144,"column":19}}]},"12":{"type":"branch","line":27,"loc":{"start":{"line":27,"column":13},"end":{"line":27,"column":52}},"locations":[{"start":{"line":27,"column":13},"end":{"line":27,"column":52}}]},"13":{"type":"branch","line":62,"loc":{"start":{"line":62,"column":33},"end":{"line":68,"column":4}},"locations":[{"start":{"line":62,"column":33},"end":{"line":68,"column":4}}]},"14":{"type":"branch","line":64,"loc":{"start":{"line":64,"column":47},"end":{"line":65,"column":45}},"locations":[{"start":{"line":64,"column":47},"end":{"line":65,"column":45}}]},"15":{"type":"branch","line":75,"loc":{"start":{"line":75,"column":22},"end":{"line":104,"column":11}},"locations":[{"start":{"line":75,"column":22},"end":{"line":104,"column":11}}]},"16":{"type":"branch","line":86,"loc":{"start":{"line":86,"column":20},"end":{"line":87,"column":101}},"locations":[{"start":{"line":86,"column":20},"end":{"line":87,"column":101}}]},"17":{"type":"branch","line":87,"loc":{"start":{"line":87,"column":22},"end":{"line":88,"column":169}},"locations":[{"start":{"line":87,"column":22},"end":{"line":88,"column":169}}]},"18":{"type":"branch","line":93,"loc":{"start":{"line":93,"column":33},"end":{"line":100,"column":25}},"locations":[{"start":{"line":93,"column":33},"end":{"line":100,"column":25}}]},"19":{"type":"branch","line":95,"loc":{"start":{"line":95,"column":20},"end":{"line":96,"column":95}},"locations":[{"start":{"line":95,"column":20},"end":{"line":96,"column":95}}]},"20":{"type":"branch","line":96,"loc":{"start":{"line":96,"column":24},"end":{"line":97,"column":87}},"locations":[{"start":{"line":96,"column":24},"end":{"line":97,"column":87}}]},"21":{"type":"branch","line":83,"loc":{"start":{"line":83,"column":25},"end":{"line":83,"column":51}},"locations":[{"start":{"line":83,"column":25},"end":{"line":83,"column":51}}]},"22":{"type":"branch","line":111,"loc":{"start":{"line":111,"column":41},"end":{"line":120,"column":28}},"locations":[{"start":{"line":111,"column":41},"end":{"line":120,"column":28}}]},"23":{"type":"branch","line":116,"loc":{"start":{"line":116,"column":26},"end":{"line":116,"column":84}},"locations":[{"start":{"line":116,"column":26},"end":{"line":116,"column":84}}]},"24":{"type":"branch","line":133,"loc":{"start":{"line":133,"column":21},"end":{"line":140,"column":14}},"locations":[{"start":{"line":133,"column":21},"end":{"line":140,"column":14}}]},"25":{"type":"branch","line":135,"loc":{"start":{"line":135,"column":48},"end":{"line":139,"column":15}},"locations":[{"start":{"line":135,"column":48},"end":{"line":139,"column":15}}]},"26":{"type":"branch","line":136,"loc":{"start":{"line":136,"column":61},"end":{"line":138,"column":17}},"locations":[{"start":{"line":136,"column":61},"end":{"line":138,"column":17}}]}},"b":{"0":[207],"1":[193],"2":[52],"3":[155],"4":[154],"5":[1],"6":[154],"7":[0],"8":[1],"9":[205],"10":[153],"11":[77],"12":[34],"13":[165],"14":[308],"15":[165],"16":[153],"17":[12],"18":[78],"19":[77],"20":[1],"21":[1],"22":[283],"23":[7],"24":[1],"25":[3],"26":[2]},"fnMap":{"0":{"name":"CapabilitySelector","decl":{"start":{"line":18,"column":0},"end":{"line":149,"column":1}},"loc":{"start":{"line":18,"column":0},"end":{"line":149,"column":1}},"line":18},"1":{"name":"queryFn","decl":{"start":{"line":27,"column":13},"end":{"line":27,"column":52}},"loc":{"start":{"line":27,"column":13},"end":{"line":27,"column":52}},"line":27},"2":{"name":"getGroupSelectionCount","decl":{"start":{"line":62,"column":33},"end":{"line":68,"column":4}},"loc":{"start":{"line":62,"column":33},"end":{"line":68,"column":4}},"line":62},"3":{"name":"onClick","decl":{"start":{"line":83,"column":25},"end":{"line":83,"column":51}},"loc":{"start":{"line":83,"column":25},"end":{"line":83,"column":51}},"line":83},"4":{"name":"onChange","decl":{"start":{"line":116,"column":26},"end":{"line":116,"column":84}},"loc":{"start":{"line":116,"column":26},"end":{"line":116,"column":84}},"line":116},"5":{"name":"onClick","decl":{"start":{"line":133,"column":21},"end":{"line":140,"column":14}},"loc":{"start":{"line":133,"column":21},"end":{"line":140,"column":14}},"line":133}},"f":{"0":207,"1":34,"2":165,"3":1,"4":7,"5":1}}
,"/Users/paulwilcox/Documents/dispatch-ui/src/components/CloneRoleDialog.tsx": {"path":"/Users/paulwilcox/Documents/dispatch-ui/src/components/CloneRoleDialog.tsx","all":false,"statementMap":{"0":{"start":{"line":1,"column":0},"end":{"line":1,"column":44}},"1":{"start":{"line":2,"column":0},"end":{"line":2,"column":68}},"2":{"start":{"line":3,"column":0},"end":{"line":3,"column":47}},"3":{"start":{"line":4,"column":0},"end":{"line":4,"column":47}},"4":{"start":{"line":5,"column":0},"end":{"line":5,"column":44}},"5":{"start":{"line":6,"column":0},"end":{"line":6,"column":102}},"6":{"start":{"line":7,"column":0},"end":{"line":7,"column":43}},"7":{"start":{"line":8,"column":0},"end":{"line":8,"column":73}},"8":{"start":{"line":9,"column":0},"end":{"line":9,"column":41}},"9":{"start":{"line":10,"column":0},"end":{"line":10,"column":47}},"17":{"start":{"line":18,"column":0},"end":{"line":18,"column":90}},"18":{"start":{"line":19,"column":0},"end":{"line":19,"column":39}},"19":{"start":{"line":20,"column":0},"end":{"line":20,"column":33}},"20":{"start":{"line":21,"column":0},"end":{"line":21,"column":33}},"22":{"start":{"line":23,"column":0},"end":{"line":23,"column":44}},"25":{"start":{"line":26,"column":0},"end":{"line":26,"column":6}},"26":{"start":{"line":27,"column":0},"end":{"line":27,"column":13}},"27":{"start":{"line":28,"column":0},"end":{"line":28,"column":20}},"28":{"start":{"line":29,"column":0},"end":{"line":29,"column":5}},"30":{"start":{"line":31,"column":0},"end":{"line":31,"column":19}},"31":{"start":{"line":32,"column":0},"end":{"line":32,"column":24}},"33":{"start":{"line":34,"column":0},"end":{"line":34,"column":15}},"37":{"start":{"line":38,"column":0},"end":{"line":38,"column":19}},"38":{"start":{"line":39,"column":0},"end":{"line":39,"column":36}},"39":{"start":{"line":40,"column":0},"end":{"line":40,"column":44}},"40":{"start":{"line":41,"column":0},"end":{"line":41,"column":9}},"41":{"start":{"line":42,"column":0},"end":{"line":42,"column":12}},"42":{"start":{"line":43,"column":0},"end":{"line":43,"column":19}},"43":{"start":{"line":44,"column":0},"end":{"line":44,"column":17}},"44":{"start":{"line":45,"column":0},"end":{"line":45,"column":24}},"45":{"start":{"line":46,"column":0},"end":{"line":46,"column":9}},"46":{"start":{"line":47,"column":0},"end":{"line":47,"column":5}},"47":{"start":{"line":48,"column":0},"end":{"line":48,"column":21}},"49":{"start":{"line":50,"column":0},"end":{"line":50,"column":37}},"50":{"start":{"line":51,"column":0},"end":{"line":51,"column":65}},"51":{"start":{"line":52,"column":0},"end":{"line":52,"column":40}},"52":{"start":{"line":53,"column":0},"end":{"line":53,"column":29}},"53":{"start":{"line":54,"column":0},"end":{"line":54,"column":61}},"54":{"start":{"line":55,"column":0},"end":{"line":55,"column":16}},"56":{"start":{"line":57,"column":0},"end":{"line":57,"column":39}},"57":{"start":{"line":58,"column":0},"end":{"line":58,"column":6}},"58":{"start":{"line":59,"column":0},"end":{"line":59,"column":34}},"59":{"start":{"line":60,"column":0},"end":{"line":60,"column":72}},"60":{"start":{"line":61,"column":0},"end":{"line":61,"column":93}},"61":{"start":{"line":62,"column":0},"end":{"line":62,"column":20}},"62":{"start":{"line":63,"column":0},"end":{"line":63,"column":59}},"63":{"start":{"line":64,"column":0},"end":{"line":64,"column":6}},"64":{"start":{"line":65,"column":0},"end":{"line":65,"column":5}},"66":{"start":{"line":67,"column":0},"end":{"line":67,"column":48}},"67":{"start":{"line":68,"column":0},"end":{"line":68,"column":23}},"68":{"start":{"line":69,"column":0},"end":{"line":69,"column":26}},"69":{"start":{"line":70,"column":0},"end":{"line":70,"column":26}},"70":{"start":{"line":71,"column":0},"end":{"line":71,"column":53}},"71":{"start":{"line":72,"column":0},"end":{"line":72,"column":7}},"72":{"start":{"line":73,"column":0},"end":{"line":73,"column":4}},"74":{"start":{"line":75,"column":0},"end":{"line":75,"column":74}},"75":{"start":{"line":76,"column":0},"end":{"line":76,"column":57}},"76":{"start":{"line":77,"column":0},"end":{"line":77,"column":4}},"78":{"start":{"line":79,"column":0},"end":{"line":79,"column":25}},"80":{"start":{"line":81,"column":0},"end":{"line":81,"column":10}},"81":{"start":{"line":82,"column":0},"end":{"line":82,"column":44}},"82":{"start":{"line":83,"column":0},"end":{"line":83,"column":59}},"83":{"start":{"line":84,"column":0},"end":{"line":84,"column":25}},"84":{"start":{"line":85,"column":0},"end":{"line":85,"column":66}},"85":{"start":{"line":86,"column":0},"end":{"line":86,"column":26}},"86":{"start":{"line":87,"column":0},"end":{"line":87,"column":18}},"87":{"start":{"line":88,"column":0},"end":{"line":88,"column":59}},"88":{"start":{"line":89,"column":0},"end":{"line":89,"column":20}},"89":{"start":{"line":90,"column":0},"end":{"line":90,"column":24}},"90":{"start":{"line":91,"column":0},"end":{"line":91,"column":21}},"91":{"start":{"line":92,"column":0},"end":{"line":92,"column":56}},"92":{"start":{"line":93,"column":0},"end":{"line":93,"column":22}},"93":{"start":{"line":94,"column":0},"end":{"line":94,"column":29}},"94":{"start":{"line":95,"column":0},"end":{"line":95,"column":39}},"95":{"start":{"line":96,"column":0},"end":{"line":96,"column":72}},"96":{"start":{"line":97,"column":0},"end":{"line":97,"column":50}},"97":{"start":{"line":98,"column":0},"end":{"line":98,"column":26}},"98":{"start":{"line":99,"column":0},"end":{"line":99,"column":18}},"99":{"start":{"line":100,"column":0},"end":{"line":100,"column":22}},"101":{"start":{"line":102,"column":0},"end":{"line":102,"column":21}},"102":{"start":{"line":103,"column":0},"end":{"line":103,"column":61}},"103":{"start":{"line":104,"column":0},"end":{"line":104,"column":25}},"104":{"start":{"line":105,"column":0},"end":{"line":105,"column":36}},"105":{"start":{"line":106,"column":0},"end":{"line":106,"column":46}},"106":{"start":{"line":107,"column":0},"end":{"line":107,"column":79}},"107":{"start":{"line":108,"column":0},"end":{"line":108,"column":72}},"108":{"start":{"line":109,"column":0},"end":{"line":109,"column":26}},"109":{"start":{"line":110,"column":0},"end":{"line":110,"column":18}},"110":{"start":{"line":111,"column":0},"end":{"line":111,"column":22}},"111":{"start":{"line":112,"column":0},"end":{"line":112,"column":25}},"112":{"start":{"line":113,"column":0},"end":{"line":113,"column":21}},"113":{"start":{"line":114,"column":0},"end":{"line":114,"column":15}},"114":{"start":{"line":115,"column":0},"end":{"line":115,"column":19}},"115":{"start":{"line":116,"column":0},"end":{"line":116,"column":21}},"116":{"start":{"line":117,"column":0},"end":{"line":117,"column":40}},"117":{"start":{"line":118,"column":0},"end":{"line":118,"column":30}},"118":{"start":{"line":119,"column":0},"end":{"line":119,"column":17}},"119":{"start":{"line":120,"column":0},"end":{"line":120,"column":15}},"120":{"start":{"line":121,"column":0},"end":{"line":121,"column":23}},"121":{"start":{"line":122,"column":0},"end":{"line":122,"column":32}},"122":{"start":{"line":123,"column":0},"end":{"line":123,"column":44}},"124":{"start":{"line":125,"column":0},"end":{"line":125,"column":84}},"125":{"start":{"line":126,"column":0},"end":{"line":126,"column":17}},"126":{"start":{"line":127,"column":0},"end":{"line":127,"column":22}},"127":{"start":{"line":128,"column":0},"end":{"line":128,"column":13}},"129":{"start":{"line":130,"column":0},"end":{"line":130,"column":1}}},"s":{"0":1,"1":1,"2":1,"3":1,"4":1,"5":1,"6":1,"7":1,"8":1,"9":1,"17":136,"18":136,"19":136,"20":136,"22":136,"25":136,"26":136,"27":136,"28":136,"30":136,"31":54,"33":22,"37":19,"38":19,"39":19,"40":19,"41":54,"42":1,"43":1,"44":1,"45":1,"46":1,"47":136,"49":136,"50":136,"51":7,"52":136,"53":4,"54":4,"56":4,"57":4,"58":136,"59":2,"60":1,"61":1,"62":2,"63":2,"64":136,"66":136,"67":7,"68":7,"69":7,"70":7,"71":7,"72":7,"74":136,"75":34,"76":34,"78":136,"80":134,"81":134,"82":134,"83":134,"84":134,"85":134,"86":134,"87":134,"88":134,"89":134,"90":134,"91":134,"92":134,"93":134,"94":134,"95":134,"96":134,"97":134,"98":134,"99":134,"101":134,"102":134,"103":134,"104":134,"105":134,"106":134,"107":134,"108":134,"109":134,"110":134,"111":134,"112":134,"113":134,"114":134,"115":134,"116":134,"117":134,"118":134,"119":134,"120":134,"121":134,"122":134,"124":136,"125":136,"126":136,"127":136,"129":136},"branchMap":{"0":{"type":"branch","line":18,"loc":{"start":{"line":18,"column":0},"end":{"line":130,"column":1}},"locations":[{"start":{"line":18,"column":0},"end":{"line":130,"column":1}}]},"1":{"type":"branch","line":79,"loc":{"start":{"line":79,"column":13},"end":{"line":79,"column":25}},"locations":[{"start":{"line":79,"column":13},"end":{"line":79,"column":25}}]},"2":{"type":"branch","line":79,"loc":{"start":{"line":79,"column":20},"end":{"line":125,"column":37}},"locations":[{"start":{"line":79,"column":20},"end":{"line":125,"column":37}}]},"3":{"type":"branch","line":125,"loc":{"start":{"line":125,"column":25},"end":{"line":125,"column":59}},"locations":[{"start":{"line":125,"column":25},"end":{"line":125,"column":59}}]},"4":{"type":"branch","line":125,"loc":{"start":{"line":125,"column":55},"end":{"line":125,"column":84}},"locations":[{"start":{"line":125,"column":55},"end":{"line":125,"column":84}}]},"5":{"type":"branch","line":31,"loc":{"start":{"line":31,"column":12},"end":{"line":48,"column":5}},"locations":[{"start":{"line":31,"column":12},"end":{"line":48,"column":5}}]},"6":{"type":"branch","line":32,"loc":{"start":{"line":32,"column":17},"end":{"line":32,"column":24}},"locations":[{"start":{"line":32,"column":17},"end":{"line":32,"column":24}}]},"7":{"type":"branch","line":32,"loc":{"start":{"line":32,"column":17},"end":{"line":42,"column":11}},"locations":[{"start":{"line":32,"column":17},"end":{"line":42,"column":11}}]},"8":{"type":"branch","line":32,"loc":{"start":{"line":32,"column":17},"end":{"line":34,"column":14}},"locations":[{"start":{"line":32,"column":17},"end":{"line":34,"column":14}}]},"9":{"type":"branch","line":34,"loc":{"start":{"line":34,"column":14},"end":{"line":42,"column":11}},"locations":[{"start":{"line":34,"column":14},"end":{"line":42,"column":11}}]},"10":{"type":"branch","line":40,"loc":{"start":{"line":40,"column":26},"end":{"line":40,"column":44}},"locations":[{"start":{"line":40,"column":26},"end":{"line":40,"column":44}}]},"11":{"type":"branch","line":42,"loc":{"start":{"line":42,"column":4},"end":{"line":47,"column":5}},"locations":[{"start":{"line":42,"column":4},"end":{"line":47,"column":5}}]},"12":{"type":"branch","line":51,"loc":{"start":{"line":51,"column":16},"end":{"line":52,"column":40}},"locations":[{"start":{"line":51,"column":16},"end":{"line":52,"column":40}}]},"13":{"type":"branch","line":53,"loc":{"start":{"line":53,"column":15},"end":{"line":58,"column":6}},"locations":[{"start":{"line":53,"column":15},"end":{"line":58,"column":6}}]},"14":{"type":"branch","line":59,"loc":{"start":{"line":59,"column":13},"end":{"line":64,"column":6}},"locations":[{"start":{"line":59,"column":13},"end":{"line":64,"column":6}}]},"15":{"type":"branch","line":60,"loc":{"start":{"line":60,"column":67},"end":{"line":61,"column":93}},"locations":[{"start":{"line":60,"column":67},"end":{"line":61,"column":93}}]},"16":{"type":"branch","line":61,"loc":{"start":{"line":61,"column":85},"end":{"line":62,"column":20}},"locations":[{"start":{"line":61,"column":85},"end":{"line":62,"column":20}}]},"17":{"type":"branch","line":63,"loc":{"start":{"line":63,"column":12},"end":{"line":63,"column":57}},"locations":[{"start":{"line":63,"column":12},"end":{"line":63,"column":57}}]},"18":{"type":"branch","line":67,"loc":{"start":{"line":67,"column":23},"end":{"line":73,"column":4}},"locations":[{"start":{"line":67,"column":23},"end":{"line":73,"column":4}}]},"19":{"type":"branch","line":71,"loc":{"start":{"line":71,"column":28},"end":{"line":71,"column":53}},"locations":[{"start":{"line":71,"column":28},"end":{"line":71,"column":53}}]},"20":{"type":"branch","line":75,"loc":{"start":{"line":75,"column":23},"end":{"line":77,"column":4}},"locations":[{"start":{"line":75,"column":23},"end":{"line":77,"column":4}}]},"21":{"type":"branch","line":76,"loc":{"start":{"line":76,"column":16},"end":{"line":76,"column":55}},"locations":[{"start":{"line":76,"column":16},"end":{"line":76,"column":55}}]},"22":{"type":"branch","line":96,"loc":{"start":{"line":96,"column":28},"end":{"line":96,"column":72}},"locations":[{"start":{"line":96,"column":28},"end":{"line":96,"column":72}}]},"23":{"type":"branch","line":107,"loc":{"start":{"line":107,"column":28},"end":{"line":107,"column":79}},"locations":[{"start":{"line":107,"column":28},"end":{"line":107,"column":79}}]}},"b":{"0":[136],"1":[2],"2":[134],"3":[1],"4":[133],"5":[54],"6":[34],"7":[22],"8":[20],"9":[19],"10":[1],"11":[1],"12":[7],"13":[4],"14":[2],"15":[1],"16":[1],"17":[1],"18":[7],"19":[1],"20":[34],"21":[34],"22":[14],"23":[20]},"fnMap":{"0":{"name":"CloneRoleDialog","decl":{"start":{"line":18,"column":0},"end":{"line":130,"column":1}},"loc":{"start":{"line":18,"column":0},"end":{"line":130,"column":1}},"line":18},"1":{"name":"mutationFn","decl":{"start":{"line":51,"column":16},"end":{"line":52,"column":40}},"loc":{"start":{"line":51,"column":16},"end":{"line":52,"column":40}},"line":51},"2":{"name":"onSuccess","decl":{"start":{"line":53,"column":15},"end":{"line":58,"column":6}},"loc":{"start":{"line":53,"column":15},"end":{"line":58,"column":6}},"line":53},"3":{"name":"onError","decl":{"start":{"line":59,"column":13},"end":{"line":64,"column":6}},"loc":{"start":{"line":59,"column":13},"end":{"line":64,"column":6}},"line":59},"4":{"name":"handleSubmit","decl":{"start":{"line":67,"column":23},"end":{"line":73,"column":4}},"loc":{"start":{"line":67,"column":23},"end":{"line":73,"column":4}},"line":67},"5":{"name":"handleChange","decl":{"start":{"line":75,"column":23},"end":{"line":77,"column":4}},"loc":{"start":{"line":75,"column":23},"end":{"line":77,"column":4}},"line":75},"6":{"name":"onChange","decl":{"start":{"line":96,"column":28},"end":{"line":96,"column":72}},"loc":{"start":{"line":96,"column":28},"end":{"line":96,"column":72}},"line":96},"7":{"name":"onChange","decl":{"start":{"line":107,"column":28},"end":{"line":107,"column":79}},"loc":{"start":{"line":107,"column":28},"end":{"line":107,"column":79}},"line":107}},"f":{"0":136,"1":7,"2":4,"3":2,"4":7,"5":34,"6":14,"7":20}}
,"/Users/paulwilcox/Documents/dispatch-ui/src/components/CustomerFormDialog.tsx": {"path":"/Users/paulwilcox/Documents/dispatch-ui/src/components/CustomerFormDialog.tsx","all":false,"statementMap":{"0":{"start":{"line":1,"column":0},"end":{"line":1,"column":44}},"1":{"start":{"line":2,"column":0},"end":{"line":2,"column":68}},"2":{"start":{"line":3,"column":0},"end":{"line":3,"column":47}},"3":{"start":{"line":4,"column":0},"end":{"line":4,"column":108}},"4":{"start":{"line":5,"column":0},"end":{"line":5,"column":102}},"5":{"start":{"line":6,"column":0},"end":{"line":6,"column":43}},"6":{"start":{"line":7,"column":0},"end":{"line":7,"column":62}},"7":{"start":{"line":8,"column":0},"end":{"line":8,"column":86}},"8":{"start":{"line":9,"column":0},"end":{"line":9,"column":41}},"9":{"start":{"line":10,"column":0},"end":{"line":10,"column":47}},"10":{"start":{"line":11,"column":0},"end":{"line":11,"column":65}},"11":{"start":{"line":12,"column":0},"end":{"line":12,"column":48}},"71":{"start":{"line":72,"column":0},"end":{"line":72,"column":100}},"72":{"start":{"line":73,"column":0},"end":{"line":73,"column":39}},"73":{"start":{"line":74,"column":0},"end":{"line":74,"column":33}},"74":{"start":{"line":75,"column":0},"end":{"line":75,"column":32}},"77":{"start":{"line":78,"column":0},"end":{"line":78,"column":64}},"78":{"start":{"line":79,"column":0},"end":{"line":79,"column":78}},"79":{"start":{"line":80,"column":0},"end":{"line":80,"column":68}},"80":{"start":{"line":81,"column":0},"end":{"line":81,"column":70}},"82":{"start":{"line":83,"column":0},"end":{"line":83,"column":72}},"83":{"start":{"line":84,"column":0},"end":{"line":84,"column":13}},"84":{"start":{"line":85,"column":0},"end":{"line":85,"column":14}},"85":{"start":{"line":86,"column":0},"end":{"line":86,"column":14}},"86":{"start":{"line":87,"column":0},"end":{"line":87,"column":21}},"87":{"start":{"line":88,"column":0},"end":{"line":88,"column":24}},"88":{"start":{"line":89,"column":0},"end":{"line":89,"column":29}},"89":{"start":{"line":90,"column":0},"end":{"line":90,"column":15}},"90":{"start":{"line":91,"column":0},"end":{"line":91,"column":16}},"91":{"start":{"line":92,"column":0},"end":{"line":92,"column":18}},"92":{"start":{"line":93,"column":0},"end":{"line":93,"column":6}},"93":{"start":{"line":94,"column":0},"end":{"line":94,"column":21}},"94":{"start":{"line":95,"column":0},"end":{"line":95,"column":24}},"95":{"start":{"line":96,"column":0},"end":{"line":96,"column":29}},"96":{"start":{"line":97,"column":0},"end":{"line":97,"column":15}},"97":{"start":{"line":98,"column":0},"end":{"line":98,"column":16}},"98":{"start":{"line":99,"column":0},"end":{"line":99,"column":18}},"99":{"start":{"line":100,"column":0},"end":{"line":100,"column":6}},"100":{"start":{"line":101,"column":0},"end":{"line":101,"column":38}},"101":{"start":{"line":102,"column":0},"end":{"line":102,"column":21}},"102":{"start":{"line":103,"column":0},"end":{"line":103,"column":24}},"103":{"start":{"line":104,"column":0},"end":{"line":104,"column":25}},"104":{"start":{"line":105,"column":0},"end":{"line":105,"column":25}},"105":{"start":{"line":106,"column":0},"end":{"line":106,"column":27}},"106":{"start":{"line":107,"column":0},"end":{"line":107,"column":14}},"107":{"start":{"line":108,"column":0},"end":{"line":108,"column":24}},"108":{"start":{"line":109,"column":0},"end":{"line":109,"column":33}},"109":{"start":{"line":110,"column":0},"end":{"line":110,"column":28}},"110":{"start":{"line":111,"column":0},"end":{"line":111,"column":21}},"111":{"start":{"line":112,"column":0},"end":{"line":112,"column":29}},"112":{"start":{"line":113,"column":0},"end":{"line":113,"column":5}},"114":{"start":{"line":115,"column":0},"end":{"line":115,"column":66}},"115":{"start":{"line":116,"column":0},"end":{"line":116,"column":13}},"116":{"start":{"line":117,"column":0},"end":{"line":117,"column":14}},"117":{"start":{"line":118,"column":0},"end":{"line":118,"column":14}},"118":{"start":{"line":119,"column":0},"end":{"line":119,"column":21}},"119":{"start":{"line":120,"column":0},"end":{"line":120,"column":24}},"120":{"start":{"line":121,"column":0},"end":{"line":121,"column":29}},"121":{"start":{"line":122,"column":0},"end":{"line":122,"column":15}},"122":{"start":{"line":123,"column":0},"end":{"line":123,"column":16}},"123":{"start":{"line":124,"column":0},"end":{"line":124,"column":18}},"124":{"start":{"line":125,"column":0},"end":{"line":125,"column":6}},"125":{"start":{"line":126,"column":0},"end":{"line":126,"column":24}},"126":{"start":{"line":127,"column":0},"end":{"line":127,"column":33}},"127":{"start":{"line":128,"column":0},"end":{"line":128,"column":28}},"128":{"start":{"line":129,"column":0},"end":{"line":129,"column":21}},"129":{"start":{"line":130,"column":0},"end":{"line":130,"column":29}},"130":{"start":{"line":131,"column":0},"end":{"line":131,"column":14}},"131":{"start":{"line":132,"column":0},"end":{"line":132,"column":21}},"132":{"start":{"line":133,"column":0},"end":{"line":133,"column":5}},"136":{"start":{"line":137,"column":0},"end":{"line":137,"column":19}},"137":{"start":{"line":138,"column":0},"end":{"line":138,"column":24}},"141":{"start":{"line":142,"column":0},"end":{"line":142,"column":30}},"143":{"start":{"line":144,"column":0},"end":{"line":144,"column":37}},"145":{"start":{"line":146,"column":0},"end":{"line":146,"column":32}},"147":{"start":{"line":148,"column":0},"end":{"line":148,"column":33}},"149":{"start":{"line":150,"column":0},"end":{"line":150,"column":19}},"151":{"start":{"line":152,"column":0},"end":{"line":152,"column":23}},"152":{"start":{"line":153,"column":0},"end":{"line":153,"column":28}},"153":{"start":{"line":154,"column":0},"end":{"line":154,"column":30}},"154":{"start":{"line":155,"column":0},"end":{"line":155,"column":36}},"155":{"start":{"line":156,"column":0},"end":{"line":156,"column":25}},"156":{"start":{"line":157,"column":0},"end":{"line":157,"column":63}},"157":{"start":{"line":158,"column":0},"end":{"line":158,"column":79}},"158":{"start":{"line":159,"column":0},"end":{"line":159,"column":45}},"159":{"start":{"line":160,"column":0},"end":{"line":160,"column":47}},"160":{"start":{"line":161,"column":0},"end":{"line":161,"column":51}},"161":{"start":{"line":162,"column":0},"end":{"line":162,"column":10}},"162":{"start":{"line":163,"column":0},"end":{"line":163,"column":52}},"163":{"start":{"line":164,"column":0},"end":{"line":164,"column":62}},"164":{"start":{"line":165,"column":0},"end":{"line":165,"column":64}},"165":{"start":{"line":166,"column":0},"end":{"line":166,"column":38}},"166":{"start":{"line":167,"column":0},"end":{"line":167,"column":66}},"167":{"start":{"line":168,"column":0},"end":{"line":168,"column":36}},"168":{"start":{"line":169,"column":0},"end":{"line":169,"column":32}},"169":{"start":{"line":170,"column":0},"end":{"line":170,"column":9}},"170":{"start":{"line":171,"column":0},"end":{"line":171,"column":12}},"171":{"start":{"line":172,"column":0},"end":{"line":172,"column":25}},"172":{"start":{"line":173,"column":0},"end":{"line":173,"column":17}},"173":{"start":{"line":174,"column":0},"end":{"line":174,"column":18}},"174":{"start":{"line":175,"column":0},"end":{"line":175,"column":18}},"175":{"start":{"line":176,"column":0},"end":{"line":176,"column":25}},"176":{"start":{"line":177,"column":0},"end":{"line":177,"column":28}},"177":{"start":{"line":178,"column":0},"end":{"line":178,"column":33}},"178":{"start":{"line":179,"column":0},"end":{"line":179,"column":19}},"179":{"start":{"line":180,"column":0},"end":{"line":180,"column":20}},"180":{"start":{"line":181,"column":0},"end":{"line":181,"column":22}},"181":{"start":{"line":182,"column":0},"end":{"line":182,"column":10}},"182":{"start":{"line":183,"column":0},"end":{"line":183,"column":25}},"183":{"start":{"line":184,"column":0},"end":{"line":184,"column":28}},"184":{"start":{"line":185,"column":0},"end":{"line":185,"column":33}},"185":{"start":{"line":186,"column":0},"end":{"line":186,"column":19}},"186":{"start":{"line":187,"column":0},"end":{"line":187,"column":20}},"187":{"start":{"line":188,"column":0},"end":{"line":188,"column":22}},"188":{"start":{"line":189,"column":0},"end":{"line":189,"column":10}},"189":{"start":{"line":190,"column":0},"end":{"line":190,"column":42}},"190":{"start":{"line":191,"column":0},"end":{"line":191,"column":25}},"191":{"start":{"line":192,"column":0},"end":{"line":192,"column":28}},"192":{"start":{"line":193,"column":0},"end":{"line":193,"column":29}},"193":{"start":{"line":194,"column":0},"end":{"line":194,"column":29}},"194":{"start":{"line":195,"column":0},"end":{"line":195,"column":31}},"195":{"start":{"line":196,"column":0},"end":{"line":196,"column":18}},"196":{"start":{"line":197,"column":0},"end":{"line":197,"column":28}},"197":{"start":{"line":198,"column":0},"end":{"line":198,"column":37}},"198":{"start":{"line":199,"column":0},"end":{"line":199,"column":32}},"199":{"start":{"line":200,"column":0},"end":{"line":200,"column":25}},"200":{"start":{"line":201,"column":0},"end":{"line":201,"column":33}},"201":{"start":{"line":202,"column":0},"end":{"line":202,"column":9}},"202":{"start":{"line":203,"column":0},"end":{"line":203,"column":5}},"203":{"start":{"line":204,"column":0},"end":{"line":204,"column":25}},"205":{"start":{"line":206,"column":0},"end":{"line":206,"column":38}},"206":{"start":{"line":207,"column":0},"end":{"line":207,"column":74}},"207":{"start":{"line":208,"column":0},"end":{"line":208,"column":22}},"208":{"start":{"line":209,"column":0},"end":{"line":209,"column":65}},"209":{"start":{"line":210,"column":0},"end":{"line":210,"column":16}},"210":{"start":{"line":211,"column":0},"end":{"line":211,"column":6}},"211":{"start":{"line":212,"column":0},"end":{"line":212,"column":34}},"212":{"start":{"line":213,"column":0},"end":{"line":213,"column":72}},"213":{"start":{"line":214,"column":0},"end":{"line":214,"column":93}},"214":{"start":{"line":215,"column":0},"end":{"line":215,"column":20}},"215":{"start":{"line":216,"column":0},"end":{"line":216,"column":94}},"216":{"start":{"line":217,"column":0},"end":{"line":217,"column":6}},"217":{"start":{"line":218,"column":0},"end":{"line":218,"column":5}},"219":{"start":{"line":220,"column":0},"end":{"line":220,"column":38}},"220":{"start":{"line":221,"column":0},"end":{"line":221,"column":68}},"223":{"start":{"line":224,"column":0},"end":{"line":224,"column":11}},"224":{"start":{"line":225,"column":0},"end":{"line":225,"column":62}},"225":{"start":{"line":226,"column":0},"end":{"line":226,"column":34}},"226":{"start":{"line":227,"column":0},"end":{"line":227,"column":84}},"227":{"start":{"line":228,"column":0},"end":{"line":228,"column":7}},"228":{"start":{"line":229,"column":0},"end":{"line":229,"column":6}},"229":{"start":{"line":230,"column":0},"end":{"line":230,"column":22}},"230":{"start":{"line":231,"column":0},"end":{"line":231,"column":65}},"231":{"start":{"line":232,"column":0},"end":{"line":232,"column":16}},"232":{"start":{"line":233,"column":0},"end":{"line":233,"column":6}},"233":{"start":{"line":234,"column":0},"end":{"line":234,"column":34}},"234":{"start":{"line":235,"column":0},"end":{"line":235,"column":72}},"235":{"start":{"line":236,"column":0},"end":{"line":236,"column":93}},"236":{"start":{"line":237,"column":0},"end":{"line":237,"column":20}},"237":{"start":{"line":238,"column":0},"end":{"line":238,"column":94}},"238":{"start":{"line":239,"column":0},"end":{"line":239,"column":6}},"239":{"start":{"line":240,"column":0},"end":{"line":240,"column":5}},"241":{"start":{"line":242,"column":0},"end":{"line":242,"column":54}},"242":{"start":{"line":243,"column":0},"end":{"line":243,"column":23}},"244":{"start":{"line":245,"column":0},"end":{"line":245,"column":44}},"245":{"start":{"line":246,"column":0},"end":{"line":246,"column":32}},"246":{"start":{"line":247,"column":0},"end":{"line":247,"column":34}},"247":{"start":{"line":248,"column":0},"end":{"line":248,"column":42}},"248":{"start":{"line":249,"column":0},"end":{"line":249,"column":64}},"249":{"start":{"line":250,"column":0},"end":{"line":250,"column":39}},"250":{"start":{"line":251,"column":0},"end":{"line":251,"column":40}},"251":{"start":{"line":252,"column":0},"end":{"line":252,"column":25}},"252":{"start":{"line":253,"column":0},"end":{"line":253,"column":9}},"254":{"start":{"line":255,"column":0},"end":{"line":255,"column":75}},"255":{"start":{"line":256,"column":0},"end":{"line":256,"column":49}},"256":{"start":{"line":257,"column":0},"end":{"line":257,"column":66}},"257":{"start":{"line":258,"column":0},"end":{"line":258,"column":68}},"258":{"start":{"line":259,"column":0},"end":{"line":259,"column":68}},"259":{"start":{"line":260,"column":0},"end":{"line":260,"column":72}},"260":{"start":{"line":261,"column":0},"end":{"line":261,"column":46}},"261":{"start":{"line":262,"column":0},"end":{"line":262,"column":10}},"262":{"start":{"line":263,"column":0},"end":{"line":263,"column":8}},"263":{"start":{"line":264,"column":0},"end":{"line":264,"column":78}},"264":{"start":{"line":265,"column":0},"end":{"line":265,"column":56}},"265":{"start":{"line":266,"column":0},"end":{"line":266,"column":66}},"266":{"start":{"line":267,"column":0},"end":{"line":267,"column":70}},"267":{"start":{"line":268,"column":0},"end":{"line":268,"column":42}},"268":{"start":{"line":269,"column":0},"end":{"line":269,"column":72}},"269":{"start":{"line":270,"column":0},"end":{"line":270,"column":42}},"270":{"start":{"line":271,"column":0},"end":{"line":271,"column":6}},"272":{"start":{"line":273,"column":0},"end":{"line":273,"column":35}},"273":{"start":{"line":274,"column":0},"end":{"line":274,"column":4}},"275":{"start":{"line":276,"column":0},"end":{"line":276,"column":52}},"276":{"start":{"line":277,"column":0},"end":{"line":277,"column":23}},"278":{"start":{"line":279,"column":0},"end":{"line":279,"column":52}},"279":{"start":{"line":280,"column":0},"end":{"line":280,"column":30}},"280":{"start":{"line":281,"column":0},"end":{"line":281,"column":32}},"281":{"start":{"line":282,"column":0},"end":{"line":282,"column":40}},"282":{"start":{"line":283,"column":0},"end":{"line":283,"column":54}},"283":{"start":{"line":284,"column":0},"end":{"line":284,"column":64}},"284":{"start":{"line":285,"column":0},"end":{"line":285,"column":68}},"285":{"start":{"line":286,"column":0},"end":{"line":286,"column":40}},"286":{"start":{"line":287,"column":0},"end":{"line":287,"column":70}},"287":{"start":{"line":288,"column":0},"end":{"line":288,"column":40}},"288":{"start":{"line":289,"column":0},"end":{"line":289,"column":34}},"289":{"start":{"line":290,"column":0},"end":{"line":290,"column":6}},"292":{"start":{"line":293,"column":0},"end":{"line":293,"column":47}},"293":{"start":{"line":294,"column":0},"end":{"line":294,"column":92}},"294":{"start":{"line":295,"column":0},"end":{"line":295,"column":118}},"295":{"start":{"line":296,"column":0},"end":{"line":296,"column":74}},"296":{"start":{"line":297,"column":0},"end":{"line":297,"column":76}},"297":{"start":{"line":298,"column":0},"end":{"line":298,"column":77}},"300":{"start":{"line":301,"column":0},"end":{"line":301,"column":27}},"301":{"start":{"line":302,"column":0},"end":{"line":302,"column":22}},"302":{"start":{"line":303,"column":0},"end":{"line":303,"column":112}},"303":{"start":{"line":304,"column":0},"end":{"line":304,"column":7}},"304":{"start":{"line":305,"column":0},"end":{"line":305,"column":4}},"306":{"start":{"line":307,"column":0},"end":{"line":307,"column":10}},"307":{"start":{"line":308,"column":0},"end":{"line":308,"column":55}},"308":{"start":{"line":309,"column":0},"end":{"line":309,"column":19}},"309":{"start":{"line":310,"column":0},"end":{"line":310,"column":39}},"310":{"start":{"line":311,"column":0},"end":{"line":311,"column":62}},"311":{"start":{"line":312,"column":0},"end":{"line":312,"column":40}},"312":{"start":{"line":313,"column":0},"end":{"line":313,"column":11}},"313":{"start":{"line":314,"column":0},"end":{"line":314,"column":20}},"314":{"start":{"line":315,"column":0},"end":{"line":315,"column":25}},"315":{"start":{"line":316,"column":0},"end":{"line":316,"column":86}},"316":{"start":{"line":317,"column":0},"end":{"line":317,"column":40}},"317":{"start":{"line":318,"column":0},"end":{"line":318,"column":11}},"318":{"start":{"line":319,"column":0},"end":{"line":319,"column":26}},"319":{"start":{"line":320,"column":0},"end":{"line":320,"column":18}},"320":{"start":{"line":321,"column":0},"end":{"line":321,"column":20}},"321":{"start":{"line":322,"column":0},"end":{"line":322,"column":87}},"323":{"start":{"line":324,"column":0},"end":{"line":324,"column":17}},"324":{"start":{"line":325,"column":0},"end":{"line":325,"column":106}},"325":{"start":{"line":326,"column":0},"end":{"line":326,"column":41}},"327":{"start":{"line":328,"column":0},"end":{"line":328,"column":57}},"328":{"start":{"line":329,"column":0},"end":{"line":329,"column":48}},"329":{"start":{"line":330,"column":0},"end":{"line":330,"column":80}},"330":{"start":{"line":331,"column":0},"end":{"line":331,"column":26}},"331":{"start":{"line":332,"column":0},"end":{"line":332,"column":33}},"332":{"start":{"line":333,"column":0},"end":{"line":333,"column":49}},"333":{"start":{"line":334,"column":0},"end":{"line":334,"column":40}},"334":{"start":{"line":335,"column":0},"end":{"line":335,"column":52}},"335":{"start":{"line":336,"column":0},"end":{"line":336,"column":54}},"336":{"start":{"line":337,"column":0},"end":{"line":337,"co
[...]
},"end":{"line":79,"column":6}},"79":{"start":{"line":80,"column":0},"end":{"line":80,"column":5}},"81":{"start":{"line":82,"column":0},"end":{"line":82,"column":27}},"82":{"start":{"line":83,"column":0},"end":{"line":83,"column":31}},"83":{"start":{"line":84,"column":0},"end":{"line":84,"column":26}},"84":{"start":{"line":85,"column":0},"end":{"line":85,"column":4}},"86":{"start":{"line":87,"column":0},"end":{"line":87,"column":48}},"87":{"start":{"line":88,"column":0},"end":{"line":88,"column":36}},"88":{"start":{"line":89,"column":0},"end":{"line":89,"column":26}},"89":{"start":{"line":90,"column":0},"end":{"line":90,"column":4}},"91":{"start":{"line":92,"column":0},"end":{"line":92,"column":50}},"92":{"start":{"line":93,"column":0},"end":{"line":93,"column":104}},"93":{"start":{"line":94,"column":0},"end":{"line":94,"column":42}},"94":{"start":{"line":95,"column":0},"end":{"line":95,"column":5}},"95":{"start":{"line":96,"column":0},"end":{"line":96,"column":4}},"97":{"start":{"line":98,"column":0},"end":{"line":98,"column":35}},"98":{"start":{"line":99,"column":0},"end":{"line":99,"column":27}},"99":{"start":{"line":100,"column":0},"end":{"line":100,"column":31}},"100":{"start":{"line":101,"column":0},"end":{"line":101,"column":4}},"102":{"start":{"line":103,"column":0},"end":{"line":103,"column":10}},"103":{"start":{"line":104,"column":0},"end":{"line":104,"column":15}},"104":{"start":{"line":105,"column":0},"end":{"line":105,"column":63}},"105":{"start":{"line":106,"column":0},"end":{"line":106,"column":53}},"106":{"start":{"line":107,"column":0},"end":{"line":107,"column":110}},"107":{"start":{"line":108,"column":0},"end":{"line":108,"column":12}},"110":{"start":{"line":111,"column":0},"end":{"line":111,"column":52}},"111":{"start":{"line":112,"column":0},"end":{"line":112,"column":48}},"112":{"start":{"line":113,"column":0},"end":{"line":113,"column":50}},"113":{"start":{"line":114,"column":0},"end":{"line":114,"column":16}},"114":{"start":{"line":115,"column":0},"end":{"line":115,"column":23}},"115":{"start":{"line":116,"column":0},"end":{"line":116,"column":44}},"116":{"start":{"line":117,"column":0},"end":{"line":117,"column":31}},"117":{"start":{"line":118,"column":0},"end":{"line":118,"column":60}},"118":{"start":{"line":119,"column":0},"end":{"line":119,"column":12}},"119":{"start":{"line":120,"column":0},"end":{"line":120,"column":21}},"120":{"start":{"line":121,"column":0},"end":{"line":121,"column":24}},"121":{"start":{"line":122,"column":0},"end":{"line":122,"column":68}},"122":{"start":{"line":123,"column":0},"end":{"line":123,"column":60}},"123":{"start":{"line":124,"column":0},"end":{"line":124,"column":146}},"124":{"start":{"line":125,"column":0},"end":{"line":125,"column":71}},"125":{"start":{"line":126,"column":0},"end":{"line":126,"column":16}},"127":{"start":{"line":128,"column":0},"end":{"line":128,"column":12}},"129":{"start":{"line":130,"column":0},"end":{"line":130,"column":21}},"130":{"start":{"line":131,"column":0},"end":{"line":131,"column":42}},"131":{"start":{"line":132,"column":0},"end":{"line":132,"column":139}},"132":{"start":{"line":133,"column":0},"end":{"line":133,"column":14}},"135":{"start":{"line":136,"column":0},"end":{"line":136,"column":17}},"136":{"start":{"line":137,"column":0},"end":{"line":137,"column":115}},"137":{"start":{"line":138,"column":0},"end":{"line":138,"column":64}},"138":{"start":{"line":139,"column":0},"end":{"line":139,"column":114}},"139":{"start":{"line":140,"column":0},"end":{"line":140,"column":14}},"140":{"start":{"line":141,"column":0},"end":{"line":141,"column":14}},"143":{"start":{"line":144,"column":0},"end":{"line":144,"column":49}},"144":{"start":{"line":145,"column":0},"end":{"line":145,"column":103}},"145":{"start":{"line":146,"column":0},"end":{"line":146,"column":140}},"146":{"start":{"line":147,"column":0},"end":{"line":147,"column":55}},"147":{"start":{"line":148,"column":0},"end":{"line":148,"column":82}},"148":{"start":{"line":149,"column":0},"end":{"line":149,"column":19}},"149":{"start":{"line":150,"column":0},"end":{"line":150,"column":14}},"152":{"start":{"line":153,"column":0},"end":{"line":153,"column":82}},"153":{"start":{"line":154,"column":0},"end":{"line":154,"column":103}},"154":{"start":{"line":155,"column":0},"end":{"line":155,"column":145}},"155":{"start":{"line":156,"column":0},"end":{"line":156,"column":14}},"158":{"start":{"line":159,"column":0},"end":{"line":159,"column":41}},"159":{"start":{"line":160,"column":0},"end":{"line":160,"column":30}},"160":{"start":{"line":161,"column":0},"end":{"line":161,"column":71}},"161":{"start":{"line":162,"column":0},"end":{"line":162,"column":23}},"162":{"start":{"line":163,"column":0},"end":{"line":163,"column":24}},"163":{"start":{"line":164,"column":0},"end":{"line":164,"column":69}},"164":{"start":{"line":165,"column":0},"end":{"line":165,"column":67}},"165":{"start":{"line":166,"column":0},"end":{"line":166,"column":68}},"166":{"start":{"line":167,"column":0},"end":{"line":167,"column":76}},"167":{"start":{"line":168,"column":0},"end":{"line":168,"column":73}},"168":{"start":{"line":169,"column":0},"end":{"line":169,"column":73}},"169":{"start":{"line":170,"column":0},"end":{"line":170,"column":43}},"170":{"start":{"line":171,"column":0},"end":{"line":171,"column":25}},"171":{"start":{"line":172,"column":0},"end":{"line":172,"column":24}},"172":{"start":{"line":173,"column":0},"end":{"line":173,"column":23}},"173":{"start":{"line":174,"column":0},"end":{"line":174,"column":54}},"174":{"start":{"line":175,"column":0},"end":{"line":175,"column":45}},"175":{"start":{"line":176,"column":0},"end":{"line":176,"column":73}},"176":{"start":{"line":177,"column":0},"end":{"line":177,"column":53}},"177":{"start":{"line":178,"column":0},"end":{"line":178,"column":30}},"178":{"start":{"line":179,"column":0},"end":{"line":179,"column":53}},"179":{"start":{"line":180,"column":0},"end":{"line":180,"column":61}},"180":{"start":{"line":181,"column":0},"end":{"line":181,"column":30}},"181":{"start":{"line":182,"column":0},"end":{"line":182,"column":29}},"182":{"start":{"line":183,"column":0},"end":{"line":183,"column":67}},"183":{"start":{"line":184,"column":0},"end":{"line":184,"column":91}},"184":{"start":{"line":185,"column":0},"end":{"line":185,"column":28}},"185":{"start":{"line":186,"column":0},"end":{"line":186,"column":30}},"186":{"start":{"line":187,"column":0},"end":{"line":187,"column":55}},"187":{"start":{"line":188,"column":0},"end":{"line":188,"column":57}},"188":{"start":{"line":189,"column":0},"end":{"line":189,"column":30}},"189":{"start":{"line":190,"column":0},"end":{"line":190,"column":55}},"190":{"start":{"line":191,"column":0},"end":{"line":191,"column":59}},"191":{"start":{"line":192,"column":0},"end":{"line":192,"column":30}},"192":{"start":{"line":193,"column":0},"end":{"line":193,"column":55}},"193":{"start":{"line":194,"column":0},"end":{"line":194,"column":42}},"194":{"start":{"line":195,"column":0},"end":{"line":195,"column":113}},"195":{"start":{"line":196,"column":0},"end":{"line":196,"column":28}},"196":{"start":{"line":197,"column":0},"end":{"line":197,"column":30}},"197":{"start":{"line":198,"column":0},"end":{"line":198,"column":29}},"198":{"start":{"line":199,"column":0},"end":{"line":199,"column":62}},"199":{"start":{"line":200,"column":0},"end":{"line":200,"column":32}},"200":{"start":{"line":201,"column":0},"end":{"line":201,"column":83}},"201":{"start":{"line":202,"column":0},"end":{"line":202,"column":69}},"202":{"start":{"line":203,"column":0},"end":{"line":203,"column":41}},"203":{"start":{"line":204,"column":0},"end":{"line":204,"column":58}},"204":{"start":{"line":205,"column":0},"end":{"line":205,"column":78}},"205":{"start":{"line":206,"column":0},"end":{"line":206,"column":77}},"206":{"start":{"line":207,"column":0},"end":{"line":207,"column":41}},"207":{"start":{"line":208,"column":0},"end":{"line":208,"column":80}},"208":{"start":{"line":209,"column":0},"end":{"line":209,"column":79}},"209":{"start":{"line":210,"column":0},"end":{"line":210,"column":41}},"210":{"start":{"line":211,"column":0},"end":{"line":211,"column":39}},"211":{"start":{"line":212,"column":0},"end":{"line":212,"column":33}},"212":{"start":{"line":213,"column":0},"end":{"line":213,"column":26}},"213":{"start":{"line":214,"column":0},"end":{"line":214,"column":30}},"214":{"start":{"line":215,"column":0},"end":{"line":215,"column":27}},"215":{"start":{"line":216,"column":0},"end":{"line":216,"column":17}},"216":{"start":{"line":217,"column":0},"end":{"line":217,"column":24}},"217":{"start":{"line":218,"column":0},"end":{"line":218,"column":18}},"218":{"start":{"line":219,"column":0},"end":{"line":219,"column":14}},"221":{"start":{"line":222,"column":0},"end":{"line":222,"column":26}},"222":{"start":{"line":223,"column":0},"end":{"line":223,"column":29}},"223":{"start":{"line":224,"column":0},"end":{"line":224,"column":35}},"224":{"start":{"line":225,"column":0},"end":{"line":225,"column":37}},"225":{"start":{"line":226,"column":0},"end":{"line":226,"column":8}},"226":{"start":{"line":227,"column":0},"end":{"line":227,"column":16}},"228":{"start":{"line":229,"column":0},"end":{"line":229,"column":1}}},"s":{"0":1,"1":1,"2":1,"3":1,"4":1,"5":1,"6":1,"7":1,"8":1,"9":1,"10":1,"11":1,"12":1,"14":1,"15":1,"16":1,"17":1,"18":1,"19":1,"20":1,"22":1,"23":1,"24":1,"25":1,"26":1,"27":1,"28":1,"30":31,"31":31,"32":31,"33":31,"34":31,"35":31,"37":31,"38":31,"39":31,"40":31,"42":31,"43":21,"44":20,"45":20,"46":20,"47":20,"48":21,"50":31,"51":21,"52":20,"53":20,"54":20,"55":20,"56":20,"57":21,"60":31,"61":27,"62":12,"64":0,"65":0,"66":0,"67":0,"68":0,"69":0,"70":0,"71":0,"72":31,"74":31,"75":31,"76":31,"77":1,"78":1,"79":31,"81":31,"82":1,"83":1,"84":1,"86":31,"87":1,"88":1,"89":1,"91":31,"92":2,"93":1,"94":1,"95":2,"97":31,"98":0,"99":0,"100":0,"102":31,"103":31,"104":31,"105":31,"106":31,"107":31,"110":31,"111":31,"112":31,"113":31,"114":31,"115":31,"116":31,"117":31,"118":31,"119":31,"120":31,"121":15,"122":15,"123":15,"124":0,"125":15,"127":31,"129":31,"130":15,"131":15,"132":15,"135":31,"136":1,"137":1,"138":1,"139":1,"140":1,"143":31,"144":3,"145":3,"146":3,"147":3,"148":3,"149":3,"152":31,"153":0,"154":0,"155":0,"158":31,"159":12,"160":12,"161":12,"162":12,"163":12,"164":12,"165":12,"166":12,"167":12,"168":12,"169":12,"170":12,"171":12,"172":12,"173":12,"174":21,"175":21,"176":21,"177":21,"178":21,"179":21,"180":21,"181":21,"182":21,"183":21,"184":21,"185":21,"186":21,"187":21,"188":21,"189":21,"190":21,"191":21,"192":21,"193":21,"194":21,"195":0,"196":21,"197":21,"198":21,"199":21,"200":21,"201":21,"202":21,"203":21,"204":21,"205":21,"206":21,"207":21,"208":21,"209":21,"210":21,"211":21,"212":21,"213":21,"214":21,"215":12,"216":12,"217":12,"218":12,"221":31,"222":31,"223":31,"224":31,"225":31,"226":31,"228":31},"branchMap":{"0":{"type":"branch","line":31,"loc":{"start":{"line":31,"column":0},"end":{"line":229,"column":1}},"locations":[{"start":{"line":31,"column":0},"end":{"line":229,"column":1}}]},"1":{"type":"branch","line":121,"loc":{"start":{"line":121,"column":9},"end":{"line":126,"column":16}},"locations":[{"start":{"line":121,"column":9},"end":{"line":126,"column":16}}]},"2":{"type":"branch","line":124,"loc":{"start":{"line":124,"column":62},"end":{"line":124,"column":106}},"locations":[{"start":{"line":124,"column":62},"end":{"line":124,"column":106}}]},"3":{"type":"branch","line":124,"loc":{"start":{"line":124,"column":102},"end":{"line":124,"column":144}},"locations":[{"start":{"line":124,"column":102},"end":{"line":124,"column":144}}]},"4":{"type":"branch","line":124,"loc":{"start":{"line":124,"column":144},"end":{"line":125,"column":71}},"locations":[{"start":{"line":124,"column":144},"end":{"line":125,"column":71}}]},"5":{"type":"branch","line":130,"loc":{"start":{"line":130,"column":7},"end":{"line":133,"column":14}},"locations":[{"start":{"line":130,"column":7},"end":{"line":133,"column":14}}]},"6":{"type":"branch","line":136,"loc":{"start":{"line":136,"column":7},"end":{"line":141,"column":14}},"locations":[{"start":{"line":136,"column":7},"end":{"line":141,"column":14}}]},"7":{"type":"branch","line":144,"loc":{"start":{"line":144,"column":7},"end":{"line":144,"column":49}},"locations":[{"start":{"line":144,"column":7},"end":{"line":144,"column":49}}]},"8":{"type":"branch","line":144,"loc":{"start":{"line":144,"column":43},"end":{"line":150,"column":14}},"locations":[{"start":{"line":144,"column":43},"end":{"line":150,"column":14}}]},"9":{"type":"branch","line":153,"loc":{"start":{"line":153,"column":37},"end":{"line":153,"column":56}},"locations":[{"start":{"line":153,"column":37},"end":{"line":153,"column":56}}]},"10":{"type":"branch","line":153,"loc":{"start":{"line":153,"column":42},"end":{"line":153,"column":82}},"locations":[{"start":{"line":153,"column":42},"end":{"line":153,"column":82}}]},"11":{"type":"branch","line":153,"loc":{"start":{"line":153,"column":76},"end":{"line":156,"column":14}},"locations":[{"start":{"line":153,"column":76},"end":{"line":156,"column":14}}]},"12":{"type":"branch","line":159,"loc":{"start":{"line":159,"column":35},"end":{"line":219,"column":14}},"locations":[{"start":{"line":159,"column":35},"end":{"line":219,"column":14}}]},"13":{"type":"branch","line":40,"loc":{"start":{"line":40,"column":13},"end":{"line":40,"column":41}},"locations":[{"start":{"line":40,"column":13},"end":{"line":40,"column":41}}]},"14":{"type":"branch","line":43,"loc":{"start":{"line":43,"column":25},"end":{"line":49,"column":4}},"locations":[{"start":{"line":43,"column":25},"end":{"line":49,"column":4}}]},"15":{"type":"branch","line":44,"loc":{"start":{"line":44,"column":17},"end":{"line":44,"column":28}},"locations":[{"start":{"line":44,"column":17},"end":{"line":44,"column":28}}]},"16":{"type":"branch","line":44,"loc":{"start":{"line":44,"column":24},"end":{"line":48,"column":22}},"locations":[{"start":{"line":44,"column":24},"end":{"line":48,"column":22}}]},"17":{"type":"branch","line":51,"loc":{"start":{"line":51,"column":21},"end":{"line":58,"column":4}},"locations":[{"start":{"line":51,"column":21},"end":{"line":58,"column":4}}]},"18":{"type":"branch","line":52,"loc":{"start":{"line":52,"column":21},"end":{"line":52,"column":32}},"locations":[{"start":{"line":52,"column":21},"end":{"line":52,"column":32}}]},"19":{"type":"branch","line":52,"loc":{"start":{"line":52,"column":28},"end":{"line":57,"column":7}},"locations":[{"start":{"line":52,"column":28},"end":{"line":57,"column":7}}]},"20":{"type":"branch","line":61,"loc":{"start":{"line":61,"column":37},"end":{"line":73,"column":5}},"locations":[{"start":{"line":61,"column":37},"end":{"line":73,"column":5}}]},"21":{"type":"branch","line":62,"loc":{"start":{"line":62,"column":21},"end":{"line":62,"column":31}},"locations":[{"start":{"line":62,"column":21},"end":{"line":62,"column":31}}]},"22":{"type":"branch","line":62,"loc":{"start":{"line":62,"column":29},"end":{"line":63,"column":47}},"locations":[{"start":{"line":62,"column":29},"end":{"line":63,"column":47}}]},"23":{"type":"branch","line":63,"loc":{"start":{"line":63,"column":36},"end":{"line":72,"column":6}},"locations":[{"start":{"line":63,"column":36},"end":{"line":72,"column":6}}]},"24":{"type":"branch","line":76,"loc":{"start":{"line":76,"column":16},"end":{"line":76,"column":56}},"locations":[{"start":{"line":76,"column":16},"end":{"line":76,"column":56}}]},"25":{"type":"branch","line":77,"loc":{"start":{"line":77,"column":15},"end":{"line":79,"column":6}},"locations":[{"start":{"line":77,"column":15},"end":{"line":79,"column":6}}]},"26":{"type":"branch","line":82,"loc":{"start":{"line":82,"column":20},"end":{"line":85,"column":4}},"locations":[{"start":{"line":82,"column":20},"end":{"line":85,"column":4}}]},"27":{"type":"branch","line":87,"loc":{"start":{"line":87,"column":21},"end":{"line":90,"column":4}},"locations":[{"start":{"line":87,"column":21},"end":{"line":90,"column":4}}]},"28":{"type":"branch","line":92,"loc":{"start":{"line":92,"column":23},"end":{"line":96,"column":4}},"locations":[{"start":{"line":92,"column":23},"end":{"line":96,"column":4}}]},"29":{"type":"branch","line":93,"loc":{"start":{"line":93,"column":103},"end":{"line":95,"column":5}},"locations":[{"start":{"line":93,"column":103},"end":{"line":95,"column":5}}]},"30":{"type":"branch","line":174,"loc":{"start":{"line":174,"column":38},"end":{"line":215,"column":27}},"locations":[{"start":{"line":174,"column":38},"end":{"line":215,"column":27}}]},"31":{"type":"branch","line":195,"loc":{"start":{"line":195,"column":97},"end":{"line":195,"column":110}},"locations":[{"start":{"line":195,"column":97},"end":{"line":195,"column":110}}]},"32":{"type":"branch","line":195,"loc":{"start":{"line":195,"column":110},"end":{"line":196,"column":28}},"locations":[{"start":{"line":195,"column":110},"end":{"line":196,"column":28}}]},"33":{"type":"branch","line":205,"loc":{"start":{"line":205,"column":49},"end":{"line":205,"column":78}},"locations":[{"start":{"line":205,"column":49},"end":{"line":205,"column":78}}]},"34":{"type":"branch","line":208,"loc":{"start":{"line":208,"column":49},"end":{"line":208,"column":80}},"locations":[{"start":{"line":208,"column":49},"end":{"line":208,"column":80}}]}},"b":{"0":[31],"1":[15],"2":[3],"3":[12],"4":[0],"5":[15],"6":[1],"7":[15],"8":[3],"9":[19],"10":[3],"11":[0],"12":[12],"13":[16],"14":[21],"15":[1],"16":[20],"17":[21],"18":[1],"19":[20],"20":[27],"21":[15],"22":[12],"23":[0],"24":[1],"25":[1],"26":[1],"27":[1],"28":[2],"29":[1],"30":[21],"31":[0],"32":[0],"33":[1],"34":[2]},"fnMap":{"0":{"name":"WorkOrdersPage","decl":{"start":{"line":31,"column":0},"end":{"line":229,"column":1}},"loc":{"start":{"line":31,"column":0},"end":{"line":229,"column":1}},"line":31},"1":{"name":"queryFn","decl":{"start":{"line":40,"column":13},"end":{"line":40,"column":41}},"loc":{"start":{"line":40,"column":13},"end":{"line":40,"column":41}},"line":40},"2":{"name":"formatCurrency","decl":{"start":{"line":43,"column":25},"end":{"line":49,"column":4}},"loc":{"start":{"line":43,"column":25},"end":{"line":49,"column":4}},"line":43},"3":{"name":"formatDate","decl":{"start":{"line":51,"column":21},"end":{"line":58,"column":4}},"loc":{"start":{"line":51,"column":21},"end":{"line":58,"column":4}},"line":51},"4":{"name":"mutationFn","decl":{"start":{"line":76,"column":16},"end":{"line":76,"column":56}},"loc":{"start":{"line":76,"column":16},"end":{"line":76,"column":56}},"line":76},"5":{"name":"onSuccess","decl":{"start":{"line":77,"column":15},"end":{"line":79,"column":6}},"loc":{"start":{"line":77,"column":15},"end":{"line":79,"column":6}},"line":77},"6":{"name":"handleAdd","decl":{"start":{"line":82,"column":20},"end":{"line":85,"column":4}},"loc":{"start":{"line":82,"column":20},"end":{"line":85,"column":4}},"line":82},"7":{"name":"handleEdit","decl":{"start":{"line":87,"column":21},"end":{"line":90,"column":4}},"loc":{"start":{"line":87,"column":21},"end":{"line":90,"column":4}},"line":87},"8":{"name":"handleDelete","decl":{"start":{"line":92,"column":23},"end":{"line":96,"column":4}},"loc":{"start":{"line":92,"column":23},"end":{"line":96,"column":4}},"line":92},"9":{"name":"handleCloseDialog","decl":{"start":{"line":98,"column":28},"end":{"line":101,"column":4}},"loc":{"start":{"line":98,"column":28},"end":{"line":101,"column":4}},"line":98},"10":{"name":"onChange","decl":{"start":{"line":118,"column":22},"end":{"line":118,"column":60}},"loc":{"start":{"line":118,"column":22},"end":{"line":118,"column":60}},"line":118},"11":{"name":"onClick","decl":{"start":{"line":205,"column":49},"end":{"line":205,"column":78}},"loc":{"start":{"line":205,"column":49},"end":{"line":205,"column":78}},"line":205},"12":{"name":"onClick","decl":{"start":{"line":208,"column":49},"end":{"line":208,"column":80}},"loc":{"start":{"line":208,"column":49},"end":{"line":208,"column":80}},"line":208}},"f":{"0":31,"1":16,"2":21,"3":21,"4":1,"5":1,"6":1,"7":1,"8":2,"9":0,"10":0,"11":1,"12":2}}
}
