{"/Users/brianmullaney/Documents/dev/NLT/dispatch/dispatch-ui/check-menu-sizes.js": {"path":"/Users/brianmullaney/Documents/dev/NLT/dispatch/dispatch-ui/check-menu-sizes.js","all":true,"statementMap":{"0":{"start":{"line":1,"column":0},"end":{"line":1,"column":44}},"2":{"start":{"line":3,"column":0},"end":{"line":3,"column":14}},"3":{"start":{"line":4,"column":0},"end":{"line":4,"column":60}},"4":{"start":{"line":5,"column":0},"end":{"line":5,"column":45}},"5":{"start":{"line":6,"column":0},"end":{"line":6,"column":39}},"7":{"start":{"line":8,"column":0},"end":{"line":8,"column":7}},"8":{"start":{"line":9,"column":0},"end":{"line":9,"column":51}},"9":{"start":{"line":10,"column":0},"end":{"line":10,"column":47}},"11":{"start":{"line":12,"column":0},"end":{"line":12,"column":12}},"12":{"start":{"line":13,"column":0},"end":{"line":13,"column":63}},"13":{"start":{"line":14,"column":0},"end":{"line":14,"column":62}},"14":{"start":{"line":15,"column":0},"end":{"line":15,"column":51}},"16":{"start":{"line":17,"column":0},"end":{"line":17,"column":37}},"17":{"start":{"line":18,"column":0},"end":{"line":18,"column":9}},"18":{"start":{"line":19,"column":0},"end":{"line":19,"column":83}},"19":{"start":{"line":20,"column":0},"end":{"line":20,"column":17}},"20":{"start":{"line":21,"column":0},"end":{"line":21,"column":77}},"21":{"start":{"line":22,"column":0},"end":{"line":22,"column":49}},"22":{"start":{"line":23,"column":0},"end":{"line":23,"column":5}},"24":{"start":{"line":25,"column":0},"end":{"line":25,"column":36}},"26":{"start":{"line":27,"column":0},"end":{"line":27,"column":31}},"27":{"start":{"line":28,"column":0},"end":{"line":28,"column":73}},"28":{"start":{"line":29,"column":0},"end":{"line":29,"column":63}},"29":{"start":{"line":30,"column":0},"end":{"line":30,"column":51}},"30":{"start":{"line":31,"column":0},"end":{"line":31,"column":14}},"31":{"start":{"line":32,"column":0},"end":{"line":32,"column":36}},"32":{"start":{"line":33,"column":0},"end":{"line":33,"column":40}},"33":{"start":{"line":34,"column":0},"end":{"line":34,"column":40}},"34":{"start":{"line":35,"column":0},"end":{"line":35,"column":8}},"35":{"start":{"line":36,"column":0},"end":{"line":36,"column":7}},"37":{"start":{"line":38,"column":0},"end":{"line":38,"column":29}},"38":{"start":{"line":39,"column":0},"end":{"line":39,"column":69}},"39":{"start":{"line":40,"column":0},"end":{"line":40,"column":62}},"40":{"start":{"line":41,"column":0},"end":{"line":41,"column":51}},"41":{"start":{"line":42,"column":0},"end":{"line":42,"column":14}},"42":{"start":{"line":43,"column":0},"end":{"line":43,"column":36}},"43":{"start":{"line":44,"column":0},"end":{"line":44,"column":40}},"44":{"start":{"line":45,"column":0},"end":{"line":45,"column":40}},"45":{"start":{"line":46,"column":0},"end":{"line":46,"column":8}},"46":{"start":{"line":47,"column":0},"end":{"line":47,"column":7}},"48":{"start":{"line":49,"column":0},"end":{"line":49,"column":27}},"49":{"start":{"line":50,"column":0},"end":{"line":50,"column":65}},"50":{"start":{"line":51,"column":0},"end":{"line":51,"column":58}},"51":{"start":{"line":52,"column":0},"end":{"line":52,"column":51}},"52":{"start":{"line":53,"column":0},"end":{"line":53,"column":14}},"53":{"start":{"line":54,"column":0},"end":{"line":54,"column":36}},"54":{"start":{"line":55,"column":0},"end":{"line":55,"column":40}},"55":{"start":{"line":56,"column":0},"end":{"line":56,"column":40}},"56":{"start":{"line":57,"column":0},"end":{"line":57,"column":8}},"57":{"start":{"line":58,"column":0},"end":{"line":58,"column":7}},"59":{"start":{"line":60,"column":0},"end":{"line":60,"column":47}},"60":{"start":{"line":61,"column":0},"end":{"line":61,"column":37}},"61":{"start":{"line":62,"column":0},"end":{"line":62,"column":55}},"62":{"start":{"line":63,"column":0},"end":{"line":63,"column":59}},"63":{"start":{"line":64,"column":0},"end":{"line":64,"column":59}},"64":{"start":{"line":65,"column":0},"end":{"line":65,"column":20}},"65":{"start":{"line":66,"column":0},"end":{"line":66,"column":39}},"66":{"start":{"line":67,"column":0},"end":{"line":67,"column":57}},"67":{"start":{"line":68,"column":0},"end":{"line":68,"column":61}},"68":{"start":{"line":69,"column":0},"end":{"line":69,"column":61}},"69":{"start":{"line":70,"column":0},"end":{"line":70,"column":20}},"70":{"start":{"line":71,"column":0},"end":{"line":71,"column":37}},"71":{"start":{"line":72,"column":0},"end":{"line":72,"column":55}},"72":{"start":{"line":73,"column":0},"end":{"line":73,"column":59}},"73":{"start":{"line":74,"column":0},"end":{"line":74,"column":59}},"74":{"start":{"line":75,"column":0},"end":{"line":75,"column":20}},"76":{"start":{"line":77,"column":0},"end":{"line":77,"column":14}},"77":{"start":{"line":78,"column":0},"end":{"line":78,"column":57}},"78":{"start":{"line":79,"column":0},"end":{"line":79,"column":61}},"80":{"start":{"line":81,"column":0},"end":{"line":81,"column":36}},"81":{"start":{"line":82,"column":0},"end":{"line":82,"column":79}},"82":{"start":{"line":83,"column":0},"end":{"line":83,"column":45}},"83":{"start":{"line":84,"column":0},"end":{"line":84,"column":89}},"84":{"start":{"line":85,"column":0},"end":{"line":85,"column":12}},"85":{"start":{"line":86,"column":0},"end":{"line":86,"column":78}},"86":{"start":{"line":87,"column":0},"end":{"line":87,"column":5}},"88":{"start":{"line":89,"column":0},"end":{"line":89,"column":22}},"89":{"start":{"line":90,"column":0},"end":{"line":90,"column":80}},"90":{"start":{"line":91,"column":0},"end":{"line":91,"column":67}},"92":{"start":{"line":93,"column":0},"end":{"line":93,"column":26}},"93":{"start":{"line":94,"column":0},"end":{"line":94,"column":19}},"94":{"start":{"line":95,"column":0},"end":{"line":95,"column":43}},"95":{"start":{"line":96,"column":0},"end":{"line":96,"column":26}},"96":{"start":{"line":97,"column":0},"end":{"line":97,"column":20}},"97":{"start":{"line":98,"column":0},"end":{"line":98,"column":3}},"98":{"start":{"line":99,"column":0},"end":{"line":99,"column":5}}},"s":{"0":0,"2":0,"3":0,"4":0,"5":0,"7":0,"8":0,"9":0,"11":0,"12":0,"13":0,"14":0,"16":0,"17":0,"18":0,"19":0,"20":0,"21":0,"22":0,"24":0,"26":0,"27":0,"28":0,"29":0,"30":0,"31":0,"32":0,"33":0,"34":0,"35":0,"37":0,"38":0,"39":0,"40":0,"41":0,"42":0,"43":0,"44":0,"45":0,"46":0,"48":0,"49":0,"50":0,"51":0,"52":0,"53":0,"54":0,"55":0,"56":0,"57":0,"59":0,"60":0,"61":0,"62":0,"63":0,"64":0,"65":0,"66":0,"67":0,"68":0,"69":0,"70":0,"71":0,"72":0,"73":0,"74":0,"76":0,"77":0,"78":0,"80":0,"81":0,"82":0,"83":0,"84":0,"85":0,"86":0,"88":0,"89":0,"90":0,"92":0,"93":0,"94":0,"95":0,"96":0,"97":0,"98":0},"branchMap":{"0":{"type":"branch","line":1,"loc":{"start":{"line":1,"column":0},"end":{"line":99,"column":-79}},"locations":[{"start":{"line":1,"column":0},"end":{"line":99,"column":-79}}]}},"b":{"0":[0]},"fnMap":{"0":{"name":"(empty-report)","decl":{"start":{"line":1,"column":0},"end":{"line":99,"column":-79}},"loc":{"start":{"line":1,"column":0},"end":{"line":99,"column":-79}},"line":1}},"f":{"0":0}}
,"/Users/brianmullaney/Documents/dev/NLT/dispatch/dispatch-ui/src/api/equipmentApi.ts": {"path":"/Users/brianmullaney/Documents/dev/NLT/dispatch/dispatch-ui/src/api/equipmentApi.ts","all":true,"statementMap":{"1":{"start":{"line":2,"column":0},"end":{"line":2,"column":26}},"2":{"start":{"line":3,"column":0},"end":{"line":3,"column":52}},"5":{"start":{"line":6,"column":0},"end":{"line":6,"column":26}},"6":{"start":{"line":7,"column":0},"end":{"line":7,"column":99}},"7":{"start":{"line":8,"column":0},"end":{"line":8,"column":17}},"8":{"start":{"line":9,"column":0},"end":{"line":9,"column":12}},"9":{"start":{"line":10,"column":0},"end":{"line":10,"column":39}},"10":{"start":{"line":11,"column":0},"end":{"line":11,"column":4}},"11":{"start":{"line":12,"column":0},"end":{"line":12,"column":3}},"14":{"start":{"line":15,"column":0},"end":{"line":15,"column":29}},"15":{"start":{"line":16,"column":0},"end":{"line":16,"column":21}},"16":{"start":{"line":17,"column":0},"end":{"line":17,"column":9}},"17":{"start":{"line":18,"column":0},"end":{"line":18,"column":47}},"18":{"start":{"line":19,"column":0},"end":{"line":19,"column":56}},"20":{"start":{"line":21,"column":0},"end":{"line":21,"column":18}},"21":{"start":{"line":22,"column":0},"end":{"line":22,"column":57}},"22":{"start":{"line":23,"column":0},"end":{"line":23,"column":7}},"24":{"start":{"line":25,"column":0},"end":{"line":25,"column":20}},"25":{"start":{"line":26,"column":0},"end":{"line":26,"column":21}},"26":{"start":{"line":27,"column":0},"end":{"line":27,"column":59}},"27":{"start":{"line":28,"column":0},"end":{"line":28,"column":35}},"28":{"start":{"line":29,"column":0},"end":{"line":29,"column":5}},"29":{"start":{"line":30,"column":0},"end":{"line":30,"column":4}},"30":{"start":{"line":31,"column":0},"end":{"line":31,"column":14}},"31":{"start":{"line":32,"column":0},"end":{"line":32,"column":33}},"32":{"start":{"line":33,"column":0},"end":{"line":33,"column":3}},"33":{"start":{"line":34,"column":0},"end":{"line":34,"column":2}},"39":{"start":{"line":40,"column":0},"end":{"line":40,"column":32}},"40":{"start":{"line":41,"column":0},"end":{"line":41,"column":19}},"41":{"start":{"line":42,"column":0},"end":{"line":42,"column":23}},"42":{"start":{"line":43,"column":0},"end":{"line":43,"column":29}},"43":{"start":{"line":44,"column":0},"end":{"line":44,"column":21}},"44":{"start":{"line":45,"column":0},"end":{"line":45,"column":11}},"89":{"start":{"line":90,"column":0},"end":{"line":90,"column":29}},"90":{"start":{"line":91,"column":0},"end":{"line":91,"column":64}},"91":{"start":{"line":92,"column":0},"end":{"line":92,"column":52}},"92":{"start":{"line":93,"column":0},"end":{"line":93,"column":74}},"93":{"start":{"line":94,"column":0},"end":{"line":94,"column":25}},"94":{"start":{"line":95,"column":0},"end":{"line":95,"column":4}},"96":{"start":{"line":97,"column":0},"end":{"line":97,"column":54}},"97":{"start":{"line":98,"column":0},"end":{"line":98,"column":66}},"98":{"start":{"line":99,"column":0},"end":{"line":99,"column":25}},"99":{"start":{"line":100,"column":0},"end":{"line":100,"column":4}},"101":{"start":{"line":102,"column":0},"end":{"line":102,"column":74}},"102":{"start":{"line":103,"column":0},"end":{"line":103,"column":70}},"103":{"start":{"line":104,"column":0},"end":{"line":104,"column":25}},"104":{"start":{"line":105,"column":0},"end":{"line":105,"column":4}},"106":{"start":{"line":107,"column":0},"end":{"line":107,"column":86}},"107":{"start":{"line":108,"column":0},"end":{"line":108,"column":75}},"108":{"start":{"line":109,"column":0},"end":{"line":109,"column":25}},"109":{"start":{"line":110,"column":0},"end":{"line":110,"column":4}},"111":{"start":{"line":112,"column":0},"end":{"line":112,"column":48}},"112":{"start":{"line":113,"column":0},"end":{"line":113,"column":41}},"113":{"start":{"line":114,"column":0},"end":{"line":114,"column":4}},"114":{"start":{"line":115,"column":0},"end":{"line":115,"column":2}},"166":{"start":{"line":167,"column":0},"end":{"line":167,"column":34}},"167":{"start":{"line":168,"column":0},"end":{"line":168,"column":94}},"168":{"start":{"line":169,"column":0},"end":{"line":169,"column":56}},"169":{"start":{"line":170,"column":0},"end":{"line":170,"column":54}},"170":{"start":{"line":171,"column":0},"end":{"line":171,"column":71}},"171":{"start":{"line":172,"column":0},"end":{"line":172,"column":95}},"172":{"start":{"line":173,"column":0},"end":{"line":173,"column":25}},"173":{"start":{"line":174,"column":0},"end":{"line":174,"column":4}},"175":{"start":{"line":176,"column":0},"end":{"line":176,"column":59}},"176":{"start":{"line":177,"column":0},"end":{"line":177,"column":87}},"177":{"start":{"line":178,"column":0},"end":{"line":178,"column":25}},"178":{"start":{"line":179,"column":0},"end":{"line":179,"column":4}},"180":{"start":{"line":181,"column":0},"end":{"line":181,"column":84}},"181":{"start":{"line":182,"column":0},"end":{"line":182,"column":91}},"182":{"start":{"line":183,"column":0},"end":{"line":183,"column":25}},"183":{"start":{"line":184,"column":0},"end":{"line":184,"column":4}},"185":{"start":{"line":186,"column":0},"end":{"line":186,"column":96}},"186":{"start":{"line":187,"column":0},"end":{"line":187,"column":96}},"187":{"start":{"line":188,"column":0},"end":{"line":188,"column":25}},"188":{"start":{"line":189,"column":0},"end":{"line":189,"column":4}},"190":{"start":{"line":191,"column":0},"end":{"line":191,"column":86}},"191":{"start":{"line":192,"column":0},"end":{"line":192,"column":52}},"192":{"start":{"line":193,"column":0},"end":{"line":193,"column":57}},"193":{"start":{"line":194,"column":0},"end":{"line":194,"column":20}},"194":{"start":{"line":195,"column":0},"end":{"line":195,"column":6}},"195":{"start":{"line":196,"column":0},"end":{"line":196,"column":25}},"196":{"start":{"line":197,"column":0},"end":{"line":197,"column":4}},"198":{"start":{"line":199,"column":0},"end":{"line":199,"column":48}},"199":{"start":{"line":200,"column":0},"end":{"line":200,"column":57}},"200":{"start":{"line":201,"column":0},"end":{"line":201,"column":4}},"201":{"start":{"line":202,"column":0},"end":{"line":202,"column":2}},"207":{"start":{"line":208,"column":0},"end":{"line":208,"column":32}},"208":{"start":{"line":209,"column":0},"end":{"line":209,"column":19}},"209":{"start":{"line":210,"column":0},"end":{"line":210,"column":23}},"210":{"start":{"line":211,"column":0},"end":{"line":211,"column":11}},"248":{"start":{"line":249,"column":0},"end":{"line":249,"column":30}},"249":{"start":{"line":250,"column":0},"end":{"line":250,"column":45}},"250":{"start":{"line":251,"column":0},"end":{"line":251,"column":73}},"251":{"start":{"line":252,"column":0},"end":{"line":252,"column":25}},"252":{"start":{"line":253,"column":0},"end":{"line":253,"column":4}},"254":{"start":{"line":255,"column":0},"end":{"line":255,"column":54}},"255":{"start":{"line":256,"column":0},"end":{"line":256,"column":77}},"256":{"start":{"line":257,"column":0},"end":{"line":257,"column":25}},"257":{"start":{"line":258,"column":0},"end":{"line":258,"column":4}},"259":{"start":{"line":260,"column":0},"end":{"line":260,"column":74}},"260":{"start":{"line":261,"column":0},"end":{"line":261,"column":81}},"261":{"start":{"line":262,"column":0},"end":{"line":262,"column":25}},"262":{"start":{"line":263,"column":0},"end":{"line":263,"column":4}},"264":{"start":{"line":265,"column":0},"end":{"line":265,"column":86}},"265":{"start":{"line":266,"column":0},"end":{"line":266,"column":86}},"266":{"start":{"line":267,"column":0},"end":{"line":267,"column":25}},"267":{"start":{"line":268,"column":0},"end":{"line":268,"column":4}},"269":{"start":{"line":270,"column":0},"end":{"line":270,"column":48}},"270":{"start":{"line":271,"column":0},"end":{"line":271,"column":52}},"271":{"start":{"line":272,"column":0},"end":{"line":272,"column":4}},"272":{"start":{"line":273,"column":0},"end":{"line":273,"column":2}},"275":{"start":{"line":276,"column":0},"end":{"line":276,"column":33}},"276":{"start":{"line":277,"column":0},"end":{"line":277,"column":26}},"277":{"start":{"line":278,"column":0},"end":{"line":278,"column":36}},"278":{"start":{"line":279,"column":0},"end":{"line":279,"column":28}},"279":{"start":{"line":280,"column":0},"end":{"line":280,"column":2}},"281":{"start":{"line":282,"column":0},"end":{"line":282,"column":32}}},"s":{"1":0,"2":0,"5":0,"6":0,"7":0,"8":0,"9":0,"10":0,"11":0,"14":0,"15":0,"16":0,"17":0,"18":0,"20":0,"21":0,"22":0,"24":0,"25":0,"26":0,"27":0,"28":0,"29":0,"30":0,"31":0,"32":0,"33":0,"39":0,"40":0,"41":0,"42":0,"43":0,"44":0,"89":0,"90":0,"91":0,"92":0,"93":0,"94":0,"96":0,"97":0,"98":0,"99":0,"101":0,"102":0,"103":0,"104":0,"106":0,"107":0,"108":0,"109":0,"111":0,"112":0,"113":0,"114":0,"166":0,"167":0,"168":0,"169":0,"170":0,"171":0,"172":0,"173":0,"175":0,"176":0,"177":0,"178":0,"180":0,"181":0,"182":0,"183":0,"185":0,"186":0,"187":0,"188":0,"190":0,"191":0,"192":0,"193":0,"194":0,"195":0,"196":0,"198":0,"199":0,"200":0,"201":0,"207":0,"208":0,"209":0,"210":0,"248":0,"249":0,"250":0,"251":0,"252":0,"254":0,"255":0,"256":0,"257":0,"259":0,"260":0,"261":0,"262":0,"264":0,"265":0,"266":0,"267":0,"269":0,"270":0,"271":0,"272":0,"275":0,"276":0,"277":0,"278":0,"279":0,"281":0},"branchMap":{"0":{"type":"branch","line":1,"loc":{"start":{"line":1,"column":7314},"end":{"line":282,"column":32}},"locations":[{"start":{"line":1,"column":7314},"end":{"line":282,"column":32}}]}},"b":{"0":[1]},"fnMap":{"0":{"name":"(empty-report)","decl":{"start":{"line":1,"column":7314},"end":{"line":282,"column":32}},"loc":{"start":{"line":1,"column":7314},"end":{"line":282,"column":32}},"line":1}},"f":{"0":1}}
,"/Users/brianmullaney/Documents/dev/NLT/dispatch/dispatch-ui/src/api/schedulingApi.ts": {"path":"/Users/brianmullaney/Documents/dev/NLT/dispatch/dispatch-ui/src/api/schedulingApi.ts","all":true,"statementMap":{"1":{"start":{"line":2,"column":0},"end":{"line":2,"column":26}},"2":{"start":{"line":3,"column":0},"end":{"line":3,"column":52}},"5":{"start":{"line":6,"column":0},"end":{"line":6,"column":26}},"6":{"start":{"line":7,"column":0},"end":{"line":7,"column":99}},"7":{"start":{"line":8,"column":0},"end":{"line":8,"column":17}},"8":{"start":{"line":9,"column":0},"end":{"line":9,"column":12}},"9":{"start":{"line":10,"column":0},"end":{"line":10,"column":39}},"10":{"start":{"line":11,"column":0},"end":{"line":11,"column":4}},"11":{"start":{"line":12,"column":0},"end":{"line":12,"column":3}},"14":{"start":{"line":15,"column":0},"end":{"line":15,"column":29}},"15":{"start":{"line":16,"column":0},"end":{"line":16,"column":21}},"16":{"start":{"line":17,"column":0},"end":{"line":17,"column":9}},"17":{"start":{"line":18,"column":0},"end":{"line":18,"column":47}},"18":{"start":{"line":19,"column":0},"end":{"line":19,"column":56}},"20":{"start":{"line":21,"column":0},"end":{"line":21,"column":18}},"21":{"start":{"line":22,"column":0},"end":{"line":22,"column":57}},"22":{"start":{"line":23,"column":0},"end":{"line":23,"column":7}},"24":{"start":{"line":25,"column":0},"end":{"line":25,"column":20}},"25":{"start":{"line":26,"column":0},"end":{"line":26,"column":21}},"26":{"start":{"line":27,"column":0},"end":{"line":27,"column":59}},"27":{"start":{"line":28,"column":0},"end":{"line":28,"column":35}},"28":{"start":{"line":29,"column":0},"end":{"line":29,"column":5}},"29":{"start":{"line":30,"column":0},"end":{"line":30,"column":4}},"30":{"start":{"line":31,"column":0},"end":{"line":31,"column":14}},"31":{"start":{"line":32,"column":0},"end":{"line":32,"column":33}},"32":{"start":{"line":33,"column":0},"end":{"line":33,"column":3}},"33":{"start":{"line":34,"column":0},"end":{"line":34,"column":2}},"66":{"start":{"line":67,"column":0},"end":{"line":67,"column":30}},"67":{"start":{"line":68,"column":0},"end":{"line":68,"column":27}},"73":{"start":{"line":74,"column":0},"end":{"line":74,"column":30}},"74":{"start":{"line":75,"column":0},"end":{"line":75,"column":85}},"75":{"start":{"line":76,"column":0},"end":{"line":76,"column":25}},"76":{"start":{"line":77,"column":0},"end":{"line":77,"column":4}},"78":{"start":{"line":79,"column":0},"end":{"line":79,"column":53}},"79":{"start":{"line":80,"column":0},"end":{"line":80,"column":77}},"80":{"start":{"line":81,"column":0},"end":{"line":81,"column":25}},"81":{"start":{"line":82,"column":0},"end":{"line":82,"column":4}},"83":{"start":{"line":84,"column":0},"end":{"line":84,"column":72}},"84":{"start":{"line":85,"column":0},"end":{"line":85,"column":81}},"85":{"start":{"line":86,"column":0},"end":{"line":86,"column":25}},"86":{"start":{"line":87,"column":0},"end":{"line":87,"column":4}},"88":{"start":{"line":89,"column":0},"end":{"line":89,"column":84}},"89":{"start":{"line":90,"column":0},"end":{"line":90,"column":86}},"90":{"start":{"line":91,"column":0},"end":{"line":91,"column":25}},"91":{"start":{"line":92,"column":0},"end":{"line":92,"column":4}},"93":{"start":{"line":94,"column":0},"end":{"line":94,"column":48}},"94":{"start":{"line":95,"column":0},"end":{"line":95,"column":53}},"95":{"start":{"line":96,"column":0},"end":{"line":96,"column":4}},"96":{"start":{"line":97,"column":0},"end":{"line":97,"column":2}},"133":{"start":{"line":134,"column":0},"end":{"line":134,"column":32}},"134":{"start":{"line":135,"column":0},"end":{"line":135,"column":27}},"139":{"start":{"line":140,"column":0},"end":{"line":140,"column":34}},"140":{"start":{"line":141,"column":0},"end":{"line":141,"column":91}},"141":{"start":{"line":142,"column":0},"end":{"line":142,"column":25}},"142":{"start":{"line":143,"column":0},"end":{"line":143,"column":4}},"144":{"start":{"line":145,"column":0},"end":{"line":145,"column":57}},"145":{"start":{"line":146,"column":0},"end":{"line":146,"column":83}},"146":{"start":{"line":147,"column":0},"end":{"line":147,"column":25}},"147":{"start":{"line":148,"column":0},"end":{"line":148,"column":4}},"149":{"start":{"line":150,"column":0},"end":{"line":150,"column":80}},"150":{"start":{"line":151,"column":0},"end":{"line":151,"column":87}},"151":{"start":{"line":152,"column":0},"end":{"line":152,"column":25}},"152":{"start":{"line":153,"column":0},"end":{"line":153,"column":4}},"154":{"start":{"line":155,"column":0},"end":{"line":155,"column":92}},"155":{"start":{"line":156,"column":0},"end":{"line":156,"column":92}},"156":{"start":{"line":157,"column":0},"end":{"line":157,"column":25}},"157":{"start":{"line":158,"column":0},"end":{"line":158,"column":4}},"159":{"start":{"line":160,"column":0},"end":{"line":160,"column":48}},"160":{"start":{"line":161,"column":0},"end":{"line":161,"column":55}},"161":{"start":{"line":162,"column":0},"end":{"line":162,"column":4}},"162":{"start":{"line":163,"column":0},"end":{"line":163,"column":2}},"197":{"start":{"line":198,"column":0},"end":{"line":198,"column":35}},"198":{"start":{"line":199,"column":0},"end":{"line":199,"column":27}},"203":{"start":{"line":204,"column":0},"end":{"line":204,"column":36}},"204":{"start":{"line":205,"column":0},"end":{"line":205,"column":97}},"205":{"start":{"line":206,"column":0},"end":{"line":206,"column":25}},"206":{"start":{"line":207,"column":0},"end":{"line":207,"column":4}},"208":{"start":{"line":209,"column":0},"end":{"line":209,"column":59}},"209":{"start":{"line":210,"column":0},"end":{"line":210,"column":89}},"210":{"start":{"line":211,"column":0},"end":{"line":211,"column":25}},"211":{"start":{"line":212,"column":0},"end":{"line":212,"column":4}},"213":{"start":{"line":214,"column":0},"end":{"line":214,"column":84}},"214":{"start":{"line":215,"column":0},"end":{"line":215,"column":93}},"215":{"start":{"line":216,"column":0},"end":{"line":216,"column":25}},"216":{"start":{"line":217,"column":0},"end":{"line":217,"column":4}},"218":{"start":{"line":219,"column":0},"end":{"line":219,"column":96}},"219":{"start":{"line":220,"column":0},"end":{"line":220,"column":98}},"220":{"start":{"line":221,"column":0},"end":{"line":221,"column":25}},"221":{"start":{"line":222,"column":0},"end":{"line":222,"column":4}},"223":{"start":{"line":224,"column":0},"end":{"line":224,"column":48}},"224":{"start":{"line":225,"column":0},"end":{"line":225,"column":59}},"225":{"start":{"line":226,"column":0},"end":{"line":226,"column":4}},"226":{"start":{"line":227,"column":0},"end":{"line":227,"column":2}},"229":{"start":{"line":230,"column":0},"end":{"line":230,"column":34}},"230":{"start":{"line":231,"column":0},"end":{"line":231,"column":28}},"231":{"start":{"line":232,"column":0},"end":{"line":232,"column":32}},"232":{"start":{"line":233,"column":0},"end":{"line":233,"column":38}},"233":{"start":{"line":234,"column":0},"end":{"line":234,"column":2}},"235":{"start":{"line":236,"column":0},"end":{"line":236,"column":33}}},"s":{"1":0,"2":0,"5":0,"6":0,"7":0,"8":0,"9":0,"10":0,"11":0,"14":0,"15":0,"16":0,"17":0,"18":0,"20":0,"21":0,"22":0,"24":0,"25":0,"26":0,"27":0,"28":0,"29":0,"30":0,"31":0,"32":0,"33":0,"66":0,"67":0,"73":0,"74":0,"75":0,"76":0,"78":0,"79":0,"80":0,"81":0,"83":0,"84":0,"85":0,"86":0,"88":0,"89":0,"90":0,"91":0,"93":0,"94":0,"95":0,"96":0,"133":0,"134":0,"139":0,"140":0,"141":0,"142":0,"144":0,"145":0,"146":0,"147":0,"149":0,"150":0,"151":0,"152":0,"154":0,"155":0,"156":0,"157":0,"159":0,"160":0,"161":0,"162":0,"197":0,"198":0,"203":0,"204":0,"205":0,"206":0,"208":0,"209":0,"210":0,"211":0,"213":0,"214":0,"215":0,"216":0,"218":0,"219":0,"220":0,"221":0,"223":0,"224":0,"225":0,"226":0,"229":0,"230":0,"231":0,"232":0,"233":0,"235":0},"branchMap":{"0":{"type":"branch","line":1,"loc":{"start":{"line":1,"column":6018},"end":{"line":236,"column":33}},"locations":[{"start":{"line":1,"column":6018},"end":{"line":236,"column":33}}]}},"b":{"0":[1]},"fnMap":{"0":{"name":"(empty-report)","decl":{"start":{"line":1,"column":6018},"end":{"line":236,"column":33}},"loc":{"start":{"line":1,"column":6018},"end":{"line":236,"column":33}},"line":1}},"f":{"0":1}}
,"/Users/brianmullaney/Documents/dev/NLT/dispatch/dispatch-ui/src/components/CustomerFormDialog.tsx": {"path":"/Users/brianmullaney/Documents/dev/NLT/dispatch/dispatch-ui/src/components/CustomerFormDialog.tsx","all":false,"statementMap":{"0":{"start":{"line":1,"column":0},"end":{"line":1,"column":44}},"1":{"start":{"line":2,"column":0},"end":{"line":2,"column":68}},"2":{"start":{"line":3,"column":0},"end":{"line":3,"column":47}},"3":{"start":{"line":4,"column":0},"end":{"line":4,"column":38}},"4":{"start":{"line":5,"column":0},"end":{"line":5,"column":102}},"5":{"start":{"line":6,"column":0},"end":{"line":6,"column":43}},"6":{"start":{"line":7,"column":0},"end":{"line":7,"column":73}},"7":{"start":{"line":8,"column":0},"end":{"line":8,"column":41}},"26":{"start":{"line":27,"column":0},"end":{"line":27,"column":100}},"27":{"start":{"line":28,"column":0},"end":{"line":28,"column":39}},"28":{"start":{"line":29,"column":0},"end":{"line":29,"column":33}},"29":{"start":{"line":30,"column":0},"end":{"line":30,"column":32}},"31":{"start":{"line":32,"column":0},"end":{"line":32,"column":54}},"32":{"start":{"line":33,"column":0},"end":{"line":33,"column":13}},"33":{"start":{"line":34,"column":0},"end":{"line":34,"column":14}},"34":{"start":{"line":35,"column":0},"end":{"line":35,"column":14}},"35":{"start":{"line":36,"column":0},"end":{"line":36,"column":16}},"36":{"start":{"line":37,"column":0},"end":{"line":37,"column":13}},"37":{"start":{"line":38,"column":0},"end":{"line":38,"column":14}},"38":{"start":{"line":39,"column":0},"end":{"line":39,"column":16}},"39":{"start":{"line":40,"column":0},"end":{"line":40,"column":5}},"43":{"start":{"line":44,"column":0},"end":{"line":44,"column":19}},"44":{"start":{"line":45,"column":0},"end":{"line":45,"column":24}},"46":{"start":{"line":47,"column":0},"end":{"line":47,"column":19}},"48":{"start":{"line":49,"column":0},"end":{"line":49,"column":28}},"49":{"start":{"line":50,"column":0},"end":{"line":50,"column":12}},"51":{"start":{"line":52,"column":0},"end":{"line":52,"column":19}},"52":{"start":{"line":53,"column":0},"end":{"line":53,"column":17}},"53":{"start":{"line":54,"column":0},"end":{"line":54,"column":18}},"54":{"start":{"line":55,"column":0},"end":{"line":55,"column":18}},"55":{"start":{"line":56,"column":0},"end":{"line":56,"column":20}},"56":{"start":{"line":57,"column":0},"end":{"line":57,"column":17}},"57":{"start":{"line":58,"column":0},"end":{"line":58,"column":18}},"58":{"start":{"line":59,"column":0},"end":{"line":59,"column":20}},"59":{"start":{"line":60,"column":0},"end":{"line":60,"column":9}},"60":{"start":{"line":61,"column":0},"end":{"line":61,"column":5}},"61":{"start":{"line":62,"column":0},"end":{"line":62,"column":25}},"63":{"start":{"line":64,"column":0},"end":{"line":64,"column":38}},"64":{"start":{"line":65,"column":0},"end":{"line":65,"column":71}},"65":{"start":{"line":66,"column":0},"end":{"line":66,"column":22}},"66":{"start":{"line":67,"column":0},"end":{"line":67,"column":65}},"67":{"start":{"line":68,"column":0},"end":{"line":68,"column":16}},"68":{"start":{"line":69,"column":0},"end":{"line":69,"column":6}},"69":{"start":{"line":70,"column":0},"end":{"line":70,"column":5}},"71":{"start":{"line":72,"column":0},"end":{"line":72,"column":38}},"72":{"start":{"line":73,"column":0},"end":{"line":73,"column":86}},"73":{"start":{"line":74,"column":0},"end":{"line":74,"column":22}},"74":{"start":{"line":75,"column":0},"end":{"line":75,"column":65}},"75":{"start":{"line":76,"column":0},"end":{"line":76,"column":16}},"76":{"start":{"line":77,"column":0},"end":{"line":77,"column":6}},"77":{"start":{"line":78,"column":0},"end":{"line":78,"column":5}},"79":{"start":{"line":80,"column":0},"end":{"line":80,"column":48}},"80":{"start":{"line":81,"column":0},"end":{"line":81,"column":23}},"81":{"start":{"line":82,"column":0},"end":{"line":82,"column":17}},"82":{"start":{"line":83,"column":0},"end":{"line":83,"column":38}},"83":{"start":{"line":84,"column":0},"end":{"line":84,"column":12}},"84":{"start":{"line":85,"column":0},"end":{"line":85,"column":38}},"85":{"start":{"line":86,"column":0},"end":{"line":86,"column":5}},"86":{"start":{"line":87,"column":0},"end":{"line":87,"column":4}},"88":{"start":{"line":89,"column":0},"end":{"line":89,"column":66}},"89":{"start":{"line":90,"column":0},"end":{"line":90,"column":57}},"90":{"start":{"line":91,"column":0},"end":{"line":91,"column":4}},"92":{"start":{"line":93,"column":0},"end":{"line":93,"column":10}},"93":{"start":{"line":94,"column":0},"end":{"line":94,"column":44}},"94":{"start":{"line":95,"column":0},"end":{"line":95,"column":19}},"95":{"start":{"line":96,"column":0},"end":{"line":96,"column":39}},"96":{"start":{"line":97,"column":0},"end":{"line":97,"column":62}},"97":{"start":{"line":98,"column":0},"end":{"line":98,"column":40}},"98":{"start":{"line":99,"column":0},"end":{"line":99,"column":11}},"99":{"start":{"line":100,"column":0},"end":{"line":100,"column":20}},"100":{"start":{"line":101,"column":0},"end":{"line":101,"column":25}},"101":{"start":{"line":102,"column":0},"end":{"line":102,"column":86}},"102":{"start":{"line":103,"column":0},"end":{"line":103,"column":40}},"103":{"start":{"line":104,"column":0},"end":{"line":104,"column":11}},"104":{"start":{"line":105,"column":0},"end":{"line":105,"column":26}},"105":{"start":{"line":106,"column":0},"end":{"line":106,"column":18}},"106":{"start":{"line":107,"column":0},"end":{"line":107,"column":57}},"107":{"start":{"line":108,"column":0},"end":{"line":108,"column":20}},"108":{"start":{"line":109,"column":0},"end":{"line":109,"column":24}},"109":{"start":{"line":110,"column":0},"end":{"line":110,"column":21}},"110":{"start":{"line":111,"column":0},"end":{"line":111,"column":56}},"111":{"start":{"line":112,"column":0},"end":{"line":112,"column":22}},"112":{"start":{"line":113,"column":0},"end":{"line":113,"column":29}},"113":{"start":{"line":114,"column":0},"end":{"line":114,"column":39}},"114":{"start":{"line":115,"column":0},"end":{"line":115,"column":72}},"115":{"start":{"line":116,"column":0},"end":{"line":116,"column":26}},"116":{"start":{"line":117,"column":0},"end":{"line":117,"column":18}},"117":{"start":{"line":118,"column":0},"end":{"line":118,"column":22}},"119":{"start":{"line":120,"column":0},"end":{"line":120,"column":21}},"120":{"start":{"line":121,"column":0},"end":{"line":121,"column":57}},"121":{"start":{"line":122,"column":0},"end":{"line":122,"column":22}},"122":{"start":{"line":123,"column":0},"end":{"line":123,"column":30}},"123":{"start":{"line":124,"column":0},"end":{"line":124,"column":30}},"124":{"start":{"line":125,"column":0},"end":{"line":125,"column":40}},"125":{"start":{"line":126,"column":0},"end":{"line":126,"column":73}},"126":{"start":{"line":127,"column":0},"end":{"line":127,"column":26}},"127":{"start":{"line":128,"column":0},"end":{"line":128,"column":18}},"128":{"start":{"line":129,"column":0},"end":{"line":129,"column":22}},"130":{"start":{"line":131,"column":0},"end":{"line":131,"column":21}},"131":{"start":{"line":132,"column":0},"end":{"line":132,"column":55}},"132":{"start":{"line":133,"column":0},"end":{"line":133,"column":22}},"133":{"start":{"line":134,"column":0},"end":{"line":134,"column":28}},"134":{"start":{"line":135,"column":0},"end":{"line":135,"column":30}},"135":{"start":{"line":136,"column":0},"end":{"line":136,"column":46}},"136":{"start":{"line":137,"column":0},"end":{"line":137,"column":73}},"137":{"start":{"line":138,"column":0},"end":{"line":138,"column":18}},"138":{"start":{"line":139,"column":0},"end":{"line":139,"column":22}},"140":{"start":{"line":141,"column":0},"end":{"line":141,"column":21}},"141":{"start":{"line":142,"column":0},"end":{"line":142,"column":57}},"142":{"start":{"line":143,"column":0},"end":{"line":143,"column":22}},"143":{"start":{"line":144,"column":0},"end":{"line":144,"column":32}},"144":{"start":{"line":145,"column":0},"end":{"line":145,"column":48}},"145":{"start":{"line":146,"column":0},"end":{"line":146,"column":75}},"146":{"start":{"line":147,"column":0},"end":{"line":147,"column":18}},"147":{"start":{"line":148,"column":0},"end":{"line":148,"column":22}},"149":{"start":{"line":150,"column":0},"end":{"line":150,"column":54}},"150":{"start":{"line":151,"column":0},"end":{"line":151,"column":23}},"151":{"start":{"line":152,"column":0},"end":{"line":152,"column":56}},"152":{"start":{"line":153,"column":0},"end":{"line":153,"column":24}},"153":{"start":{"line":154,"column":0},"end":{"line":154,"column":31}},"154":{"start":{"line":155,"column":0},"end":{"line":155,"column":47}},"155":{"start":{"line":156,"column":0},"end":{"line":156,"column":74}},"156":{"start":{"line":157,"column":0},"end":{"line":157,"column":20}},"157":{"start":{"line":158,"column":0},"end":{"line":158,"column":24}},"159":{"start":{"line":160,"column":0},"end":{"line":160,"column":23}},"160":{"start":{"line":161,"column":0},"end":{"line":161,"column":57}},"161":{"start":{"line":162,"column":0},"end":{"line":162,"column":24}},"162":{"start":{"line":163,"column":0},"end":{"line":163,"column":32}},"163":{"start":{"line":164,"column":0},"end":{"line":164,"column":48}},"164":{"start":{"line":165,"column":0},"end":{"line":165,"column":75}},"165":{"start":{"line":166,"column":0},"end":{"line":166,"column":62}},"166":{"start":{"line":167,"column":0},"end":{"line":167,"column":33}},"167":{"start":{"line":168,"column":0},"end":{"line":168,"column":20}},"168":{"start":{"line":169,"column":0},"end":{"line":169,"column":24}},"169":{"start":{"line":170,"column":0},"end":{"line":170,"column":20}},"171":{"start":{"line":172,"column":0},"end":{"line":172,"column":21}},"172":{"start":{"line":173,"column":0},"end":{"line":173,"column":57}},"173":{"start":{"line":174,"column":0},"end":{"line":174,"column":22}},"174":{"start":{"line":175,"column":0},"end":{"line":175,"column":32}},"175":{"start":{"line":176,"column":0},"end":{"line":176,"column":48}},"176":{"start":{"line":177,"column":0},"end":{"line":177,"column":75}},"177":{"start":{"line":178,"column":0},"end":{"line":178,"column":18}},"178":{"start":{"line":179,"column":0},"end":{"line":179,"column":22}},"179":{"start":{"line":180,"column":0},"end":{"line":180,"column":25}},"180":{"start":{"line":181,"column":0},"end":{"line":181,"column":21}},"181":{"start":{"line":182,"column":0},"end":{"line":182,"column":15}},"182":{"start":{"line":183,"column":0},"end":{"line":183,"column":19}},"183":{"start":{"line":184,"column":0},"end":{"line":184,"column":21}},"184":{"start":{"line":185,"column":0},"end":{"line":185,"column":40}},"185":{"start":{"line":186,"column":0},"end":{"line":186,"column":30}},"186":{"start":{"line":187,"column":0},"end":{"line":187,"column":17}},"187":{"start":{"line":188,"column":0},"end":{"line":188,"column":15}},"188":{"start":{"line":189,"column":0},"end":{"line":189,"column":23}},"189":{"start":{"line":190,"column":0},"end":{"line":190,"column":30}},"190":{"start":{"line":191,"column":0},"end":{"line":191,"column":73}},"192":{"start":{"line":193,"column":0},"end":{"line":193,"column":63}},"193":{"start":{"line":194,"column":0},"end":{"line":194,"column":32}},"194":{"start":{"line":195,"column":0},"end":{"line":195,"column":60}},"195":{"start":{"line":196,"column":0},"end":{"line":196,"column":17}},"196":{"start":{"line":197,"column":0},"end":{"line":197,"column":22}},"197":{"start":{"line":198,"column":0},"end":{"line":198,"column":13}},"199":{"start":{"line":200,"column":0},"end":{"line":200,"column":1}}},"s":{"0":1,"1":1,"2":1,"3":1,"4":1,"5":1,"6":1,"7":1,"26":139,"27":139,"28":139,"29":139,"31":139,"32":139,"33":139,"34":139,"35":139,"36":139,"37":139,"38":139,"39":139,"43":139,"44":25,"46":25,"48":5,"49":13,"51":7,"52":7,"53":7,"54":7,"55":7,"56":7,"57":7,"58":7,"59":7,"60":7,"61":139,"63":139,"64":139,"65":139,"66":1,"67":1,"68":1,"69":139,"71":139,"72":139,"73":139,"74":1,"75":1,"76":1,"77":139,"79":139,"80":3,"81":3,"82":1,"83":3,"84":2,"85":2,"86":3,"88":139,"89":89,"90":89,"92":139,"93":139,"94":139,"95":139,"96":139,"97":139,"98":139,"99":139,"100":139,"101":139,"102":139,"103":139,"104":139,"105":139,"106":139,"107":139,"108":139,"109":139,"110":139,"111":139,"112":139,"113":139,"114":139,"115":139,"116":139,"117":139,"119":139,"120":139,"121":139,"122":139,"123":139,"124":139,"125":139,"126":139,"127":139,"128":139,"130":139,"131":139,"132":139,"133":139,"134":139,"135":139,"136":139,"137":139,"138":139,"140":139,"141":139,"142":139,"143":139,"144":139,"145":139,"146":139,"147":139,"149":139,"150":139,"151":139,"152":139,"153":139,"154":139,"155":139,"156":139,"157":139,"159":139,"160":139,"161":139,"162":139,"163":139,"164":139,"165":139,"166":139,"167":139,"168":139,"169":139,"171":139,"172":139,"173":139,"174":139,"175":139,"176":139,"177":139,"178":139,"179":139,"180":139,"181":139,"182":139,"183":139,"184":139,"185":139,"186":139,"187":139,"188":139,"189":139,"190":139,"192":139,"193":1,"194":138,"195":139,"196":139,"197":139,"199":139},"branchMap":{"0":{"type":"branch","line":27,"loc":{"start":{"line":27,"column":0},"end":{"line":200,"column":1}},"locations":[{"start":{"line":27,"column":0},"end":{"line":200,"column":1}}]},"1":{"type":"branch","line":30,"loc":{"start":{"line":30,"column":19},"end":{"line":30,"column":32}},"locations":[{"start":{"line":30,"column":19},"end":{"line":30,"column":32}}]},"2":{"type":"branch","line":97,"loc":{"start":{"line":97,"column":18},"end":{"line":97,"column":46}},"locations":[{"start":{"line":97,"column":18},"end":{"line":97,"column":46}}]},"3":{"type":"branch","line":97,"loc":{"start":{"line":97,"column":42},"end":{"line":97,"column":62}},"locations":[{"start":{"line":97,"column":42},"end":{"line":97,"column":62}}]},"4":{"type":"branch","line":102,"loc":{"start":{"line":102,"column":11},"end":{"line":102,"column":52}},"locations":[{"start":{"line":102,"column":11},"end":{"line":102,"column":52}}]},"5":{"type":"branch","line":102,"loc":{"start":{"line":102,"column":20},"end":{"line":102,"column":85}},"locations":[{"start":{"line":102,"column":20},"end":{"line":102,"column":85}}]},"6":{"type":"branch","line":136,"loc":{"start":{"line":136,"column":34},"end":{"line":136,"column":46}},"locations":[{"start":{"line":136,"column":34},"end":{"line":136,"column":46}}]},"7":{"type":"branch","line":145,"loc":{"start":{"line":145,"column":34},"end":{"line":145,"column":48}},"locations":[{"start":{"line":145,"column":34},"end":{"line":145,"column":48}}]},"8":{"type":"branch","line":155,"loc":{"start":{"line":155,"column":36},"end":{"line":155,"column":47}},"locations":[{"start":{"line":155,"column":36},"end":{"line":155,"column":47}}]},"9":{"type":"branch","line":164,"loc":{"start":{"line":164,"column":36},"end":{"line":164,"column":48}},"locations":[{"start":{"line":164,"column":36},"end":{"line":164,"column":48}}]},"10":{"type":"branch","line":176,"loc":{"start":{"line":176,"column":34},"end":{"line":176,"column":48}},"locations":[{"start":{"line":176,"column":34},"end":{"line":176,"column":48}}]},"11":{"type":"branch","line":191,"loc":{"start":{"line":191,"column":35},"end":{"line":191,"column":73}},"locations":[{"start":{"line":191,"column":35},"end":{"line":191,"column":73}}]},"12":{"type":"branch","line":193,"loc":{"start":{"line":193,"column":26},"end":{"line":193,"column":63}},"locations":[{"start":{"line":193,"column":26},"end":{"line":193,"column":63}}]},"13":{"type":"branch","line":193,"loc":{"start":{"line":193,"column":54},"end":{"line":194,"column":32}},"locations":[{"start":{"line":193,"column":54},"end":{"line":194,"column":32}}]},"14":{"type":"branch","line":194,"loc":{"start":{"line":194,"column":31},"end":{"line":195,"column":60}},"locations":[{"start":{"line":194,"column":31},"end":{"line":195,"column":60}}]},"15":{"type":"branch","line":195,"loc":{"start":{"line":195,"column":16},"end":{"line":195,"column":43}},"locations":[{"start":{"line":195,"column":16},"end":{"line":195,"column":43}}]},"16":{"type":"branch","line":195,"loc":{"start":{"line":195,"column":25},"end":{"line":195,"column":58}},"locations":[{"start":{"line":195,"column":25},"end":{"line":195,"column":58}}]},"17":{"type":"branch","line":44,"loc":{"start":{"line":44,"column":12},"end":{"line":62,"column":5}},"locations":[{"start":{"line":44,"column":12},"end":{"line":62,"column":5}}]},"18":{"type":"branch","line":45,"loc":{"start":{"line":45,"column":17},"end":{"line":45,"column":24}},"locations":[{"start":{"line":45,"column":17},"end":{"line":45,"column":24}}]},"19":{"type":"branch","line":45,"loc":{"start":{"line":45,"column":17},"end":{"line":47,"column":18}},"locations":[{"start":{"line":45,"column":17},"end":{"line":47,"column":18}}]},"20":{"type":"branch","line":47,"loc":{"start":{"line":47,"column":18},"end":{"line":61,"column":5}},"locations":[{"start":{"line":47,"column":18},"end":{"line":61,"column":5}}]},"21":{"type":"branch","line":47,"loc":{"start":{"line":47,"column":18},"end":{"line":50,"column":11}},"locations":[{"start":{"line":47,"column":18},"end":{"line":50,"column":11}}]},"22":{"type":"branch","line":50,"loc":{"start":{"line":50,"column":4},"end":{"line":61,"column":5}},"locations":[{"start":{"line":50,"column":4},"end":{"line":61,"column":5}}]},"23":{"type":"branch","line":65,"loc":{"start":{"line":65,"column":16},"end":{"line":65,"column":71}},"locations":[{"start":{"line":65,"column":16},"end":{"line":65,"column":71}}]},"24":{"type":"branch","line":66,"loc":{"start":{"line":66,"column":15},"end":{"line":69,"column":6}},"locations":[{"start":{"line":66,"column":15},"end":{"line":69,"column":6}}]},"25":{"type":"branch","line":73,"loc":{"start":{"line":73,"column":16},"end":{"line":73,"column":86}},"locations":[{"start":{"line":73,"column":16},"end":{"line":73,"column":86}}]},"26":{"type":"branch","line":74,"loc":{"start":{"line":74,"column":15},"end":{"line":77,"column":6}},"locations":[{"start":{"line":74,"column":15},"end":{"line":77,"column":6}}]},"27":{"type":"branch","line":80,"loc":{"start":{"line":80,"column":23},"end":{"line":87,"column":4}},"locations":[{"start":{"line":80,"column":23},"end":{"line":87,"column":4}}]},"28":{"type":"branch","line":82,"loc":{"start":{"line":82,"column":16},"end":{"line":84,"column":11}},"locations":[{"start":{"line":82,"column":16},"end":{"line":84,"column":11}}]},"29":{"type":"branch","line":84,"loc":{"start":{"line":84,"column":4},"end":{"line":86,"column":5}},"locations":[{"start":{"line":84,"column":4},"end":{"line":86,"column":5}}]},"30":{"type":"branch","line":89,"loc":{"start":{"line":89,"column":23},"end":{"line":91,"column":4}},"locations":[{"start":{"line":89,"column":23},"end":{"line":91,"column":4}}]},"31":{"type":"branch","line":90,"loc":{"start":{"line":90,"column":16},"end":{"line":90,"column":55}},"locations":[{"start":{"line":90,"column":16},"end":{"line":90,"column":55}}]},"32":{"type":"branch","line":115,"loc":{"start":{"line":115,"column":28},"end":{"line":115,"column":72}},"locations":[{"start":{"line":115,"column":28},"end":{"line":115,"column":72}}]},"33":{"type":"branch","line":126,"loc":{"start":{"line":126,"column":28},"end":{"line":126,"column":73}},"locations":[{"start":{"line":126,"column":28},"end":{"line":126,"column":73}}]},"34":{"type":"branch","line":137,"loc":{"start":{"line":137,"column":28},"end":{"line":137,"column":73}},"locations":[{"start":{"line":137,"column":28},"end":{"line":137,"column":73}}]},"35":{"type":"branch","line":146,"loc":{"start":{"line":146,"column":28},"end":{"line":146,"column":75}},"locations":[{"start":{"line":146,"column":28},"end":{"line":146,"column":75}}]},"36":{"type":"branch","line":156,"loc":{"start":{"line":156,"column":30},"end":{"line":156,"column":74}},"locations":[{"start":{"line":156,"column":30},"end":{"line":156,"column":74}}]},"37":{"type":"branch","line":165,"loc":{"start":{"line":165,"column":30},"end":{"line":165,"column":75}},"locations":[{"start":{"line":165,"column":30},"end":{"line":165,"column":75}}]},"38":{"type":"branch","line":177,"loc":{"start":{"line":177,"column":28},"end":{"line":177,"column":75}},"locations":[{"start":{"line":177,"column":28},"end":{"line":177,"column":75}}]}},"b":{"0":[139],"1":[20],"2":[20],"3":[119],"4":[20],"5":[119],"6":[91],"7":[99],"8":[110],"9":[116],"10":[118],"11":[138],"12":[138],"13":[1],"14":[138],"15":[20],"16":[118],"17":[25],"18":[13],"19":[12],"20":[13],"21":[5],"22":[7],"23":[2],"24":[1],"25":[1],"26":[1],"27":[3],"28":[1],"29":[2],"30":[89],"31":[89],"32":[25],"33":[32],"34":[8],"35":[11],"36":[6],"37":[2],"38":[5]},"fnMap":{"0":{"name":"CustomerFormDialog","decl":{"start":{"line":27,"column":0},"end":{"line":200,"column":1}},"loc":{"start":{"line":27,"column":0},"end":{"line":200,"column":1}},"line":27},"1":{"name":"mutationFn","decl":{"start":{"line":65,"column":16},"end":{"line":65,"column":71}},"loc":{"start":{"line":65,"column":16},"end":{"line":65,"column":71}},"line":65},"2":{"name":"onSuccess","decl":{"start":{"line":66,"column":15},"end":{"line":69,"column":6}},"loc":{"start":{"line":66,"column":15},"end":{"line":69,"column":6}},"line":66},"3":{"name":"mutationFn","decl":{"start":{"line":73,"column":16},"end":{"line":73,"column":86}},"loc":{"start":{"line":73,"column":16},"end":{"line":73,"column":86}},"line":73},"4":{"name":"onSuccess","decl":{"start":{"line":74,"column":15},"end":{"line":77,"column":6}},"loc":{"start":{"line":74,"column":15},"end":{"line":77,"column":6}},"line":74},"5":{"name":"handleSubmit","decl":{"start":{"line":80,"column":23},"end":{"line":87,"column":4}},"loc":{"start":{"line":80,"column":23},"end":{"line":87,"column":4}},"line":80},"6":{"name":"handleChange","decl":{"start":{"line":89,"column":23},"end":{"line":91,"column":4}},"loc":{"start":{"line":89,"column":23},"end":{"line":91,"column":4}},"line":89},"7":{"name":"onChange","decl":{"start":{"line":115,"column":28},"end":{"line":115,"column":72}},"loc":{"start":{"line":115,"column":28},"end":{"line":115,"column":72}},"line":115},"8":{"name":"onChange","decl":{"start":{"line":126,"column":28},"end":{"line":126,"column":73}},"loc":{"start":{"line":126,"column":28},"end":{"line":126,"column":73}},"line":126},"9":{"name":"onChange","decl":{"start":{"line":137,"column":28},"end":{"line":137,"column":73}},"loc":{"start":{"line":137,"column":28},"end":{"line":137,"column":73}},"line":137},"10":{"name":"onChange","decl":{"start":{"line":146,"column":28},"end":{"line":146,"column":75}},"loc":{"start":{"line":146,"column":28},"end":{"line":146,"column":75}},"line":146},"11":{"name":"onChange","decl":{"start":{"line":156,"column":30},"end":{"line":156,"column":74}},"loc":{"start":{"line":156,"column":30},"end":{"line":156,"column":74}},"line":156},"12":{"name":"onChange","decl":{"start":{"line":165,"column":30},"end":{"line":165,"column":75}},"loc":{"start":{"line":165,"column":30},"end":{"line":165,"column":75}},"line":165},"13":{"name":"onChange","decl":{"start":{"line":177,"column":28},"end":{"line":177,"column":75}},"loc":{"start":{"line":177,"column":28},"end":{"line":177,"column":75}},"line":177}},"f":{"0":139,"1":2,"2":1,"3":1,"4":1,"5":3,"6":89,"7":25,"8":32,"9":8,"10":11,"11":6,"12":2,"13":5}}
,"/Users/brianmullaney/Documents/dev/NLT/dispatch/dispatch-ui/src/components/WorkOrderFormDialog.tsx": {"path":"/Users/brianmullaney/Documents/dev/NLT/dispatch/dispatch-ui/src/components/WorkOrderFormDialog.tsx","all":false,"statementMap":{"0":{"start":{"line":1,"column":0},"end":{"line":1,"column":44}},"1":{"start":{"line":2,"column":0},"end":{"line":2,"column":78}},"2":{"start":{"line":3,"column":0},"end":{"line":3,"column":47}},"3":{"start":{"line":4,"column":0},"end":{"line":4,"column":38}},"4":{"start":{"line":5,"column":0},"end":{"line":5,"column":102}},"5":{"start":{"line":6,"column":0},"end":{"line":6,"column":43}},"6":{"start":{"line":7,"column":0},"end":{"line":7,"column":73}},"7":{"start":{"line":8,"column":0},"end":{"line":8,"column":41}},"8":{"start":{"line":9,"column":0},"end":{"line":9,"column":47}},"9":{"start":{"line":10,"column":0},"end":{"line":10,"column":43}},"32":{"start":{"line":33,"column":0},"end":{"line":33,"column":103}},"33":{"start":{"line":34,"column":0},"end":{"line":34,"column":39}},"34":{"start":{"line":35,"column":0},"end":{"line":35,"column":33}},"35":{"start":{"line":36,"column":0},"end":{"line":36,"column":33}},"37":{"start":{"line":38,"column":0},"end":{"line":38,"column":55}},"38":{"start":{"line":39,"column":0},"end":{"line":39,"column":19}},"39":{"start":{"line":40,"column":0},"end":{"line":40,"column":22}},"40":{"start":{"line":41,"column":0},"end":{"line":41,"column":22}},"41":{"start":{"line":42,"column":0},"end":{"line":42,"column":20}},"42":{"start":{"line":43,"column":0},"end":{"line":43,"column":14}},"43":{"start":{"line":44,"column":0},"end":{"line":44,"column":5}},"46":{"start":{"line":47,"column":0},"end":{"line":47,"column":40}},"47":{"start":{"line":48,"column":0},"end":{"line":48,"column":28}},"48":{"start":{"line":49,"column":0},"end":{"line":49,"column":26}},"49":{"start":{"line":50,"column":0},"end":{"line":50,"column":69}},"50":{"start":{"line":51,"column":0},"end":{"line":51,"column":27}},"51":{"start":{"line":52,"column":0},"end":{"line":52,"column":6}},"52":{"start":{"line":53,"column":0},"end":{"line":53,"column":20}},"53":{"start":{"line":54,"column":0},"end":{"line":54,"column":5}},"57":{"start":{"line":58,"column":0},"end":{"line":58,"column":19}},"58":{"start":{"line":59,"column":0},"end":{"line":59,"column":24}},"60":{"start":{"line":61,"column":0},"end":{"line":61,"column":20}},"62":{"start":{"line":63,"column":0},"end":{"line":63,"column":19}},"63":{"start":{"line":64,"column":0},"end":{"line":64,"column":41}},"64":{"start":{"line":65,"column":0},"end":{"line":65,"column":33}},"65":{"start":{"line":66,"column":0},"end":{"line":66,"column":53}},"66":{"start":{"line":67,"column":0},"end":{"line":67,"column":49}},"67":{"start":{"line":68,"column":0},"end":{"line":68,"column":37}},"68":{"start":{"line":69,"column":0},"end":{"line":69,"column":9}},"69":{"start":{"line":70,"column":0},"end":{"line":70,"column":12}},"71":{"start":{"line":72,"column":0},"end":{"line":72,"column":19}},"72":{"start":{"line":73,"column":0},"end":{"line":73,"column":23}},"73":{"start":{"line":74,"column":0},"end":{"line":74,"column":26}},"74":{"start":{"line":75,"column":0},"end":{"line":75,"column":26}},"75":{"start":{"line":76,"column":0},"end":{"line":76,"column":24}},"76":{"start":{"line":77,"column":0},"end":{"line":77,"column":18}},"77":{"start":{"line":78,"column":0},"end":{"line":78,"column":9}},"78":{"start":{"line":79,"column":0},"end":{"line":79,"column":5}},"79":{"start":{"line":80,"column":0},"end":{"line":80,"column":26}},"81":{"start":{"line":82,"column":0},"end":{"line":82,"column":38}},"82":{"start":{"line":83,"column":0},"end":{"line":83,"column":74}},"83":{"start":{"line":84,"column":0},"end":{"line":84,"column":22}},"84":{"start":{"line":85,"column":0},"end":{"line":85,"column":67}},"85":{"start":{"line":86,"column":0},"end":{"line":86,"column":16}},"86":{"start":{"line":87,"column":0},"end":{"line":87,"column":6}},"87":{"start":{"line":88,"column":0},"end":{"line":88,"column":34}},"88":{"start":{"line":89,"column":0},"end":{"line":89,"column":72}},"89":{"start":{"line":90,"column":0},"end":{"line":90,"column":93}},"90":{"start":{"line":91,"column":0},"end":{"line":91,"column":20}},"91":{"start":{"line":92,"column":0},"end":{"line":92,"column":95}},"92":{"start":{"line":93,"column":0},"end":{"line":93,"column":6}},"93":{"start":{"line":94,"column":0},"end":{"line":94,"column":5}},"95":{"start":{"line":96,"column":0},"end":{"line":96,"column":38}},"96":{"start":{"line":97,"column":0},"end":{"line":97,"column":36}},"97":{"start":{"line":98,"column":0},"end":{"line":98,"column":56}},"98":{"start":{"line":99,"column":0},"end":{"line":99,"column":28}},"99":{"start":{"line":100,"column":0},"end":{"line":100,"column":50}},"100":{"start":{"line":101,"column":0},"end":{"line":101,"column":38}},"101":{"start":{"line":102,"column":0},"end":{"line":102,"column":26}},"102":{"start":{"line":103,"column":0},"end":{"line":103,"column":9}},"103":{"start":{"line":104,"column":0},"end":{"line":104,"column":22}},"104":{"start":{"line":105,"column":0},"end":{"line":105,"column":67}},"105":{"start":{"line":106,"column":0},"end":{"line":106,"column":16}},"106":{"start":{"line":107,"column":0},"end":{"line":107,"column":6}},"107":{"start":{"line":108,"column":0},"end":{"line":108,"column":34}},"108":{"start":{"line":109,"column":0},"end":{"line":109,"column":72}},"109":{"start":{"line":110,"column":0},"end":{"line":110,"column":93}},"110":{"start":{"line":111,"column":0},"end":{"line":111,"column":20}},"111":{"start":{"line":112,"column":0},"end":{"line":112,"column":95}},"112":{"start":{"line":113,"column":0},"end":{"line":113,"column":6}},"113":{"start":{"line":114,"column":0},"end":{"line":114,"column":5}},"115":{"start":{"line":116,"column":0},"end":{"line":116,"column":48}},"116":{"start":{"line":117,"column":0},"end":{"line":117,"column":23}},"118":{"start":{"line":119,"column":0},"end":{"line":119,"column":31}},"119":{"start":{"line":120,"column":0},"end":{"line":120,"column":51}},"120":{"start":{"line":121,"column":0},"end":{"line":121,"column":13}},"121":{"start":{"line":122,"column":0},"end":{"line":122,"column":5}},"123":{"start":{"line":124,"column":0},"end":{"line":124,"column":17}},"124":{"start":{"line":125,"column":0},"end":{"line":125,"column":38}},"125":{"start":{"line":126,"column":0},"end":{"line":126,"column":12}},"126":{"start":{"line":127,"column":0},"end":{"line":127,"column":38}},"127":{"start":{"line":128,"column":0},"end":{"line":128,"column":5}},"128":{"start":{"line":129,"column":0},"end":{"line":129,"column":4}},"130":{"start":{"line":131,"column":0},"end":{"line":131,"column":67}},"131":{"start":{"line":132,"column":0},"end":{"line":132,"column":57}},"132":{"start":{"line":133,"column":0},"end":{"line":133,"column":4}},"134":{"start":{"line":135,"column":0},"end":{"line":135,"column":10}},"135":{"start":{"line":136,"column":0},"end":{"line":136,"column":44}},"136":{"start":{"line":137,"column":0},"end":{"line":137,"column":19}},"137":{"start":{"line":138,"column":0},"end":{"line":138,"column":39}},"138":{"start":{"line":139,"column":0},"end":{"line":139,"column":65}},"139":{"start":{"line":140,"column":0},"end":{"line":140,"column":41}},"140":{"start":{"line":141,"column":0},"end":{"line":141,"column":11}},"141":{"start":{"line":142,"column":0},"end":{"line":142,"column":20}},"142":{"start":{"line":143,"column":0},"end":{"line":143,"column":25}},"143":{"start":{"line":144,"column":0},"end":{"line":144,"column":86}},"144":{"start":{"line":145,"column":0},"end":{"line":145,"column":41}},"145":{"start":{"line":146,"column":0},"end":{"line":146,"column":11}},"146":{"start":{"line":147,"column":0},"end":{"line":147,"column":26}},"147":{"start":{"line":148,"column":0},"end":{"line":148,"column":18}},"148":{"start":{"line":149,"column":0},"end":{"line":149,"column":59}},"149":{"start":{"line":150,"column":0},"end":{"line":150,"column":20}},"150":{"start":{"line":151,"column":0},"end":{"line":151,"column":24}},"151":{"start":{"line":152,"column":0},"end":{"line":152,"column":21}},"152":{"start":{"line":153,"column":0},"end":{"line":153,"column":57}},"153":{"start":{"line":154,"column":0},"end":{"line":154,"column":23}},"154":{"start":{"line":155,"column":0},"end":{"line":155,"column":35}},"155":{"start":{"line":156,"column":0},"end":{"line":156,"column":45}},"156":{"start":{"line":157,"column":0},"end":{"line":157,"column":78}},"157":{"start":{"line":158,"column":0},"end":{"line":158,"column":26}},"158":{"start":{"line":159,"column":0},"end":{"line":159,"column":35}},"160":{"start":{"line":161,"column":0},"end":{"line":161,"column":86}},"161":{"start":{"line":162,"column":0},"end":{"line":162,"column":49}},"162":{"start":{"line":163,"column":0},"end":{"line":163,"column":66}},"163":{"start":{"line":164,"column":0},"end":{"line":164,"column":56}},"164":{"start":{"line":165,"column":0},"end":{"line":165,"column":29}},"165":{"start":{"line":166,"column":0},"end":{"line":166,"column":21}},"166":{"start":{"line":167,"column":0},"end":{"line":167,"column":25}},"167":{"start":{"line":168,"column":0},"end":{"line":168,"column":22}},"169":{"start":{"line":170,"column":0},"end":{"line":170,"column":26}},"170":{"start":{"line":171,"column":0},"end":{"line":171,"column":23}},"171":{"start":{"line":172,"column":0},"end":{"line":172,"column":58}},"172":{"start":{"line":173,"column":0},"end":{"line":173,"column":25}},"173":{"start":{"line":174,"column":0},"end":{"line":174,"column":33}},"174":{"start":{"line":175,"column":0},"end":{"line":175,"column":43}},"175":{"start":{"line":176,"column":0},"end":{"line":176,"column":76}},"177":{"start":{"line":178,"column":0},"end":{"line":178,"column":85}},"178":{"start":{"line":179,"column":0},"end":{"line":179,"column":89}},"179":{"start":{"line":180,"column":0},"end":{"line":180,"column":92}},"180":{"start":{"line":181,"column":0},"end":{"line":181,"column":89}},"181":{"start":{"line":182,"column":0},"end":{"line":182,"column":89}},"182":{"start":{"line":183,"column":0},"end":{"line":183,"column":27}},"183":{"start":{"line":184,"column":0},"end":{"line":184,"column":24}},"186":{"start":{"line":187,"column":0},"end":{"line":187,"column":21}},"187":{"start":{"line":188,"column":0},"end":{"line":188,"column":67}},"188":{"start":{"line":189,"column":0},"end":{"line":189,"column":22}},"189":{"start":{"line":190,"column":0},"end":{"line":190,"column":29}},"190":{"start":{"line":191,"column":0},"end":{"line":191,"column":38}},"191":{"start":{"line":192,"column":0},"end":{"line":192,"column":48}},"192":{"start":{"line":193,"column":0},"end":{"line":193,"column":81}},"193":{"start":{"line":194,"column":0},"end":{"line":194,"column":18}},"194":{"start":{"line":195,"column":0},"end":{"line":195,"column":22}},"196":{"start":{"line":197,"column":0},"end":{"line":197,"column":21}},"197":{"start":{"line":198,"column":0},"end":{"line":198,"column":61}},"198":{"start":{"line":199,"column":0},"end":{"line":199,"column":25}},"199":{"start":{"line":200,"column":0},"end":{"line":200,"column":36}},"200":{"start":{"line":201,"column":0},"end":{"line":201,"column":52}},"201":{"start":{"line":202,"column":0},"end":{"line":202,"column":79}},"202":{"start":{"line":203,"column":0},"end":{"line":203,"column":26}},"203":{"start":{"line":204,"column":0},"end":{"line":204,"column":18}},"204":{"start":{"line":205,"column":0},"end":{"line":205,"column":22}},"206":{"start":{"line":207,"column":0},"end":{"line":207,"column":21}},"207":{"start":{"line":208,"column":0},"end":{"line":208,"column":55}},"208":{"start":{"line":209,"column":0},"end":{"line":209,"column":25}},"209":{"start":{"line":210,"column":0},"end":{"line":210,"column":30}},"210":{"start":{"line":211,"column":0},"end":{"line":211,"column":46}},"211":{"start":{"line":212,"column":0},"end":{"line":212,"column":73}},"212":{"start":{"line":213,"column":0},"end":{"line":213,"column":26}},"213":{"start":{"line":214,"column":0},"end":{"line":214,"column":18}},"214":{"start":{"line":215,"column":0},"end":{"line":215,"column":22}},"215":{"start":{"line":216,"column":0},"end":{"line":216,"column":25}},"216":{"start":{"line":217,"column":0},"end":{"line":217,"column":21}},"217":{"start":{"line":218,"column":0},"end":{"line":218,"column":15}},"218":{"start":{"line":219,"column":0},"end":{"line":219,"column":19}},"219":{"start":{"line":220,"column":0},"end":{"line":220,"column":21}},"220":{"start":{"line":221,"column":0},"end":{"line":221,"column":40}},"221":{"start":{"line":222,"column":0},"end":{"line":222,"column":30}},"222":{"start":{"line":223,"column":0},"end":{"line":223,"column":17}},"223":{"start":{"line":224,"column":0},"end":{"line":224,"column":15}},"224":{"start":{"line":225,"column":0},"end":{"line":225,"column":23}},"225":{"start":{"line":226,"column":0},"end":{"line":226,"column":32}},"226":{"start":{"line":227,"column":0},"end":{"line":227,"column":73}},"228":{"start":{"line":229,"column":0},"end":{"line":229,"column":63}},"229":{"start":{"line":230,"column":0},"end":{"line":230,"column":32}},"230":{"start":{"line":231,"column":0},"end":{"line":231,"column":60}},"231":{"start":{"line":232,"column":0},"end":{"line":232,"column":17}},"232":{"start":{"line":233,"column":0},"end":{"line":233,"column":22}},"233":{"start":{"line":234,"column":0},"end":{"line":234,"column":13}},"235":{"start":{"line":236,"column":0},"end":{"line":236,"column":1}}},"s":{"0":1,"1":1,"2":1,"3":1,"4":1,"5":1,"6":1,"7":1,"8":1,"9":1,"32":146,"33":146,"34":146,"35":146,"37":146,"38":146,"39":146,"40":146,"41":146,"42":146,"43":146,"46":146,"47":146,"48":146,"49":17,"50":17,"51":17,"52":146,"53":146,"57":146,"58":34,"60":34,"62":8,"63":8,"64":8,"65":8,"66":8,"67":8,"68":8,"69":18,"71":9,"72":9,"73":9,"74":9,"75":9,"76":9,"77":9,"78":9,"79":146,"81":146,"82":146,"83":146,"84":1,"85":1,"86":1,"87":146,"88":2,"89":1,"90":1,"91":2,"92":2,"93":146,"95":146,"96":146,"97":3,"98":3,"99":3,"100":3,"101":3,"102":3,"103":146,"104":1,"105":1,"106":1,"107":146,"108":2,"109":1,"110":1,"111":2,"112":2,"113":146,"115":146,"116":7,"118":7,"119":0,"120":0,"121":0,"123":7,"124":3,"125":7,"126":4,"127":4,"128":7,"130":146,"131":61,"132":61,"134":146,"135":146,"136":146,"137":146,"138":146,"139":146,"140":146,"141":146,"142":146,"143":146,"144":146,"145":146,"146":146,"147":146,"148":146,"149":146,"150":146,"151":146,"152":146,"153":146,"154":146,"155":146,"156":146,"157":146,"158":146,"160":146,"161":146,"162":160,"163":160,"164":160,"165":146,"166":146,"167":146,"169":146,"170":40,"171":40,"172":40,"173":40,"174":40,"175":40,"177":40,"178":40,"179":40,"180":40,"181":40,"182":40,"183":40,"186":146,"187":146,"188":146,"189":146,"190":146,"191":146,"192":146,"193":146,"194":146,"196":146,"197":146,"198":146,"199":146,"200":146,"201":146,"202":146,"203":146,"204":146,"206":146,"207":146,"208":146,"209":146,"210":146,"211":146,"212":146,"213":146,"214":146,"215":146,"216":146,"217":146,"218":146,"219":146,"220":146,"221":146,"222":146,"223":146,"224":146,"225":146,"226":146,"228":146,"229":1,"230":145,"231":146,"232":146,"233":146,"235":146},"branchMap":{"0":{"type":"branch","line":33,"loc":{"start":{"line":33,"column":0},"end":{"line":236,"column":1}},"locations":[{"start":{"line":33,"column":0},"end":{"line":236,"column":1}}]},"1":{"type":"branch","line":36,"loc":{"start":{"line":36,"column":19},"end":{"line":36,"column":33}},"locations":[{"start":{"line":36,"column":19},"end":{"line":36,"column":33}}]},"2":{"type":"branch","line":139,"loc":{"start":{"line":139,"column":18},"end":{"line":139,"column":46}},"locations":[{"start":{"line":139,"column":18},"end":{"line":139,"column":46}}]},"3":{"type":"branch","line":139,"loc":{"start":{"line":139,"column":42},"end":{"line":139,"column":65}},"locations":[{"start":{"line":139,"column":42},"end":{"line":139,"column":65}}]},"4":{"type":"branch","line":144,"loc":{"start":{"line":144,"column":11},"end":{"line":144,"column":52}},"locations":[{"start":{"line":144,"column":11},"end":{"line":144,"column":52}}]},"5":{"type":"branch","line":144,"loc":{"start":{"line":144,"column":20},"end":{"line":144,"column":85}},"locations":[{"start":{"line":144,"column":20},"end":{"line":144,"column":85}}]},"6":{"type":"branch","line":162,"loc":{"start":{"line":162,"column":19},"end":{"line":162,"column":34}},"locations":[{"start":{"line":162,"column":19},"end":{"line":162,"column":34}}]},"7":{"type":"branch","line":170,"loc":{"start":{"line":170,"column":15},"end":{"line":184,"column":24}},"locations":[{"start":{"line":170,"column":15},"end":{"line":184,"column":24}}]},"8":{"type":"branch","line":201,"loc":{"start":{"line":201,"column":34},"end":{"line":201,"column":52}},"locations":[{"start":{"line":201,"column":34},"end":{"line":201,"column":52}}]},"9":{"type":"branch","line":211,"loc":{"start":{"line":211,"column":34},"end":{"line":211,"column":46}},"locations":[{"start":{"line":211,"column":34},"end":{"line":211,"column":46}}]},"10":{"type":"branch","line":227,"loc":{"start":{"line":227,"column":35},"end":{"line":227,"column":73}},"locations":[{"start":{"line":227,"column":35},"end":{"line":227,"column":73}}]},"11":{"type":"branch","line":229,"loc":{"start":{"line":229,"column":26},"end":{"line":229,"column":63}},"locations":[{"start":{"line":229,"column":26},"end":{"line":229,"column":63}}]},"12":{"type":"branch","line":229,"loc":{"start":{"line":229,"column":54},"end":{"line":230,"column":32}},"locations":[{"start":{"line":229,"column":54},"end":{"line":230,"column":32}}]},"13":{"type":"branch","line":230,"loc":{"start":{"line":230,"column":31},"end":{"line":231,"column":60}},"locations":[{"start":{"line":230,"column":31},"end":{"line":231,"column":60}}]},"14":{"type":"branch","line":231,"loc":{"start":{"line":231,"column":16},"end":{"line":231,"column":43}},"locations":[{"start":{"line":231,"column":16},"end":{"line":231,"column":43}}]},"15":{"type":"branch","line":231,"loc":{"start":{"line":231,"column":25},"end":{"line":231,"column":58}},"locations":[{"start":{"line":231,"column":25},"end":{"line":231,"column":58}}]},"16":{"type":"branch","line":49,"loc":{"start":{"line":49,"column":13},"end":{"line":52,"column":6}},"locations":[{"start":{"line":49,"column":13},"end":{"line":52,"column":6}}]},"17":{"type":"branch","line":58,"loc":{"start":{"line":58,"column":12},"end":{"line":80,"column":5}},"locations":[{"start":{"line":58,"column":12},"end":{"line":80,"column":5}}]},"18":{"type":"branch","line":59,"loc":{"start":{"line":59,"column":17},"end":{"line":61,"column":19}},"locations":[{"start":{"line":59,"column":17},"end":{"line":61,"column":19}}]},"19":{"type":"branch","line":61,"loc":{"start":{"line":61,"column":19},"end":{"line":79,"column":5}},"locations":[{"start":{"line":61,"column":19},"end":{"line":79,"column":5}}]},"20":{"type":"branch","line":61,"loc":{"start":{"line":61,"column":19},"end":{"line":70,"column":11}},"locations":[{"start":{"line":61,"column":19},"end":{"line":70,"column":11}}]},"21":{"type":"branch","line":66,"loc":{"start":{"line":66,"column":33},"end":{"line":66,"column":53}},"locations":[{"start":{"line":66,"column":33},"end":{"line":66,"column":53}}]},"22":{"type":"branch","line":67,"loc":{"start":{"line":67,"column":31},"end":{"line":67,"column":49}},"locations":[{"start":{"line":67,"column":31},"end":{"line":67,"column":49}}]},"23":{"type":"branch","line":68,"loc":{"start":{"line":68,"column":25},"end":{"line":68,"column":37}},"locations":[{"start":{"line":68,"column":25},"end":{"line":68,"column":37}}]},"24":{"type":"branch","line":70,"loc":{"start":{"line":70,"column":4},"end":{"line":79,"column":5}},"locations":[{"start":{"line":70,"column":4},"end":{"line":79,"column":5}}]},"25":{"type":"branch","line":83,"loc":{"start":{"line":83,"column":16},"end":{"line":83,"column":74}},"locations":[{"start":{"line":83,"column":16},"end":{"line":83,"column":74}}]},"26":{"type":"branch","line":84,"loc":{"start":{"line":84,"column":15},"end":{"line":87,"column":6}},"locations":[{"start":{"line":84,"column":15},"end":{"line":87,"column":6}}]},"27":{"type":"branch","line":88,"loc":{"start":{"line":88,"column":13},"end":{"line":93,"column":6}},"locations":[{"start":{"line":88,"column":13},"end":{"line":93,"column":6}}]},"28":{"type":"branch","line":89,"loc":{"start":{"line":89,"column":67},"end":{"line":90,"column":93}},"locations":[{"start":{"line":89,"column":67},"end":{"line":90,"column":93}}]},"29":{"type":"branch","line":90,"loc":{"start":{"line":90,"column":85},"end":{"line":91,"column":20}},"locations":[{"start":{"line":90,"column":85},"end":{"line":91,"column":20}}]},"30":{"type":"branch","line":92,"loc":{"start":{"line":92,"column":12},"end":{"line":92,"column":93}},"locations":[{"start":{"line":92,"column":12},"end":{"line":92,"column":93}}]},"31":{"type":"branch","line":97,"loc":{"start":{"line":97,"column":16},"end":{"line":103,"column":9}},"locations":[{"start":{"line":97,"column":16},"end":{"line":103,"column":9}}]},"32":{"type":"branch","line":100,"loc":{"start":{"line":100,"column":28},"end":{"line":100,"column":50}},"locations":[{"start":{"line":100,"column":28},"end":{"line":100,"column":50}}]},"33":{"type":"branch","line":104,"loc":{"start":{"line":104,"column":15},"end":{"line":107,"column":6}},"locations":[{"start":{"line":104,"column":15},"end":{"line":107,"column":6}}]},"34":{"type":"branch","line":108,"loc":{"start":{"line":108,"column":13},"end":{"line":113,"column":6}},"locations":[{"start":{"line":108,"column":13},"end":{"line":113,"column":6}}]},"35":{"type":"branch","line":109,"loc":{"start":{"line":109,"column":67},"end":{"line":110,"column":93}},"locations":[{"start":{"line":109,"column":67},"end":{"line":110,"column":93}}]},"36":{"type":"branch","line":110,"loc":{"start":{"line":110,"column":85},"end":{"line":111,"column":20}},"locations":[{"start":{"line":110,"column":85},"end":{"line":111,"column":20}}]},"37":{"type":"branch","line":112,"loc":{"start":{"line":112,"column":12},"end":{"line":112,"column":93}},"locations":[{"start":{"line":112,"column":12},"end":{"line":112,"column":93}}]},"38":{"type":"branch","line":116,"loc":{"start":{"line":116,"column":23},"end":{"line":129,"column":4}},"locations":[{"start":{"line":116,"column":23},"end":{"line":129,"column":4}}]},"39":{"type":"branch","line":119,"loc":{"start":{"line":119,"column":30},"end":{"line":122,"column":5}},"locations":[{"start":{"line":119,"column":30},"end":{"line":122,"column":5}}]},"40":{"type":"branch","line":124,"loc":{"start":{"line":124,"column":16},"end":{"line":126,"column":11}},"locations":[{"start":{"line":124,"column":16},"end":{"line":126,"column":11}}]},"41":{"type":"branch","line":126,"loc":{"start":{"line":126,"column":4},"end":{"line":128,"column":5}},"locations":[{"start":{"line":126,"column":4},"end":{"line":128,"column":5}}]},"42":{"type":"branch","line":131,"loc":{"start":{"line":131,"column":23},"end":{"line":133,"column":4}},"locations":[{"start":{"line":131,"column":23},"end":{"line":133,"column":4}}]},"43":{"type":"branch","line":132,"loc":{"start":{"line":132,"column":16},"end":{"line":132,"column":55}},"locations":[{"start":{"line":132,"column":16},"end":{"line":132,"column":55}}]},"44":{"type":"branch","line":157,"loc":{"start":{"line":157,"column":28},"end":{"line":157,"column":78}},"locations":[{"start":{"line":157,"column":28},"end":{"line":157,"column":78}}]},"45":{"type":"branch","line":162,"loc":{"start":{"line":162,"column":34},"end":{"line":165,"column":29}},"locations":[{"start":{"line":162,"column":34},"end":{"line":165,"column":29}}]},"46":{"type":"branch","line":176,"loc":{"start":{"line":176,"column":30},"end":{"line":176,"column":76}},"locations":[{"start":{"line":176,"column":30},"end":{"line":176,"column":76}}]},"47":{"type":"branch","line":193,"loc":{"start":{"line":193,"column":28},"end":{"line":193,"column":81}},"locations":[{"start":{"line":193,"column":28},"end":{"line":193,"column":81}}]},"48":{"type":"branch","line":202,"loc":{"start":{"line":202,"column":28},"end":{"line":202,"column":79}},"locations":[{"start":{"line":202,"column":28},"end":{"line":202,"column":79}}]},"49":{"type":"branch","line":212,"loc":{"start":{"line":212,"column":28},"end":{"line":212,"column":73}},"locations":[{"start":{"line":212,"column":28},"end":{"line":212,"column":73}}]}},"b":{"0":[146],"1":[40],"2":[40],"3":[106],"4":[40],"5":[106],"6":[81],"7":[40],"8":[74],"9":[89],"10":[145],"11":[145],"12":[1],"13":[145],"14":[40],"15":[105],"16":[17],"17":[34],"18":[17],"19":[18],"20":[8],"21":[0],"22":[0],"23":[0],"24":[9],"25":[4],"26":[1],"27":[2],"28":[1],"29":[1],"30":[1],"31":[3],"32":[0],"33":[1],"34":[2],"35":[1],"36":[1],"37":[1],"38":[7],"39":[0],"40":[3],"41":[4],"42":[61],"43":[61],"44":[4],"45":[160],"46":[1],"47":[1],"48":[31],"49":[24]},"fnMap":{"0":{"name":"WorkOrderFormDialog","decl":{"start":{"line":33,"column":0},"end":{"line":236,"column":1}},"loc":{"start":{"line":33,"column":0},"end":{"line":236,"column":1}},"line":33},"1":{"name":"queryFn","decl":{"start":{"line":49,"column":13},"end":{"line":52,"column":6}},"loc":{"start":{"line":49,"column":13},"end":{"line":52,"column":6}},"line":49},"2":{"name":"mutationFn","decl":{"start":{"line":83,"column":16},"end":{"line":83,"column":74}},"loc":{"start":{"line":83,"column":16},"end":{"line":83,"column":74}},"line":83},"3":{"name":"onSuccess","decl":{"start":{"line":84,"column":15},"end":{"line":87,"column":6}},"loc":{"start":{"line":84,"column":15},"end":{"line":87,"column":6}},"line":84},"4":{"name":"onError","decl":{"start":{"line":88,"column":13},"end":{"line":93,"column":6}},"loc":{"start":{"line":88,"column":13},"end":{"line":93,"column":6}},"line":88},"5":{"name":"mutationFn","decl":{"start":{"line":97,"column":16},"end":{"line":103,"column":9}},"loc":{"start":{"line":97,"column":16},"end":{"line":103,"column":9}},"line":97},"6":{"name":"onSuccess","decl":{"start":{"line":104,"column":15},"end":{"line":107,"column":6}},"loc":{"start":{"line":104,"column":15},"end":{"line":107,"column":6}},"line":104},"7":{"name":"onError","decl":{"start":{"line":108,"column":13},"end":{"line":113,"column":6}},"loc":{"start":{"line":108,"column":13},"end":{"line":113,"column":6}},"line":108},"8":{"name":"handleSubmit","decl":{"start":{"line":116,"column":23},"end":{"line":129,"column":4}},"loc":{"start":{"line":116,"column":23},"end":{"line":129,"column":4}},"line":116},"9":{"name":"handleChange","decl":{"start":{"line":131,"column":23},"end":{"line":133,"column":4}},"loc":{"start":{"line":131,"column":23},"end":{"line":133,"column":4}},"line":131},"10":{"name":"onChange","decl":{"start":{"line":157,"column":28},"end":{"line":157,"column":78}},"loc":{"start":{"line":157,"column":28},"end":{"line":157,"column":78}},"line":157},"11":{"name":"onChange","decl":{"start":{"line":176,"column":30},"end":{"line":176,"column":76}},"loc":{"start":{"line":176,"column":30},"end":{"line":176,"column":76}},"line":176},"12":{"name":"onChange","decl":{"start":{"line":193,"column":28},"end":{"line":193,"column":81}},"loc":{"start":{"line":193,"column":28},"end":{"line":193,"column":81}},"line":193},"13":{"name":"onChange","decl":{"start":{"line":202,"column":28},"end":{"line":202,"column":79}},"loc":{"start":{"line":202,"column":28},"end":{"line":202,"column":79}},"line":202},"14":{"name":"onChange","decl":{"start":{"line":212,"column":28},"end":{"line":212,"column":73}},"loc":{"start":{"line":212,"column":28},"end":{"line":212,"column":73}},"line":212}},"f":{"0":146,"1":17,"2":4,"3":1,"4":2,"5":3,"6":1,"7":2,"8":7,"9":61,"10":4,"11":1,"12":1,"13":31,"14":24}}
,"/Users/brianmullaney/Documents/dev/NLT/dispatch/dispatch-ui/src/contexts/ThemeContext.tsx": {"path":"/Users/brianmullaney/Documents/dev/NLT/dispatch/dispatch-ui/src/contexts/ThemeContext.tsx","all":true,"statementMap":{"0":{"start":{"line":1,"column":0},"end":{"line":1,"column":87}},"10":{"start":{"line":11,"column":0},"end":{"line":11,"column":76}},"12":{"start":{"line":13,"column":0},"end":{"line":13,"column":70}},"13":{"start":{"line":14,"column":0},"end":{"line":14,"column":56}},"14":{"start":{"line":15,"column":0},"end":{"line":15,"column":49}},"15":{"start":{"line":16,"column":0},"end":{"line":16,"column":41}},"16":{"start":{"line":17,"column":0},"end":{"line":17,"column":5}},"18":{"start":{"line":19,"column":0},"end":{"line":19,"column":80}},"20":{"start":{"line":21,"column":0},"end":{"line":21,"column":19}},"21":{"start":{"line":22,"column":0},"end":{"line":22,"column":49}},"23":{"start":{"line":24,"column":0},"end":{"line":24,"column":34}},"24":{"start":{"line":25,"column":0},"end":{"line":25,"column":90}},"25":{"start":{"line":26,"column":0},"end":{"line":26,"column":6}},"27":{"start":{"line":28,"column":0},"end":{"line":28,"column":45}},"28":{"start":{"line":29,"column":0},"end":{"line":29,"column":75}},"29":{"start":{"line":30,"column":0},"end":{"line":30,"column":33}},"31":{"start":{"line":32,"column":0},"end":{"line":32,"column":32}},"32":{"start":{"line":33,"column":0},"end":{"line":33,"column":35}},"33":{"start":{"line":34,"column":0},"end":{"line":34,"column":14}},"34":{"start":{"line":35,"column":0},"end":{"line":35,"column":38}},"35":{"start":{"line":36,"column":0},"end":{"line":36,"column":7}},"36":{"start":{"line":37,"column":0},"end":{"line":37,"column":6}},"38":{"start":{"line":39,"column":0},"end":{"line":39,"column":22}},"41":{"start":{"line":42,"column":0},"end":{"line":42,"column":29}},"42":{"start":{"line":43,"column":0},"end":{"line":43,"column":75}},"43":{"start":{"line":44,"column":0},"end":{"line":44,"column":49}},"44":{"start":{"line":45,"column":0},"end":{"line":45,"column":53}},"45":{"start":{"line":46,"column":0},"end":{"line":46,"column":69}},"46":{"start":{"line":47,"column":0},"end":{"line":47,"column":5}},"47":{"start":{"line":48,"column":0},"end":{"line":48,"column":14}},"49":{"start":{"line":50,"column":0},"end":{"line":50,"column":41}},"50":{"start":{"line":51,"column":0},"end":{"line":51,"column":44}},"51":{"start":{"line":52,"column":0},"end":{"line":52,"column":28}},"52":{"start":{"line":53,"column":0},"end":{"line":53,"column":4}},"54":{"start":{"line":55,"column":0},"end":{"line":55,"column":10}},"55":{"start":{"line":56,"column":0},"end":{"line":56,"column":70}},"56":{"start":{"line":57,"column":0},"end":{"line":57,"column":16}},"57":{"start":{"line":58,"column":0},"end":{"line":58,"column":28}},"59":{"start":{"line":60,"column":0},"end":{"line":60,"column":1}},"62":{"start":{"line":63,"column":0},"end":{"line":63,"column":28}},"63":{"start":{"line":64,"column":0},"end":{"line":64,"column":43}},"64":{"start":{"line":65,"column":0},"end":{"line":65,"column":30}},"65":{"start":{"line":66,"column":0},"end":{"line":66,"column":68}},"66":{"start":{"line":67,"column":0},"end":{"line":67,"column":3}},"67":{"start":{"line":68,"column":0},"end":{"line":68,"column":17}},"68":{"start":{"line":69,"column":0},"end":{"line":69,"column":1}}},"s":{"0":0,"10":0,"12":0,"13":0,"14":0,"15":0,"16":0,"18":0,"20":0,"21":0,"23":0,"24":0,"25":0,"27":0,"28":0,"29":0,"31":0,"32":0,"33":0,"34":0,"35":0,"36":0,"38":0,"41":0,"42":0,"43":0,"44":0,"45":0,"46":0,"47":0,"49":0,"50":0,"51":0,"52":0,"54":0,"55":0,"56":0,"57":0,"59":0,"62":0,"63":0,"64":0,"65":0,"66":0,"67":0,"68":0},"branchMap":{"0":{"type":"branch","line":1,"loc":{"start":{"line":1,"column":2043},"end":{"line":69,"column":1}},"locations":[{"start":{"line":1,"column":2043},"end":{"line":69,"column":1}}]}},"b":{"0":[0]},"fnMap":{"0":{"name":"(empty-report)","decl":{"start":{"line":1,"column":2043},"end":{"line":69,"column":1}},"loc":{"start":{"line":1,"column":2043},"end":{"line":69,"column":1}},"line":1}},"f":{"0":0}}
[...]
":55}},"9":{"start":{"line":10,"column":0},"end":{"line":10,"column":109}},"10":{"start":{"line":11,"column":0},"end":{"line":11,"column":53}},"11":{"start":{"line":12,"column":0},"end":{"line":12,"column":118}},"26":{"start":{"line":27,"column":0},"end":{"line":27,"column":23}},"27":{"start":{"line":28,"column":0},"end":{"line":28,"column":19}},"28":{"start":{"line":29,"column":0},"end":{"line":29,"column":19}},"29":{"start":{"line":30,"column":0},"end":{"line":30,"column":22}},"30":{"start":{"line":31,"column":0},"end":{"line":31,"column":20}},"31":{"start":{"line":32,"column":0},"end":{"line":32,"column":20}},"32":{"start":{"line":33,"column":0},"end":{"line":33,"column":11}},"34":{"start":{"line":35,"column":0},"end":{"line":35,"column":57}},"35":{"start":{"line":36,"column":0},"end":{"line":36,"column":21}},"36":{"start":{"line":37,"column":0},"end":{"line":37,"column":25}},"37":{"start":{"line":38,"column":0},"end":{"line":38,"column":28}},"38":{"start":{"line":39,"column":0},"end":{"line":39,"column":25}},"39":{"start":{"line":40,"column":0},"end":{"line":40,"column":25}},"40":{"start":{"line":41,"column":0},"end":{"line":41,"column":2}},"42":{"start":{"line":43,"column":0},"end":{"line":43,"column":42}},"43":{"start":{"line":44,"column":0},"end":{"line":44,"column":39}},"44":{"start":{"line":45,"column":0},"end":{"line":45,"column":33}},"45":{"start":{"line":46,"column":0},"end":{"line":46,"column":58}},"46":{"start":{"line":47,"column":0},"end":{"line":47,"column":85}},"48":{"start":{"line":49,"column":0},"end":{"line":49,"column":59}},"49":{"start":{"line":50,"column":0},"end":{"line":50,"column":30}},"50":{"start":{"line":51,"column":0},"end":{"line":51,"column":26}},"51":{"start":{"line":52,"column":0},"end":{"line":52,"column":72}},"52":{"start":{"line":53,"column":0},"end":{"line":53,"column":27}},"53":{"start":{"line":54,"column":0},"end":{"line":54,"column":6}},"54":{"start":{"line":55,"column":0},"end":{"line":55,"column":5}},"56":{"start":{"line":57,"column":0},"end":{"line":57,"column":38}},"57":{"start":{"line":58,"column":0},"end":{"line":58,"column":71}},"58":{"start":{"line":59,"column":0},"end":{"line":59,"column":22}},"59":{"start":{"line":60,"column":0},"end":{"line":60,"column":67}},"60":{"start":{"line":61,"column":0},"end":{"line":61,"column":6}},"61":{"start":{"line":62,"column":0},"end":{"line":62,"column":5}},"63":{"start":{"line":64,"column":0},"end":{"line":64,"column":27}},"64":{"start":{"line":65,"column":0},"end":{"line":65,"column":31}},"65":{"start":{"line":66,"column":0},"end":{"line":66,"column":26}},"66":{"start":{"line":67,"column":0},"end":{"line":67,"column":4}},"68":{"start":{"line":69,"column":0},"end":{"line":69,"column":48}},"69":{"start":{"line":70,"column":0},"end":{"line":70,"column":36}},"70":{"start":{"line":71,"column":0},"end":{"line":71,"column":26}},"71":{"start":{"line":72,"column":0},"end":{"line":72,"column":4}},"73":{"start":{"line":74,"column":0},"end":{"line":74,"column":50}},"74":{"start":{"line":75,"column":0},"end":{"line":75,"column":104}},"75":{"start":{"line":76,"column":0},"end":{"line":76,"column":42}},"76":{"start":{"line":77,"column":0},"end":{"line":77,"column":5}},"77":{"start":{"line":78,"column":0},"end":{"line":78,"column":4}},"79":{"start":{"line":80,"column":0},"end":{"line":80,"column":35}},"80":{"start":{"line":81,"column":0},"end":{"line":81,"column":27}},"81":{"start":{"line":82,"column":0},"end":{"line":82,"column":31}},"82":{"start":{"line":83,"column":0},"end":{"line":83,"column":4}},"84":{"start":{"line":85,"column":0},"end":{"line":85,"column":47}},"85":{"start":{"line":86,"column":0},"end":{"line":86,"column":28}},"86":{"start":{"line":87,"column":0},"end":{"line":87,"column":43}},"87":{"start":{"line":88,"column":0},"end":{"line":88,"column":24}},"88":{"start":{"line":89,"column":0},"end":{"line":89,"column":22}},"89":{"start":{"line":90,"column":0},"end":{"line":90,"column":22}},"90":{"start":{"line":91,"column":0},"end":{"line":91,"column":4}},"92":{"start":{"line":93,"column":0},"end":{"line":93,"column":47}},"93":{"start":{"line":94,"column":0},"end":{"line":94,"column":32}},"94":{"start":{"line":95,"column":0},"end":{"line":95,"column":61}},"95":{"start":{"line":96,"column":0},"end":{"line":96,"column":22}},"96":{"start":{"line":97,"column":0},"end":{"line":97,"column":21}},"97":{"start":{"line":98,"column":0},"end":{"line":98,"column":21}},"98":{"start":{"line":99,"column":0},"end":{"line":99,"column":7}},"99":{"start":{"line":100,"column":0},"end":{"line":100,"column":4}},"101":{"start":{"line":102,"column":0},"end":{"line":102,"column":10}},"102":{"start":{"line":103,"column":0},"end":{"line":103,"column":15}},"103":{"start":{"line":104,"column":0},"end":{"line":104,"column":57}},"104":{"start":{"line":105,"column":0},"end":{"line":105,"column":13}},"105":{"start":{"line":106,"column":0},"end":{"line":106,"column":55}},"106":{"start":{"line":107,"column":0},"end":{"line":107,"column":71}},"107":{"start":{"line":108,"column":0},"end":{"line":108,"column":41}},"108":{"start":{"line":109,"column":0},"end":{"line":109,"column":14}},"109":{"start":{"line":110,"column":0},"end":{"line":110,"column":14}},"110":{"start":{"line":111,"column":0},"end":{"line":111,"column":110}},"111":{"start":{"line":112,"column":0},"end":{"line":112,"column":12}},"113":{"start":{"line":114,"column":0},"end":{"line":114,"column":21}},"114":{"start":{"line":115,"column":0},"end":{"line":115,"column":42}},"115":{"start":{"line":116,"column":0},"end":{"line":116,"column":131}},"116":{"start":{"line":117,"column":0},"end":{"line":117,"column":14}},"119":{"start":{"line":120,"column":0},"end":{"line":120,"column":17}},"120":{"start":{"line":121,"column":0},"end":{"line":121,"column":115}},"121":{"start":{"line":122,"column":0},"end":{"line":122,"column":64}},"122":{"start":{"line":123,"column":0},"end":{"line":123,"column":114}},"123":{"start":{"line":124,"column":0},"end":{"line":124,"column":14}},"124":{"start":{"line":125,"column":0},"end":{"line":125,"column":14}},"127":{"start":{"line":128,"column":0},"end":{"line":128,"column":49}},"128":{"start":{"line":129,"column":0},"end":{"line":129,"column":42}},"129":{"start":{"line":130,"column":0},"end":{"line":130,"column":132}},"130":{"start":{"line":131,"column":0},"end":{"line":131,"column":55}},"131":{"start":{"line":132,"column":0},"end":{"line":132,"column":82}},"132":{"start":{"line":133,"column":0},"end":{"line":133,"column":19}},"133":{"start":{"line":134,"column":0},"end":{"line":134,"column":14}},"136":{"start":{"line":137,"column":0},"end":{"line":137,"column":47}},"137":{"start":{"line":138,"column":0},"end":{"line":138,"column":30}},"138":{"start":{"line":139,"column":0},"end":{"line":139,"column":88}},"139":{"start":{"line":140,"column":0},"end":{"line":140,"column":23}},"140":{"start":{"line":141,"column":0},"end":{"line":141,"column":24}},"141":{"start":{"line":142,"column":0},"end":{"line":142,"column":69}},"142":{"start":{"line":143,"column":0},"end":{"line":143,"column":67}},"143":{"start":{"line":144,"column":0},"end":{"line":144,"column":68}},"144":{"start":{"line":145,"column":0},"end":{"line":145,"column":76}},"145":{"start":{"line":146,"column":0},"end":{"line":146,"column":73}},"146":{"start":{"line":147,"column":0},"end":{"line":147,"column":73}},"147":{"start":{"line":148,"column":0},"end":{"line":148,"column":43}},"148":{"start":{"line":149,"column":0},"end":{"line":149,"column":25}},"149":{"start":{"line":150,"column":0},"end":{"line":150,"column":24}},"150":{"start":{"line":151,"column":0},"end":{"line":151,"column":23}},"151":{"start":{"line":152,"column":0},"end":{"line":152,"column":46}},"152":{"start":{"line":153,"column":0},"end":{"line":153,"column":45}},"153":{"start":{"line":154,"column":0},"end":{"line":154,"column":73}},"154":{"start":{"line":155,"column":0},"end":{"line":155,"column":53}},"155":{"start":{"line":156,"column":0},"end":{"line":156,"column":30}},"156":{"start":{"line":157,"column":0},"end":{"line":157,"column":53}},"157":{"start":{"line":158,"column":0},"end":{"line":158,"column":61}},"158":{"start":{"line":159,"column":0},"end":{"line":159,"column":30}},"159":{"start":{"line":160,"column":0},"end":{"line":160,"column":29}},"160":{"start":{"line":161,"column":0},"end":{"line":161,"column":67}},"161":{"start":{"line":162,"column":0},"end":{"line":162,"column":91}},"162":{"start":{"line":163,"column":0},"end":{"line":163,"column":28}},"163":{"start":{"line":164,"column":0},"end":{"line":164,"column":30}},"164":{"start":{"line":165,"column":0},"end":{"line":165,"column":55}},"165":{"start":{"line":166,"column":0},"end":{"line":166,"column":57}},"166":{"start":{"line":167,"column":0},"end":{"line":167,"column":30}},"167":{"start":{"line":168,"column":0},"end":{"line":168,"column":55}},"168":{"start":{"line":169,"column":0},"end":{"line":169,"column":59}},"169":{"start":{"line":170,"column":0},"end":{"line":170,"column":30}},"170":{"start":{"line":171,"column":0},"end":{"line":171,"column":55}},"171":{"start":{"line":172,"column":0},"end":{"line":172,"column":42}},"172":{"start":{"line":173,"column":0},"end":{"line":173,"column":113}},"173":{"start":{"line":174,"column":0},"end":{"line":174,"column":28}},"174":{"start":{"line":175,"column":0},"end":{"line":175,"column":30}},"175":{"start":{"line":176,"column":0},"end":{"line":176,"column":29}},"176":{"start":{"line":177,"column":0},"end":{"line":177,"column":62}},"177":{"start":{"line":178,"column":0},"end":{"line":178,"column":32}},"178":{"start":{"line":179,"column":0},"end":{"line":179,"column":83}},"179":{"start":{"line":180,"column":0},"end":{"line":180,"column":69}},"180":{"start":{"line":181,"column":0},"end":{"line":181,"column":41}},"181":{"start":{"line":182,"column":0},"end":{"line":182,"column":58}},"182":{"start":{"line":183,"column":0},"end":{"line":183,"column":78}},"183":{"start":{"line":184,"column":0},"end":{"line":184,"column":77}},"184":{"start":{"line":185,"column":0},"end":{"line":185,"column":41}},"185":{"start":{"line":186,"column":0},"end":{"line":186,"column":80}},"186":{"start":{"line":187,"column":0},"end":{"line":187,"column":79}},"187":{"start":{"line":188,"column":0},"end":{"line":188,"column":41}},"188":{"start":{"line":189,"column":0},"end":{"line":189,"column":39}},"189":{"start":{"line":190,"column":0},"end":{"line":190,"column":33}},"190":{"start":{"line":191,"column":0},"end":{"line":191,"column":26}},"191":{"start":{"line":192,"column":0},"end":{"line":192,"column":30}},"192":{"start":{"line":193,"column":0},"end":{"line":193,"column":27}},"193":{"start":{"line":194,"column":0},"end":{"line":194,"column":17}},"194":{"start":{"line":195,"column":0},"end":{"line":195,"column":24}},"195":{"start":{"line":196,"column":0},"end":{"line":196,"column":18}},"196":{"start":{"line":197,"column":0},"end":{"line":197,"column":14}},"199":{"start":{"line":200,"column":0},"end":{"line":200,"column":26}},"200":{"start":{"line":201,"column":0},"end":{"line":201,"column":29}},"201":{"start":{"line":202,"column":0},"end":{"line":202,"column":35}},"202":{"start":{"line":203,"column":0},"end":{"line":203,"column":37}},"203":{"start":{"line":204,"column":0},"end":{"line":204,"column":8}},"204":{"start":{"line":205,"column":0},"end":{"line":205,"column":16}},"206":{"start":{"line":207,"column":0},"end":{"line":207,"column":1}}},"s":{"0":1,"1":1,"2":1,"3":1,"4":1,"5":1,"6":1,"7":1,"8":1,"9":1,"10":1,"11":1,"26":1,"27":1,"28":1,"29":1,"30":1,"31":1,"32":1,"34":1,"35":1,"36":1,"37":1,"38":1,"39":1,"40":1,"42":31,"43":31,"44":31,"45":31,"46":31,"48":31,"49":31,"50":31,"51":16,"52":14,"53":16,"54":31,"56":31,"57":31,"58":31,"59":1,"60":1,"61":31,"63":31,"64":1,"65":1,"66":1,"68":31,"69":1,"70":1,"71":1,"73":31,"74":2,"75":1,"76":1,"77":2,"79":31,"80":0,"81":0,"82":0,"84":31,"85":21,"86":20,"87":20,"88":20,"89":20,"90":21,"92":31,"93":21,"94":20,"95":20,"96":20,"97":20,"98":20,"99":21,"101":31,"102":31,"103":31,"104":31,"105":31,"106":31,"107":31,"108":31,"109":31,"110":31,"111":31,"113":31,"114":15,"115":15,"116":15,"119":31,"120":1,"121":1,"122":1,"123":1,"124":1,"127":31,"128":3,"129":3,"130":3,"131":3,"132":3,"133":3,"136":31,"137":12,"138":12,"139":12,"140":12,"141":12,"142":12,"143":12,"144":12,"145":12,"146":12,"147":12,"148":12,"149":12,"150":12,"151":12,"152":21,"153":21,"154":21,"155":21,"156":21,"157":21,"158":21,"159":21,"160":21,"161":21,"162":21,"163":21,"164":21,"165":21,"166":21,"167":21,"168":21,"169":21,"170":21,"171":21,"172":21,"173":0,"174":21,"175":21,"176":21,"177":21,"178":21,"179":21,"180":21,"181":21,"182":21,"183":21,"184":21,"185":21,"186":21,"187":21,"188":21,"189":21,"190":21,"191":21,"192":21,"193":12,"194":12,"195":12,"196":12,"199":31,"200":31,"201":31,"202":31,"203":31,"204":31,"206":31},"branchMap":{"0":{"type":"branch","line":43,"loc":{"start":{"line":43,"column":0},"end":{"line":207,"column":1}},"locations":[{"start":{"line":43,"column":0},"end":{"line":207,"column":1}}]},"1":{"type":"branch","line":114,"loc":{"start":{"line":114,"column":7},"end":{"line":117,"column":14}},"locations":[{"start":{"line":114,"column":7},"end":{"line":117,"column":14}}]},"2":{"type":"branch","line":120,"loc":{"start":{"line":120,"column":7},"end":{"line":125,"column":14}},"locations":[{"start":{"line":120,"column":7},"end":{"line":125,"column":14}}]},"3":{"type":"branch","line":128,"loc":{"start":{"line":128,"column":7},"end":{"line":128,"column":49}},"locations":[{"start":{"line":128,"column":7},"end":{"line":128,"column":49}}]},"4":{"type":"branch","line":128,"loc":{"start":{"line":128,"column":43},"end":{"line":134,"column":14}},"locations":[{"start":{"line":128,"column":43},"end":{"line":134,"column":14}}]},"5":{"type":"branch","line":137,"loc":{"start":{"line":137,"column":7},"end":{"line":137,"column":47}},"locations":[{"start":{"line":137,"column":7},"end":{"line":137,"column":47}}]},"6":{"type":"branch","line":137,"loc":{"start":{"line":137,"column":41},"end":{"line":197,"column":14}},"locations":[{"start":{"line":137,"column":41},"end":{"line":197,"column":14}}]},"7":{"type":"branch","line":51,"loc":{"start":{"line":51,"column":13},"end":{"line":54,"column":6}},"locations":[{"start":{"line":51,"column":13},"end":{"line":54,"column":6}}]},"8":{"type":"branch","line":52,"loc":{"start":{"line":52,"column":70},"end":{"line":53,"column":27}},"locations":[{"start":{"line":52,"column":70},"end":{"line":53,"column":27}}]},"9":{"type":"branch","line":58,"loc":{"start":{"line":58,"column":16},"end":{"line":58,"column":71}},"locations":[{"start":{"line":58,"column":16},"end":{"line":58,"column":71}}]},"10":{"type":"branch","line":59,"loc":{"start":{"line":59,"column":15},"end":{"line":61,"column":6}},"locations":[{"start":{"line":59,"column":15},"end":{"line":61,"column":6}}]},"11":{"type":"branch","line":64,"loc":{"start":{"line":64,"column":20},"end":{"line":67,"column":4}},"locations":[{"start":{"line":64,"column":20},"end":{"line":67,"column":4}}]},"12":{"type":"branch","line":69,"loc":{"start":{"line":69,"column":21},"end":{"line":72,"column":4}},"locations":[{"start":{"line":69,"column":21},"end":{"line":72,"column":4}}]},"13":{"type":"branch","line":74,"loc":{"start":{"line":74,"column":23},"end":{"line":78,"column":4}},"locations":[{"start":{"line":74,"column":23},"end":{"line":78,"column":4}}]},"14":{"type":"branch","line":75,"loc":{"start":{"line":75,"column":103},"end":{"line":77,"column":5}},"locations":[{"start":{"line":75,"column":103},"end":{"line":77,"column":5}}]},"15":{"type":"branch","line":85,"loc":{"start":{"line":85,"column":25},"end":{"line":91,"column":4}},"locations":[{"start":{"line":85,"column":25},"end":{"line":91,"column":4}}]},"16":{"type":"branch","line":86,"loc":{"start":{"line":86,"column":17},"end":{"line":86,"column":28}},"locations":[{"start":{"line":86,"column":17},"end":{"line":86,"column":28}}]},"17":{"type":"branch","line":86,"loc":{"start":{"line":86,"column":24},"end":{"line":90,"column":22}},"locations":[{"start":{"line":86,"column":24},"end":{"line":90,"column":22}}]},"18":{"type":"branch","line":93,"loc":{"start":{"line":93,"column":21},"end":{"line":100,"column":4}},"locations":[{"start":{"line":93,"column":21},"end":{"line":100,"column":4}}]},"19":{"type":"branch","line":94,"loc":{"start":{"line":94,"column":21},"end":{"line":94,"column":32}},"locations":[{"start":{"line":94,"column":21},"end":{"line":94,"column":32}}]},"20":{"type":"branch","line":94,"loc":{"start":{"line":94,"column":28},"end":{"line":99,"column":7}},"locations":[{"start":{"line":94,"column":28},"end":{"line":99,"column":7}}]},"21":{"type":"branch","line":152,"loc":{"start":{"line":152,"column":30},"end":{"line":193,"column":27}},"locations":[{"start":{"line":152,"column":30},"end":{"line":193,"column":27}}]},"22":{"type":"branch","line":173,"loc":{"start":{"line":173,"column":97},"end":{"line":173,"column":110}},"locations":[{"start":{"line":173,"column":97},"end":{"line":173,"column":110}}]},"23":{"type":"branch","line":173,"loc":{"start":{"line":173,"column":110},"end":{"line":174,"column":28}},"locations":[{"start":{"line":173,"column":110},"end":{"line":174,"column":28}}]},"24":{"type":"branch","line":183,"loc":{"start":{"line":183,"column":49},"end":{"line":183,"column":78}},"locations":[{"start":{"line":183,"column":49},"end":{"line":183,"column":78}}]},"25":{"type":"branch","line":186,"loc":{"start":{"line":186,"column":49},"end":{"line":186,"column":80}},"locations":[{"start":{"line":186,"column":49},"end":{"line":186,"column":80}}]}},"b":{"0":[31],"1":[15],"2":[1],"3":[15],"4":[3],"5":[15],"6":[12],"7":[16],"8":[14],"9":[1],"10":[1],"11":[1],"12":[1],"13":[2],"14":[1],"15":[21],"16":[1],"17":[20],"18":[21],"19":[1],"20":[20],"21":[21],"22":[0],"23":[0],"24":[1],"25":[2]},"fnMap":{"0":{"name":"WorkOrdersPage","decl":{"start":{"line":43,"column":0},"end":{"line":207,"column":1}},"loc":{"start":{"line":43,"column":0},"end":{"line":207,"column":1}},"line":43},"1":{"name":"queryFn","decl":{"start":{"line":51,"column":13},"end":{"line":54,"column":6}},"loc":{"start":{"line":51,"column":13},"end":{"line":54,"column":6}},"line":51},"2":{"name":"mutationFn","decl":{"start":{"line":58,"column":16},"end":{"line":58,"column":71}},"loc":{"start":{"line":58,"column":16},"end":{"line":58,"column":71}},"line":58},"3":{"name":"onSuccess","decl":{"start":{"line":59,"column":15},"end":{"line":61,"column":6}},"loc":{"start":{"line":59,"column":15},"end":{"line":61,"column":6}},"line":59},"4":{"name":"handleAdd","decl":{"start":{"line":64,"column":20},"end":{"line":67,"column":4}},"loc":{"start":{"line":64,"column":20},"end":{"line":67,"column":4}},"line":64},"5":{"name":"handleEdit","decl":{"start":{"line":69,"column":21},"end":{"line":72,"column":4}},"loc":{"start":{"line":69,"column":21},"end":{"line":72,"column":4}},"line":69},"6":{"name":"handleDelete","decl":{"start":{"line":74,"column":23},"end":{"line":78,"column":4}},"loc":{"start":{"line":74,"column":23},"end":{"line":78,"column":4}},"line":74},"7":{"name":"handleCloseDialog","decl":{"start":{"line":80,"column":28},"end":{"line":83,"column":4}},"loc":{"start":{"line":80,"column":28},"end":{"line":83,"column":4}},"line":80},"8":{"name":"formatCurrency","decl":{"start":{"line":85,"column":25},"end":{"line":91,"column":4}},"loc":{"start":{"line":85,"column":25},"end":{"line":91,"column":4}},"line":85},"9":{"name":"formatDate","decl":{"start":{"line":93,"column":21},"end":{"line":100,"column":4}},"loc":{"start":{"line":93,"column":21},"end":{"line":100,"column":4}},"line":93},"10":{"name":"onClick","decl":{"start":{"line":183,"column":49},"end":{"line":183,"column":78}},"loc":{"start":{"line":183,"column":49},"end":{"line":183,"column":78}},"line":183},"11":{"name":"onClick","decl":{"start":{"line":186,"column":49},"end":{"line":186,"column":80}},"loc":{"start":{"line":186,"column":49},"end":{"line":186,"column":80}},"line":186}},"f":{"0":31,"1":16,"2":1,"3":1,"4":1,"5":1,"6":2,"7":0,"8":21,"9":21,"10":1,"11":2}}
}
